2025-03-07 11:35:29.793 [warning] /home/maguila/.ssh/config: ENOENT: no such file or directory, open '/home/maguila/.ssh/config'
2025-03-07 11:35:29.793 [info] Activation> Extension version: 0.104.1
2025-03-07 11:35:30.131 [info] Looking for git repository
2025-03-07 11:35:30.131 [info] Found 0 repositories during activation
2025-03-07 11:35:30.131 [info] Git repository found, initializing review manager and pr tree view.
2025-03-07 11:35:30.132 [info] Registering git provider
2025-03-07 11:35:56.678 [warning] /home/maguila/.ssh/config: ENOENT: no such file or directory, open '/home/maguila/.ssh/config'
2025-03-07 11:35:56.678 [info] [Activation] Extension version: 0.106.0
2025-03-07 11:35:56.712 [info] [Activation] Looking for git repository
2025-03-07 11:35:56.712 [info] [Activation] Found 0 repositories during activation
2025-03-07 11:35:56.712 [info] [Activation] Git repository found, initializing review manager and pr tree view.
2025-03-07 11:35:59.350 [info] [GitAPI] Registering git provider
2025-03-07 11:35:59.433 [info] [GitAPI] Repository file:///home/maguila/dotfiles has been opened
2025-03-07 11:35:59.601 [info] [Review+0] Validate state in progress
2025-03-07 11:35:59.601 [info] [Review+0] Validating state...
2025-03-07 11:35:59.601 [info] [FolderRepositoryManager+0] Cannot updates repositories as git is uninitialized
2025-03-07 11:35:59.601 [info] [Activation] Repo state for file:///home/maguila/dotfiles changed.
2025-03-07 11:35:59.601 [info] [Activation] Repo file:///home/maguila/dotfiles has already been setup.
2025-03-07 11:35:59.769 [info] [Activation] Git initialization state changed: state=initialized
2025-03-07 11:35:59.770 [info] [Review+0] Validate state in progress
2025-03-07 11:35:59.770 [info] [Review+0] Validating state...
2025-03-07 11:35:59.789 [info] [FolderRepositoryManager+0] Found GitHub remote for folder /home/maguila/dotfiles
2025-03-07 11:35:59.791 [info] [FolderRepositoryManager+0] Trying to use globalState for assignableUsers.
2025-03-07 11:35:59.854 [info] [Review+0] No matching pull request metadata found locally for current branch main
2025-03-07 11:35:59.855 [info] [Review+0] No matching pull request metadata found on GitHub for current branch main
2025-03-07 11:35:59.957 [info] [FolderRepositoryManager+0] GlobalState does not exist for assignableUsers.
