2025-03-07 13:06:08.693 [info] Extension host with pid 4650 started
2025-03-07 13:06:08.694 [info] Skipping acquiring lock for /home/maguila/.config/Code - OSS/User/workspaceStorage/841fa8403054984bb8886c6b0ec9ab64.
2025-03-07 13:06:08.704 [info] ExtensionService#_doActivateExtension vscode.git-base, startup: true, activationEvent: '*', root cause: vscode.git
2025-03-07 13:06:08.714 [info] ExtensionService#_doActivateExtension auiworks.amvim, startup: true, activationEvent: '*'
2025-03-07 13:06:08.774 [info] ExtensionService#_doActivateExtension vscode.git, startup: true, activationEvent: '*'
2025-03-07 13:06:08.879 [info] ExtensionService#_doActivateExtension vscode.github, startup: true, activationEvent: '*'
2025-03-07 13:06:08.984 [info] Eager extensions activated
2025-03-07 13:06:09.202 [info] ExtensionService#_doActivateExtension vscode.debug-auto-launch, startup: false, activationEvent: 'onStartupFinished'
2025-03-07 13:06:09.207 [info] ExtensionService#_doActivateExtension vscode.merge-conflict, startup: false, activationEvent: 'onStartupFinished'
2025-03-07 13:06:09.231 [info] ExtensionService#_doActivateExtension Catppuccin.catppuccin-vsc, startup: false, activationEvent: 'onStartupFinished'
2025-03-07 13:06:09.238 [info] ExtensionService#_doActivateExtension Catppuccin.catppuccin-vsc-icons, startup: false, activationEvent: 'onStartupFinished'
2025-03-07 13:06:09.362 [info] ExtensionService#_doActivateExtension esbenp.prettier-vscode, startup: false, activationEvent: 'onStartupFinished'
2025-03-07 13:06:09.458 [info] ExtensionService#_doActivateExtension formulahendry.code-runner, startup: false, activationEvent: 'onStartupFinished'
2025-03-07 13:06:09.481 [info] ExtensionService#_doActivateExtension vscode.github-authentication, startup: false, activationEvent: 'onStartupFinished', root cause: GitHub.vscode-pull-request-github
2025-03-07 13:06:09.513 [info] ExtensionService#_doActivateExtension PKief.material-icon-theme, startup: false, activationEvent: 'onStartupFinished'
2025-03-07 13:06:09.535 [info] ExtensionService#_doActivateExtension streetsidesoftware.code-spell-checker, startup: false, activationEvent: 'onStartupFinished'
2025-03-07 13:06:09.794 [info] ExtensionService#_doActivateExtension vscode.emmet, startup: false, activationEvent: 'onLanguage'
2025-03-07 13:06:09.865 [info] ExtensionService#_doActivateExtension GitHub.vscode-pull-request-github, startup: false, activationEvent: 'onStartupFinished'
2025-03-07 13:06:10.229 [info] ExtensionService#_doActivateExtension vscode.configuration-editing, startup: false, activationEvent: 'onLanguage:jsonc'
2025-03-07 13:06:10.243 [info] ExtensionService#_doActivateExtension vscode.json-language-features, startup: false, activationEvent: 'onLanguage:jsonc'
2025-03-07 13:06:10.324 [info] ExtensionService#_doActivateExtension vscode.typescript-language-features, startup: false, activationEvent: 'onLanguage:jsonc'
2025-03-07 13:06:10.627 [error] Activating extension GitHub.vscode-pull-request-github failed due to an error:
2025-03-07 13:06:10.627 [error] Error: Extension 'GitHub.vscode-pull-request-github' CANNOT use API proposal: diffCommand.
Its package.json#enabledApiProposals-property declares:  but NOT diffCommand.
 The missing proposal MUST be added and you must start in extension development mode or use the following command line switch: --enable-proposed-api GitHub.vscode-pull-request-github
	at N (file:///usr/lib/code/out/vs/workbench/api/node/extensionHostProcess.js:110:16858)
	at Object.registerDiffInformationCommand (file:///usr/lib/code/out/vs/workbench/api/node/extensionHostProcess.js:172:36966)
	at a2 (/home/maguila/.vscode-oss/extensions/github.vscode-pull-request-github-0.106.0-universal/dist/extension.js:2183:2008)
	at V4 (/home/maguila/.vscode-oss/extensions/github.vscode-pull-request-github-0.106.0-universal/dist/extension.js:2526:4468)
	at j4 (/home/maguila/.vscode-oss/extensions/github.vscode-pull-request-github-0.106.0-universal/dist/extension.js:2526:9077)
	at async B4 (/home/maguila/.vscode-oss/extensions/github.vscode-pull-request-github-0.106.0-universal/dist/extension.js:2526:6080)
	at async aw.n (file:///usr/lib/code/out/vs/workbench/api/node/extensionHostProcess.js:112:4447)
	at async aw.m (file:///usr/lib/code/out/vs/workbench/api/node/extensionHostProcess.js:112:4410)
	at async aw.l (file:///usr/lib/code/out/vs/workbench/api/node/extensionHostProcess.js:112:3866)
2025-03-07 13:06:25.172 [info] Extension host terminating: renderer closed the MessagePort
2025-03-07 13:06:25.203 [error] Canceled: Canceled
	at new XR (file:///usr/lib/code/out/vs/workbench/api/node/extensionHostProcess.js:29:110406)
	at Uy.U (file:///usr/lib/code/out/vs/workbench/api/node/extensionHostProcess.js:29:115016)
	at s.<computed>.n.charCodeAt.s.<computed> (file:///usr/lib/code/out/vs/workbench/api/node/extensionHostProcess.js:29:112510)
	at mw.g (file:///usr/lib/code/out/vs/workbench/api/node/extensionHostProcess.js:112:32221)
	at mw.executeCommand (file:///usr/lib/code/out/vs/workbench/api/node/extensionHostProcess.js:112:31725)
	at r.registerCommand.description (file:///usr/lib/code/out/vs/workbench/api/node/extensionHostProcess.js:112:31055)
	at mw.h (file:///usr/lib/code/out/vs/workbench/api/node/extensionHostProcess.js:112:32741)
	at mw.g (file:///usr/lib/code/out/vs/workbench/api/node/extensionHostProcess.js:112:31818)
	at mw.executeCommand (file:///usr/lib/code/out/vs/workbench/api/node/extensionHostProcess.js:112:31725)
	at Object.executeCommand (file:///usr/lib/code/out/vs/workbench/api/node/extensionHostProcess.js:172:37254)
	at Ah.L [as value] (/usr/lib/code/extensions/git/dist/main.js:2:997602)
	at D.B (file:///usr/lib/code/out/vs/workbench/api/node/extensionHostProcess.js:27:2373)
	at D.C (file:///usr/lib/code/out/vs/workbench/api/node/extensionHostProcess.js:27:2443)
	at D.fire (file:///usr/lib/code/out/vs/workbench/api/node/extensionHostProcess.js:27:2660)
	at Object.p [as dispose] (/usr/lib/code/extensions/git/dist/main.js:2:1020242)
	at /usr/lib/code/extensions/git/dist/main.js:2:1026621
	at Array.forEach (<anonymous>)
	at b.dispose (/usr/lib/code/extensions/git/dist/main.js:2:1026607)
	at cv.<anonymous> (file:///usr/lib/code/out/vs/workbench/api/node/extensionHostProcess.js:106:20084)
	at cv.dispose (file:///usr/lib/code/out/vs/workbench/api/node/extensionHostProcess.js:106:20180)
	at cv.<anonymous> (/usr/lib/code/extensions/git/dist/main.js:2:1000086)
	at cv.dispose (file:///usr/lib/code/out/vs/workbench/api/node/extensionHostProcess.js:106:20180)
	at ui (file:///usr/lib/code/out/vs/workbench/api/node/extensionHostProcess.js:25:699)
	at file:///usr/lib/code/out/vs/workbench/api/node/extensionHostProcess.js:116:14992
	at file:///usr/lib/code/out/vs/workbench/api/node/extensionHostProcess.js:25:1009
	at Object.dispose (file:///usr/lib/code/out/vs/workbench/api/node/extensionHostProcess.js:8:705)
	at PW.eb (file:///usr/lib/code/out/vs/workbench/api/node/extensionHostProcess.js:116:11919)
	at file:///usr/lib/code/out/vs/workbench/api/node/extensionHostProcess.js:116:9874
	at Array.map (<anonymous>)
	at PW.$ (file:///usr/lib/code/out/vs/workbench/api/node/extensionHostProcess.js:116:9862)
	at PW.terminate (file:///usr/lib/code/out/vs/workbench/api/node/extensionHostProcess.js:116:10105)
	at wC.terminate (file:///usr/lib/code/out/vs/workbench/api/node/extensionHostProcess.js:117:1434)
	at ts (file:///usr/lib/code/out/vs/workbench/api/node/extensionHostProcess.js:190:15080)
	at MessagePortMain.<anonymous> (file:///usr/lib/code/out/vs/workbench/api/node/extensionHostProcess.js:190:11628)
	at MessagePortMain.emit (node:events:518:28)
	at MessagePortMain._internalPort.emit (node:electron/js2c/utility_init:2:2949) setContext undefined
2025-03-07 13:06:25.205 [error] Canceled: Canceled
	at new XR (file:///usr/lib/code/out/vs/workbench/api/node/extensionHostProcess.js:29:110406)
	at Uy.U (file:///usr/lib/code/out/vs/workbench/api/node/extensionHostProcess.js:29:115016)
	at s.<computed>.n.charCodeAt.s.<computed> (file:///usr/lib/code/out/vs/workbench/api/node/extensionHostProcess.js:29:112510)
	at mw.g (file:///usr/lib/code/out/vs/workbench/api/node/extensionHostProcess.js:112:32221)
	at mw.executeCommand (file:///usr/lib/code/out/vs/workbench/api/node/extensionHostProcess.js:112:31725)
	at r.registerCommand.description (file:///usr/lib/code/out/vs/workbench/api/node/extensionHostProcess.js:112:31055)
	at mw.h (file:///usr/lib/code/out/vs/workbench/api/node/extensionHostProcess.js:112:32741)
	at mw.g (file:///usr/lib/code/out/vs/workbench/api/node/extensionHostProcess.js:112:31818)
	at mw.executeCommand (file:///usr/lib/code/out/vs/workbench/api/node/extensionHostProcess.js:112:31725)
	at Object.executeCommand (file:///usr/lib/code/out/vs/workbench/api/node/extensionHostProcess.js:172:37254)
	at set hasGitHubRepositories (/usr/lib/code/extensions/github/dist/extension.js:2:344164)
	at /usr/lib/code/extensions/github/dist/extension.js:2:345123
	at Ah.value (/usr/lib/code/extensions/git/dist/main.js:2:1117802)
	at D.B (file:///usr/lib/code/out/vs/workbench/api/node/extensionHostProcess.js:27:2373)
	at D.C (file:///usr/lib/code/out/vs/workbench/api/node/extensionHostProcess.js:27:2443)
	at D.fire (file:///usr/lib/code/out/vs/workbench/api/node/extensionHostProcess.js:27:2660)
	at Object.p [as dispose] (/usr/lib/code/extensions/git/dist/main.js:2:1020242)
	at /usr/lib/code/extensions/git/dist/main.js:2:1026621
	at Array.forEach (<anonymous>)
	at b.dispose (/usr/lib/code/extensions/git/dist/main.js:2:1026607)
	at cv.<anonymous> (file:///usr/lib/code/out/vs/workbench/api/node/extensionHostProcess.js:106:20084)
	at cv.dispose (file:///usr/lib/code/out/vs/workbench/api/node/extensionHostProcess.js:106:20180)
	at cv.<anonymous> (/usr/lib/code/extensions/git/dist/main.js:2:1000086)
	at cv.dispose (file:///usr/lib/code/out/vs/workbench/api/node/extensionHostProcess.js:106:20180)
	at ui (file:///usr/lib/code/out/vs/workbench/api/node/extensionHostProcess.js:25:699)
	at file:///usr/lib/code/out/vs/workbench/api/node/extensionHostProcess.js:116:14992
	at file:///usr/lib/code/out/vs/workbench/api/node/extensionHostProcess.js:25:1009
	at Object.dispose (file:///usr/lib/code/out/vs/workbench/api/node/extensionHostProcess.js:8:705)
	at PW.eb (file:///usr/lib/code/out/vs/workbench/api/node/extensionHostProcess.js:116:11919)
	at file:///usr/lib/code/out/vs/workbench/api/node/extensionHostProcess.js:116:9874
	at Array.map (<anonymous>)
	at PW.$ (file:///usr/lib/code/out/vs/workbench/api/node/extensionHostProcess.js:116:9862)
	at PW.terminate (file:///usr/lib/code/out/vs/workbench/api/node/extensionHostProcess.js:116:10105)
	at wC.terminate (file:///usr/lib/code/out/vs/workbench/api/node/extensionHostProcess.js:117:1434)
	at ts (file:///usr/lib/code/out/vs/workbench/api/node/extensionHostProcess.js:190:15080)
	at MessagePortMain.<anonymous> (file:///usr/lib/code/out/vs/workbench/api/node/extensionHostProcess.js:190:11628)
	at MessagePortMain.emit (node:events:518:28)
	at MessagePortMain._internalPort.emit (node:electron/js2c/utility_init:2:2949) setContext undefined
2025-03-07 13:06:25.206 [error] Canceled: Canceled
	at new XR (file:///usr/lib/code/out/vs/workbench/api/node/extensionHostProcess.js:29:110406)
	at Uy.U (file:///usr/lib/code/out/vs/workbench/api/node/extensionHostProcess.js:29:115016)
	at s.<computed>.n.charCodeAt.s.<computed> (file:///usr/lib/code/out/vs/workbench/api/node/extensionHostProcess.js:29:112510)
	at mw.g (file:///usr/lib/code/out/vs/workbench/api/node/extensionHostProcess.js:112:32221)
	at mw.executeCommand (file:///usr/lib/code/out/vs/workbench/api/node/extensionHostProcess.js:112:31725)
	at r.registerCommand.description (file:///usr/lib/code/out/vs/workbench/api/node/extensionHostProcess.js:112:31055)
	at mw.h (file:///usr/lib/code/out/vs/workbench/api/node/extensionHostProcess.js:112:32741)
	at mw.g (file:///usr/lib/code/out/vs/workbench/api/node/extensionHostProcess.js:112:31818)
	at mw.executeCommand (file:///usr/lib/code/out/vs/workbench/api/node/extensionHostProcess.js:112:31725)
	at Object.executeCommand (file:///usr/lib/code/out/vs/workbench/api/node/extensionHostProcess.js:172:37254)
	at e (/home/maguila/.vscode-oss/extensions/github.vscode-pull-request-github-0.106.0-universal/dist/extension.js:2081:447845)
	at Object.i [as setContext] (/home/maguila/.vscode-oss/extensions/github.vscode-pull-request-github-0.106.0-universal/dist/extension.js:2081:447960)
	at Mf.updateActiveReviewCount (/home/maguila/.vscode-oss/extensions/github.vscode-pull-request-github-0.106.0-universal/dist/extension.js:2190:21287)
	at Mf.removeRepo (/home/maguila/.vscode-oss/extensions/github.vscode-pull-request-github-0.106.0-universal/dist/extension.js:2190:22472)
	at Ah.value (/home/maguila/.vscode-oss/extensions/github.vscode-pull-request-github-0.106.0-universal/dist/extension.js:2526:4265)
	at D.B (file:///usr/lib/code/out/vs/workbench/api/node/extensionHostProcess.js:27:2373)
	at D.fire (file:///usr/lib/code/out/vs/workbench/api/node/extensionHostProcess.js:27:2591)
	at Ah.value (/home/maguila/.vscode-oss/extensions/github.vscode-pull-request-github-0.106.0-universal/dist/extension.js:2081:444625)
	at D.B (file:///usr/lib/code/out/vs/workbench/api/node/extensionHostProcess.js:27:2373)
	at D.fire (file:///usr/lib/code/out/vs/workbench/api/node/extensionHostProcess.js:27:2591)
	at /home/maguila/.vscode-oss/extensions/github.vscode-pull-request-github-0.106.0-universal/dist/extension.js:2190:26488
	at Ah.value (/usr/lib/code/extensions/git/dist/main.js:2:1117802)
	at D.B (file:///usr/lib/code/out/vs/workbench/api/node/extensionHostProcess.js:27:2373)
	at D.C (file:///usr/lib/code/out/vs/workbench/api/node/extensionHostProcess.js:27:2443)
	at D.fire (file:///usr/lib/code/out/vs/workbench/api/node/extensionHostProcess.js:27:2660)
	at Object.p [as dispose] (/usr/lib/code/extensions/git/dist/main.js:2:1020242)
	at /usr/lib/code/extensions/git/dist/main.js:2:1026621
	at Array.forEach (<anonymous>)
	at b.dispose (/usr/lib/code/extensions/git/dist/main.js:2:1026607)
	at cv.<anonymous> (file:///usr/lib/code/out/vs/workbench/api/node/extensionHostProcess.js:106:20084)
	at cv.dispose (file:///usr/lib/code/out/vs/workbench/api/node/extensionHostProcess.js:106:20180)
	at cv.<anonymous> (/usr/lib/code/extensions/git/dist/main.js:2:1000086)
	at cv.dispose (file:///usr/lib/code/out/vs/workbench/api/node/extensionHostProcess.js:106:20180)
	at ui (file:///usr/lib/code/out/vs/workbench/api/node/extensionHostProcess.js:25:699)
	at file:///usr/lib/code/out/vs/workbench/api/node/extensionHostProcess.js:116:14992
	at file:///usr/lib/code/out/vs/workbench/api/node/extensionHostProcess.js:25:1009
	at Object.dispose (file:///usr/lib/code/out/vs/workbench/api/node/extensionHostProcess.js:8:705)
	at PW.eb (file:///usr/lib/code/out/vs/workbench/api/node/extensionHostProcess.js:116:11919)
	at file:///usr/lib/code/out/vs/workbench/api/node/extensionHostProcess.js:116:9874
	at Array.map (<anonymous>)
	at PW.$ (file:///usr/lib/code/out/vs/workbench/api/node/extensionHostProcess.js:116:9862)
	at PW.terminate (file:///usr/lib/code/out/vs/workbench/api/node/extensionHostProcess.js:116:10105)
	at wC.terminate (file:///usr/lib/code/out/vs/workbench/api/node/extensionHostProcess.js:117:1434)
	at ts (file:///usr/lib/code/out/vs/workbench/api/node/extensionHostProcess.js:190:15080)
	at MessagePortMain.<anonymous> (file:///usr/lib/code/out/vs/workbench/api/node/extensionHostProcess.js:190:11628)
	at MessagePortMain.emit (node:events:518:28)
	at MessagePortMain._internalPort.emit (node:electron/js2c/utility_init:2:2949) setContext undefined
2025-03-07 13:06:25.206 [error] Canceled: Canceled
	at new XR (file:///usr/lib/code/out/vs/workbench/api/node/extensionHostProcess.js:29:110406)
	at Uy.U (file:///usr/lib/code/out/vs/workbench/api/node/extensionHostProcess.js:29:115016)
	at s.<computed>.n.charCodeAt.s.<computed> (file:///usr/lib/code/out/vs/workbench/api/node/extensionHostProcess.js:29:112510)
	at mw.g (file:///usr/lib/code/out/vs/workbench/api/node/extensionHostProcess.js:112:32221)
	at mw.executeCommand (file:///usr/lib/code/out/vs/workbench/api/node/extensionHostProcess.js:112:31725)
	at r.registerCommand.description (file:///usr/lib/code/out/vs/workbench/api/node/extensionHostProcess.js:112:31055)
	at mw.h (file:///usr/lib/code/out/vs/workbench/api/node/extensionHostProcess.js:112:32741)
	at mw.g (file:///usr/lib/code/out/vs/workbench/api/node/extensionHostProcess.js:112:31818)
	at mw.executeCommand (file:///usr/lib/code/out/vs/workbench/api/node/extensionHostProcess.js:112:31725)
	at Object.executeCommand (file:///usr/lib/code/out/vs/workbench/api/node/extensionHostProcess.js:172:37254)
	at e (/home/maguila/.vscode-oss/extensions/github.vscode-pull-request-github-0.106.0-universal/dist/extension.js:2081:447845)
	at Object.i [as setContext] (/home/maguila/.vscode-oss/extensions/github.vscode-pull-request-github-0.106.0-universal/dist/extension.js:2081:447960)
	at hf.setReviewModeContexts (/home/maguila/.vscode-oss/extensions/github.vscode-pull-request-github-0.106.0-universal/dist/extension.js:2513:19366)
	at hf.removePrFromView (/home/maguila/.vscode-oss/extensions/github.vscode-pull-request-github-0.106.0-universal/dist/extension.js:2513:19993)
	at Of.clear (/home/maguila/.vscode-oss/extensions/github.vscode-pull-request-github-0.106.0-universal/dist/extension.js:2171:8134)
	at Of.dispose (/home/maguila/.vscode-oss/extensions/github.vscode-pull-request-github-0.106.0-universal/dist/extension.js:2173:188)
	at Ef.removeReviewManager (/home/maguila/.vscode-oss/extensions/github.vscode-pull-request-github-0.106.0-universal/dist/extension.js:2513:51034)
	at Ah.value (/home/maguila/.vscode-oss/extensions/github.vscode-pull-request-github-0.106.0-universal/dist/extension.js:2526:4283)
	at D.B (file:///usr/lib/code/out/vs/workbench/api/node/extensionHostProcess.js:27:2373)
	at D.fire (file:///usr/lib/code/out/vs/workbench/api/node/extensionHostProcess.js:27:2591)
	at Ah.value (/home/maguila/.vscode-oss/extensions/github.vscode-pull-request-github-0.106.0-universal/dist/extension.js:2081:444625)
	at D.B (file:///usr/lib/code/out/vs/workbench/api/node/extensionHostProcess.js:27:2373)
	at D.fire (file:///usr/lib/code/out/vs/workbench/api/node/extensionHostProcess.js:27:2591)
	at /home/maguila/.vscode-oss/extensions/github.vscode-pull-request-github-0.106.0-universal/dist/extension.js:2190:26488
	at Ah.value (/usr/lib/code/extensions/git/dist/main.js:2:1117802)
	at D.B (file:///usr/lib/code/out/vs/workbench/api/node/extensionHostProcess.js:27:2373)
	at D.C (file:///usr/lib/code/out/vs/workbench/api/node/extensionHostProcess.js:27:2443)
	at D.fire (file:///usr/lib/code/out/vs/workbench/api/node/extensionHostProcess.js:27:2660)
	at Object.p [as dispose] (/usr/lib/code/extensions/git/dist/main.js:2:1020242)
	at /usr/lib/code/extensions/git/dist/main.js:2:1026621
	at Array.forEach (<anonymous>)
	at b.dispose (/usr/lib/code/extensions/git/dist/main.js:2:1026607)
	at cv.<anonymous> (file:///usr/lib/code/out/vs/workbench/api/node/extensionHostProcess.js:106:20084)
	at cv.dispose (file:///usr/lib/code/out/vs/workbench/api/node/extensionHostProcess.js:106:20180)
	at cv.<anonymous> (/usr/lib/code/extensions/git/dist/main.js:2:1000086)
	at cv.dispose (file:///usr/lib/code/out/vs/workbench/api/node/extensionHostProcess.js:106:20180)
	at ui (file:///usr/lib/code/out/vs/workbench/api/node/extensionHostProcess.js:25:699)
	at file:///usr/lib/code/out/vs/workbench/api/node/extensionHostProcess.js:116:14992
	at file:///usr/lib/code/out/vs/workbench/api/node/extensionHostProcess.js:25:1009
	at Object.dispose (file:///usr/lib/code/out/vs/workbench/api/node/extensionHostProcess.js:8:705)
	at PW.eb (file:///usr/lib/code/out/vs/workbench/api/node/extensionHostProcess.js:116:11919)
	at file:///usr/lib/code/out/vs/workbench/api/node/extensionHostProcess.js:116:9874
	at Array.map (<anonymous>)
	at PW.$ (file:///usr/lib/code/out/vs/workbench/api/node/extensionHostProcess.js:116:9862)
	at PW.terminate (file:///usr/lib/code/out/vs/workbench/api/node/extensionHostProcess.js:116:10105)
	at wC.terminate (file:///usr/lib/code/out/vs/workbench/api/node/extensionHostProcess.js:117:1434)
	at ts (file:///usr/lib/code/out/vs/workbench/api/node/extensionHostProcess.js:190:15080)
	at MessagePortMain.<anonymous> (file:///usr/lib/code/out/vs/workbench/api/node/extensionHostProcess.js:190:11628)
	at MessagePortMain.emit (node:events:518:28)
	at MessagePortMain._internalPort.emit (node:electron/js2c/utility_init:2:2949) setContext undefined
2025-03-07 13:06:25.207 [error] Canceled: Canceled
	at new XR (file:///usr/lib/code/out/vs/workbench/api/node/extensionHostProcess.js:29:110406)
	at Uy.U (file:///usr/lib/code/out/vs/workbench/api/node/extensionHostProcess.js:29:115016)
	at s.<computed>.n.charCodeAt.s.<computed> (file:///usr/lib/code/out/vs/workbench/api/node/extensionHostProcess.js:29:112510)
	at mw.g (file:///usr/lib/code/out/vs/workbench/api/node/extensionHostProcess.js:112:32221)
	at mw.executeCommand (file:///usr/lib/code/out/vs/workbench/api/node/extensionHostProcess.js:112:31725)
	at r.registerCommand.description (file:///usr/lib/code/out/vs/workbench/api/node/extensionHostProcess.js:112:31055)
	at mw.h (file:///usr/lib/code/out/vs/workbench/api/node/extensionHostProcess.js:112:32741)
	at mw.g (file:///usr/lib/code/out/vs/workbench/api/node/extensionHostProcess.js:112:31818)
	at mw.executeCommand (file:///usr/lib/code/out/vs/workbench/api/node/extensionHostProcess.js:112:31725)
	at Object.executeCommand (file:///usr/lib/code/out/vs/workbench/api/node/extensionHostProcess.js:172:37254)
	at P.clearInputs (/home/maguila/.vscode-oss/extensions/auiworks.amvim-1.37.0-universal/dist/extension.js:1:61637)
	at P.exit (/home/maguila/.vscode-oss/extensions/auiworks.amvim-1.37.0-universal/dist/extension.js:1:61540)
	at P.exit (/home/maguila/.vscode-oss/extensions/auiworks.amvim-1.37.0-universal/dist/extension.js:1:69298)
	at P.dispose (/home/maguila/.vscode-oss/extensions/auiworks.amvim-1.37.0-universal/dist/extension.js:1:61590)
	at /home/maguila/.vscode-oss/extensions/auiworks.amvim-1.37.0-universal/dist/extension.js:1:48273
	at Array.forEach (<anonymous>)
	at t.Dispatcher.dispose (/home/maguila/.vscode-oss/extensions/auiworks.amvim-1.37.0-universal/dist/extension.js:1:48246)
	at ui (file:///usr/lib/code/out/vs/workbench/api/node/extensionHostProcess.js:25:699)
	at file:///usr/lib/code/out/vs/workbench/api/node/extensionHostProcess.js:116:14992
	at file:///usr/lib/code/out/vs/workbench/api/node/extensionHostProcess.js:25:1009
	at Object.dispose (file:///usr/lib/code/out/vs/workbench/api/node/extensionHostProcess.js:8:705)
	at PW.eb (file:///usr/lib/code/out/vs/workbench/api/node/extensionHostProcess.js:116:11919)
	at file:///usr/lib/code/out/vs/workbench/api/node/extensionHostProcess.js:116:9874
	at Array.map (<anonymous>)
	at PW.$ (file:///usr/lib/code/out/vs/workbench/api/node/extensionHostProcess.js:116:9862)
	at PW.terminate (file:///usr/lib/code/out/vs/workbench/api/node/extensionHostProcess.js:116:10105)
	at wC.terminate (file:///usr/lib/code/out/vs/workbench/api/node/extensionHostProcess.js:117:1434)
	at ts (file:///usr/lib/code/out/vs/workbench/api/node/extensionHostProcess.js:190:15080)
	at MessagePortMain.<anonymous> (file:///usr/lib/code/out/vs/workbench/api/node/extensionHostProcess.js:190:11628)
	at MessagePortMain.emit (node:events:518:28)
	at MessagePortMain._internalPort.emit (node:electron/js2c/utility_init:2:2949) setContext undefined
2025-03-07 13:06:25.208 [error] Canceled: Canceled
	at new XR (file:///usr/lib/code/out/vs/workbench/api/node/extensionHostProcess.js:29:110406)
	at Uy.U (file:///usr/lib/code/out/vs/workbench/api/node/extensionHostProcess.js:29:115016)
	at s.<computed>.n.charCodeAt.s.<computed> (file:///usr/lib/code/out/vs/workbench/api/node/extensionHostProcess.js:29:112510)
	at mw.g (file:///usr/lib/code/out/vs/workbench/api/node/extensionHostProcess.js:112:32221)
	at mw.executeCommand (file:///usr/lib/code/out/vs/workbench/api/node/extensionHostProcess.js:112:31725)
	at r.registerCommand.description (file:///usr/lib/code/out/vs/workbench/api/node/extensionHostProcess.js:112:31055)
	at mw.h (file:///usr/lib/code/out/vs/workbench/api/node/extensionHostProcess.js:112:32741)
	at mw.g (file:///usr/lib/code/out/vs/workbench/api/node/extensionHostProcess.js:112:31818)
	at mw.executeCommand (file:///usr/lib/code/out/vs/workbench/api/node/extensionHostProcess.js:112:31725)
	at Object.executeCommand (file:///usr/lib/code/out/vs/workbench/api/node/extensionHostProcess.js:172:37254)
	at x.clearInputs (/home/maguila/.vscode-oss/extensions/auiworks.amvim-1.37.0-universal/dist/extension.js:1:61637)
	at x.exit (/home/maguila/.vscode-oss/extensions/auiworks.amvim-1.37.0-universal/dist/extension.js:1:61540)
	at x.dispose (/home/maguila/.vscode-oss/extensions/auiworks.amvim-1.37.0-universal/dist/extension.js:1:61590)
	at /home/maguila/.vscode-oss/extensions/auiworks.amvim-1.37.0-universal/dist/extension.js:1:48273
	at Array.forEach (<anonymous>)
	at t.Dispatcher.dispose (/home/maguila/.vscode-oss/extensions/auiworks.amvim-1.37.0-universal/dist/extension.js:1:48246)
	at ui (file:///usr/lib/code/out/vs/workbench/api/node/extensionHostProcess.js:25:699)
	at file:///usr/lib/code/out/vs/workbench/api/node/extensionHostProcess.js:116:14992
	at file:///usr/lib/code/out/vs/workbench/api/node/extensionHostProcess.js:25:1009
	at Object.dispose (file:///usr/lib/code/out/vs/workbench/api/node/extensionHostProcess.js:8:705)
	at PW.eb (file:///usr/lib/code/out/vs/workbench/api/node/extensionHostProcess.js:116:11919)
	at file:///usr/lib/code/out/vs/workbench/api/node/extensionHostProcess.js:116:9874
	at Array.map (<anonymous>)
	at PW.$ (file:///usr/lib/code/out/vs/workbench/api/node/extensionHostProcess.js:116:9862)
	at PW.terminate (file:///usr/lib/code/out/vs/workbench/api/node/extensionHostProcess.js:116:10105)
	at wC.terminate (file:///usr/lib/code/out/vs/workbench/api/node/extensionHostProcess.js:117:1434)
	at ts (file:///usr/lib/code/out/vs/workbench/api/node/extensionHostProcess.js:190:15080)
	at MessagePortMain.<anonymous> (file:///usr/lib/code/out/vs/workbench/api/node/extensionHostProcess.js:190:11628)
	at MessagePortMain.emit (node:events:518:28)
	at MessagePortMain._internalPort.emit (node:electron/js2c/utility_init:2:2949) setContext undefined
2025-03-07 13:06:25.208 [error] Canceled: Canceled
	at new XR (file:///usr/lib/code/out/vs/workbench/api/node/extensionHostProcess.js:29:110406)
	at Uy.U (file:///usr/lib/code/out/vs/workbench/api/node/extensionHostProcess.js:29:115016)
	at s.<computed>.n.charCodeAt.s.<computed> (file:///usr/lib/code/out/vs/workbench/api/node/extensionHostProcess.js:29:112510)
	at mw.g (file:///usr/lib/code/out/vs/workbench/api/node/extensionHostProcess.js:112:32221)
	at mw.executeCommand (file:///usr/lib/code/out/vs/workbench/api/node/extensionHostProcess.js:112:31725)
	at r.registerCommand.description (file:///usr/lib/code/out/vs/workbench/api/node/extensionHostProcess.js:112:31055)
	at mw.h (file:///usr/lib/code/out/vs/workbench/api/node/extensionHostProcess.js:112:32741)
	at mw.g (file:///usr/lib/code/out/vs/workbench/api/node/extensionHostProcess.js:112:31818)
	at mw.executeCommand (file:///usr/lib/code/out/vs/workbench/api/node/extensionHostProcess.js:112:31725)
	at Object.executeCommand (file:///usr/lib/code/out/vs/workbench/api/node/extensionHostProcess.js:172:37254)
	at k.clearInputs (/home/maguila/.vscode-oss/extensions/auiworks.amvim-1.37.0-universal/dist/extension.js:1:61637)
	at k.exit (/home/maguila/.vscode-oss/extensions/auiworks.amvim-1.37.0-universal/dist/extension.js:1:61540)
	at k.dispose (/home/maguila/.vscode-oss/extensions/auiworks.amvim-1.37.0-universal/dist/extension.js:1:61590)
	at /home/maguila/.vscode-oss/extensions/auiworks.amvim-1.37.0-universal/dist/extension.js:1:48273
	at Array.forEach (<anonymous>)
	at t.Dispatcher.dispose (/home/maguila/.vscode-oss/extensions/auiworks.amvim-1.37.0-universal/dist/extension.js:1:48246)
	at ui (file:///usr/lib/code/out/vs/workbench/api/node/extensionHostProcess.js:25:699)
	at file:///usr/lib/code/out/vs/workbench/api/node/extensionHostProcess.js:116:14992
	at file:///usr/lib/code/out/vs/workbench/api/node/extensionHostProcess.js:25:1009
	at Object.dispose (file:///usr/lib/code/out/vs/workbench/api/node/extensionHostProcess.js:8:705)
	at PW.eb (file:///usr/lib/code/out/vs/workbench/api/node/extensionHostProcess.js:116:11919)
	at file:///usr/lib/code/out/vs/workbench/api/node/extensionHostProcess.js:116:9874
	at Array.map (<anonymous>)
	at PW.$ (file:///usr/lib/code/out/vs/workbench/api/node/extensionHostProcess.js:116:9862)
	at PW.terminate (file:///usr/lib/code/out/vs/workbench/api/node/extensionHostProcess.js:116:10105)
	at wC.terminate (file:///usr/lib/code/out/vs/workbench/api/node/extensionHostProcess.js:117:1434)
	at ts (file:///usr/lib/code/out/vs/workbench/api/node/extensionHostProcess.js:190:15080)
	at MessagePortMain.<anonymous> (file:///usr/lib/code/out/vs/workbench/api/node/extensionHostProcess.js:190:11628)
	at MessagePortMain.emit (node:events:518:28)
	at MessagePortMain._internalPort.emit (node:electron/js2c/utility_init:2:2949) setContext undefined
2025-03-07 13:06:25.209 [error] Canceled: Canceled
	at new XR (file:///usr/lib/code/out/vs/workbench/api/node/extensionHostProcess.js:29:110406)
	at Uy.U (file:///usr/lib/code/out/vs/workbench/api/node/extensionHostProcess.js:29:115016)
	at s.<computed>.n.charCodeAt.s.<computed> (file:///usr/lib/code/out/vs/workbench/api/node/extensionHostProcess.js:29:112510)
	at mw.g (file:///usr/lib/code/out/vs/workbench/api/node/extensionHostProcess.js:112:32221)
	at mw.executeCommand (file:///usr/lib/code/out/vs/workbench/api/node/extensionHostProcess.js:112:31725)
	at r.registerCommand.description (file:///usr/lib/code/out/vs/workbench/api/node/extensionHostProcess.js:112:31055)
	at mw.h (file:///usr/lib/code/out/vs/workbench/api/node/extensionHostProcess.js:112:32741)
	at mw.g (file:///usr/lib/code/out/vs/workbench/api/node/extensionHostProcess.js:112:31818)
	at mw.executeCommand (file:///usr/lib/code/out/vs/workbench/api/node/extensionHostProcess.js:112:31725)
	at Object.executeCommand (file:///usr/lib/code/out/vs/workbench/api/node/extensionHostProcess.js:172:37254)
	at y.clearInputs (/home/maguila/.vscode-oss/extensions/auiworks.amvim-1.37.0-universal/dist/extension.js:1:61637)
	at y.exit (/home/maguila/.vscode-oss/extensions/auiworks.amvim-1.37.0-universal/dist/extension.js:1:61540)
	at y.exit (/home/maguila/.vscode-oss/extensions/auiworks.amvim-1.37.0-universal/dist/extension.js:1:58321)
	at y.dispose (/home/maguila/.vscode-oss/extensions/auiworks.amvim-1.37.0-universal/dist/extension.js:1:61590)
	at /home/maguila/.vscode-oss/extensions/auiworks.amvim-1.37.0-universal/dist/extension.js:1:48273
	at Array.forEach (<anonymous>)
	at t.Dispatcher.dispose (/home/maguila/.vscode-oss/extensions/auiworks.amvim-1.37.0-universal/dist/extension.js:1:48246)
	at ui (file:///usr/lib/code/out/vs/workbench/api/node/extensionHostProcess.js:25:699)
	at file:///usr/lib/code/out/vs/workbench/api/node/extensionHostProcess.js:116:14992
	at file:///usr/lib/code/out/vs/workbench/api/node/extensionHostProcess.js:25:1009
	at Object.dispose (file:///usr/lib/code/out/vs/workbench/api/node/extensionHostProcess.js:8:705)
	at PW.eb (file:///usr/lib/code/out/vs/workbench/api/node/extensionHostProcess.js:116:11919)
	at file:///usr/lib/code/out/vs/workbench/api/node/extensionHostProcess.js:116:9874
	at Array.map (<anonymous>)
	at PW.$ (file:///usr/lib/code/out/vs/workbench/api/node/extensionHostProcess.js:116:9862)
	at PW.terminate (file:///usr/lib/code/out/vs/workbench/api/node/extensionHostProcess.js:116:10105)
	at wC.terminate (file:///usr/lib/code/out/vs/workbench/api/node/extensionHostProcess.js:117:1434)
	at ts (file:///usr/lib/code/out/vs/workbench/api/node/extensionHostProcess.js:190:15080)
	at MessagePortMain.<anonymous> (file:///usr/lib/code/out/vs/workbench/api/node/extensionHostProcess.js:190:11628)
	at MessagePortMain.emit (node:events:518:28)
	at MessagePortMain._internalPort.emit (node:electron/js2c/utility_init:2:2949) setContext undefined
2025-03-07 13:06:25.209 [error] Canceled: Canceled
	at new XR (file:///usr/lib/code/out/vs/workbench/api/node/extensionHostProcess.js:29:110406)
	at Uy.U (file:///usr/lib/code/out/vs/workbench/api/node/extensionHostProcess.js:29:115016)
	at s.<computed>.n.charCodeAt.s.<computed> (file:///usr/lib/code/out/vs/workbench/api/node/extensionHostProcess.js:29:112510)
	at mw.g (file:///usr/lib/code/out/vs/workbench/api/node/extensionHostProcess.js:112:32221)
	at mw.executeCommand (file:///usr/lib/code/out/vs/workbench/api/node/extensionHostProcess.js:112:31725)
	at r.registerCommand.description (file:///usr/lib/code/out/vs/workbench/api/node/extensionHostProcess.js:112:31055)
	at mw.h (file:///usr/lib/code/out/vs/workbench/api/node/extensionHostProcess.js:112:32741)
	at mw.g (file:///usr/lib/code/out/vs/workbench/api/node/extensionHostProcess.js:112:31818)
	at mw.executeCommand (file:///usr/lib/code/out/vs/workbench/api/node/extensionHostProcess.js:112:31725)
	at Object.executeCommand (file:///usr/lib/code/out/vs/workbench/api/node/extensionHostProcess.js:172:37254)
	at r.clearInputs (/home/maguila/.vscode-oss/extensions/auiworks.amvim-1.37.0-universal/dist/extension.js:1:61637)
	at r.exit (/home/maguila/.vscode-oss/extensions/auiworks.amvim-1.37.0-universal/dist/extension.js:1:61540)
	at r.exit (/home/maguila/.vscode-oss/extensions/auiworks.amvim-1.37.0-universal/dist/extension.js:1:58321)
	at r.dispose (/home/maguila/.vscode-oss/extensions/auiworks.amvim-1.37.0-universal/dist/extension.js:1:61590)
	at /home/maguila/.vscode-oss/extensions/auiworks.amvim-1.37.0-universal/dist/extension.js:1:48273
	at Array.forEach (<anonymous>)
	at t.Dispatcher.dispose (/home/maguila/.vscode-oss/extensions/auiworks.amvim-1.37.0-universal/dist/extension.js:1:48246)
	at ui (file:///usr/lib/code/out/vs/workbench/api/node/extensionHostProcess.js:25:699)
	at file:///usr/lib/code/out/vs/workbench/api/node/extensionHostProcess.js:116:14992
	at file:///usr/lib/code/out/vs/workbench/api/node/extensionHostProcess.js:25:1009
	at Object.dispose (file:///usr/lib/code/out/vs/workbench/api/node/extensionHostProcess.js:8:705)
	at PW.eb (file:///usr/lib/code/out/vs/workbench/api/node/extensionHostProcess.js:116:11919)
	at file:///usr/lib/code/out/vs/workbench/api/node/extensionHostProcess.js:116:9874
	at Array.map (<anonymous>)
	at PW.$ (file:///usr/lib/code/out/vs/workbench/api/node/extensionHostProcess.js:116:9862)
	at PW.terminate (file:///usr/lib/code/out/vs/workbench/api/node/extensionHostProcess.js:116:10105)
	at wC.terminate (file:///usr/lib/code/out/vs/workbench/api/node/extensionHostProcess.js:117:1434)
	at ts (file:///usr/lib/code/out/vs/workbench/api/node/extensionHostProcess.js:190:15080)
	at MessagePortMain.<anonymous> (file:///usr/lib/code/out/vs/workbench/api/node/extensionHostProcess.js:190:11628)
	at MessagePortMain.emit (node:events:518:28)
	at MessagePortMain._internalPort.emit (node:electron/js2c/utility_init:2:2949) setContext undefined
2025-03-07 13:06:25.214 [info] Extension host with pid 4650 exiting with code 0
2025-03-07 13:06:26.680 [info] Extension host with pid 4752 started
2025-03-07 13:06:26.780 [info] ExtensionService#_doActivateExtension vscode.git-base, startup: true, activationEvent: '*', root cause: vscode.git
2025-03-07 13:06:26.790 [info] ExtensionService#_doActivateExtension auiworks.amvim, startup: true, activationEvent: '*'
2025-03-07 13:06:26.841 [info] ExtensionService#_doActivateExtension vscode.git, startup: true, activationEvent: '*'
2025-03-07 13:06:26.932 [info] ExtensionService#_doActivateExtension vscode.github, startup: true, activationEvent: '*'
2025-03-07 13:06:27.021 [info] Eager extensions activated
2025-03-07 13:06:27.033 [info] ExtensionService#_doActivateExtension vscode.debug-auto-launch, startup: false, activationEvent: 'onStartupFinished'
2025-03-07 13:06:27.036 [info] ExtensionService#_doActivateExtension vscode.merge-conflict, startup: false, activationEvent: 'onStartupFinished'
2025-03-07 13:06:27.057 [info] ExtensionService#_doActivateExtension Catppuccin.catppuccin-vsc, startup: false, activationEvent: 'onStartupFinished'
2025-03-07 13:06:27.065 [info] ExtensionService#_doActivateExtension Catppuccin.catppuccin-vsc-icons, startup: false, activationEvent: 'onStartupFinished'
2025-03-07 13:06:27.161 [info] ExtensionService#_doActivateExtension esbenp.prettier-vscode, startup: false, activationEvent: 'onStartupFinished'
2025-03-07 13:06:27.240 [info] ExtensionService#_doActivateExtension formulahendry.code-runner, startup: false, activationEvent: 'onStartupFinished'
2025-03-07 13:06:27.259 [info] ExtensionService#_doActivateExtension vscode.github-authentication, startup: false, activationEvent: 'onStartupFinished', root cause: GitHub.vscode-pull-request-github
2025-03-07 13:06:27.286 [info] ExtensionService#_doActivateExtension PKief.material-icon-theme, startup: false, activationEvent: 'onStartupFinished'
2025-03-07 13:06:27.302 [info] ExtensionService#_doActivateExtension streetsidesoftware.code-spell-checker, startup: false, activationEvent: 'onStartupFinished'
2025-03-07 13:06:27.568 [info] ExtensionService#_doActivateExtension GitHub.vscode-pull-request-github, startup: false, activationEvent: 'onStartupFinished'
2025-03-07 13:06:27.756 [info] ExtensionService#_doActivateExtension vscode.configuration-editing, startup: false, activationEvent: 'onLanguage:jsonc'
2025-03-07 13:06:27.776 [info] ExtensionService#_doActivateExtension vscode.json-language-features, startup: false, activationEvent: 'onLanguage:jsonc'
2025-03-07 13:06:27.846 [info] ExtensionService#_doActivateExtension vscode.typescript-language-features, startup: false, activationEvent: 'onLanguage:jsonc'
2025-03-07 13:06:27.900 [info] ExtensionService#_doActivateExtension vscode.emmet, startup: false, activationEvent: 'onLanguage'
2025-03-07 13:06:28.062 [error] Activating extension GitHub.vscode-pull-request-github failed due to an error:
2025-03-07 13:06:28.062 [error] Error: Extension 'GitHub.vscode-pull-request-github' CANNOT use API proposal: diffCommand.
Its package.json#enabledApiProposals-property declares:  but NOT diffCommand.
 The missing proposal MUST be added and you must start in extension development mode or use the following command line switch: --enable-proposed-api GitHub.vscode-pull-request-github
	at N (file:///usr/lib/code/out/vs/workbench/api/node/extensionHostProcess.js:110:16858)
	at Object.registerDiffInformationCommand (file:///usr/lib/code/out/vs/workbench/api/node/extensionHostProcess.js:172:36966)
	at a2 (/home/maguila/.vscode-oss/extensions/github.vscode-pull-request-github-0.106.0-universal/dist/extension.js:2183:2008)
	at V4 (/home/maguila/.vscode-oss/extensions/github.vscode-pull-request-github-0.106.0-universal/dist/extension.js:2526:4468)
	at j4 (/home/maguila/.vscode-oss/extensions/github.vscode-pull-request-github-0.106.0-universal/dist/extension.js:2526:9077)
	at async B4 (/home/maguila/.vscode-oss/extensions/github.vscode-pull-request-github-0.106.0-universal/dist/extension.js:2526:6080)
	at async aw.n (file:///usr/lib/code/out/vs/workbench/api/node/extensionHostProcess.js:112:4447)
	at async aw.m (file:///usr/lib/code/out/vs/workbench/api/node/extensionHostProcess.js:112:4410)
	at async aw.l (file:///usr/lib/code/out/vs/workbench/api/node/extensionHostProcess.js:112:3866)
2025-03-07 13:06:46.115 [info] Extension host terminating: renderer closed the MessagePort
2025-03-07 13:06:46.149 [error] Canceled: Canceled
	at new XR (file:///usr/lib/code/out/vs/workbench/api/node/extensionHostProcess.js:29:110406)
	at Uy.U (file:///usr/lib/code/out/vs/workbench/api/node/extensionHostProcess.js:29:115016)
	at s.<computed>.n.charCodeAt.s.<computed> (file:///usr/lib/code/out/vs/workbench/api/node/extensionHostProcess.js:29:112510)
	at mw.g (file:///usr/lib/code/out/vs/workbench/api/node/extensionHostProcess.js:112:32221)
	at mw.executeCommand (file:///usr/lib/code/out/vs/workbench/api/node/extensionHostProcess.js:112:31725)
	at r.registerCommand.description (file:///usr/lib/code/out/vs/workbench/api/node/extensionHostProcess.js:112:31055)
	at mw.h (file:///usr/lib/code/out/vs/workbench/api/node/extensionHostProcess.js:112:32741)
	at mw.g (file:///usr/lib/code/out/vs/workbench/api/node/extensionHostProcess.js:112:31818)
	at mw.executeCommand (file:///usr/lib/code/out/vs/workbench/api/node/extensionHostProcess.js:112:31725)
	at Object.executeCommand (file:///usr/lib/code/out/vs/workbench/api/node/extensionHostProcess.js:172:37254)
	at P.clearInputs (/home/maguila/.vscode-oss/extensions/auiworks.amvim-1.37.0-universal/dist/extension.js:1:61637)
	at P.exit (/home/maguila/.vscode-oss/extensions/auiworks.amvim-1.37.0-universal/dist/extension.js:1:61540)
	at P.exit (/home/maguila/.vscode-oss/extensions/auiworks.amvim-1.37.0-universal/dist/extension.js:1:69298)
	at P.dispose (/home/maguila/.vscode-oss/extensions/auiworks.amvim-1.37.0-universal/dist/extension.js:1:61590)
	at /home/maguila/.vscode-oss/extensions/auiworks.amvim-1.37.0-universal/dist/extension.js:1:48273
	at Array.forEach (<anonymous>)
	at t.Dispatcher.dispose (/home/maguila/.vscode-oss/extensions/auiworks.amvim-1.37.0-universal/dist/extension.js:1:48246)
	at ui (file:///usr/lib/code/out/vs/workbench/api/node/extensionHostProcess.js:25:699)
	at file:///usr/lib/code/out/vs/workbench/api/node/extensionHostProcess.js:116:14992
	at file:///usr/lib/code/out/vs/workbench/api/node/extensionHostProcess.js:25:1009
	at Object.dispose (file:///usr/lib/code/out/vs/workbench/api/node/extensionHostProcess.js:8:705)
	at PW.eb (file:///usr/lib/code/out/vs/workbench/api/node/extensionHostProcess.js:116:11919)
	at file:///usr/lib/code/out/vs/workbench/api/node/extensionHostProcess.js:116:9874
	at Array.map (<anonymous>)
	at PW.$ (file:///usr/lib/code/out/vs/workbench/api/node/extensionHostProcess.js:116:9862)
	at PW.terminate (file:///usr/lib/code/out/vs/workbench/api/node/extensionHostProcess.js:116:10105)
	at wC.terminate (file:///usr/lib/code/out/vs/workbench/api/node/extensionHostProcess.js:117:1434)
	at ts (file:///usr/lib/code/out/vs/workbench/api/node/extensionHostProcess.js:190:15080)
	at MessagePortMain.<anonymous> (file:///usr/lib/code/out/vs/workbench/api/node/extensionHostProcess.js:190:11628)
	at MessagePortMain.emit (node:events:518:28)
	at MessagePortMain._internalPort.emit (node:electron/js2c/utility_init:2:2949) setContext undefined
2025-03-07 13:06:46.150 [error] Canceled: Canceled
	at new XR (file:///usr/lib/code/out/vs/workbench/api/node/extensionHostProcess.js:29:110406)
	at Uy.U (file:///usr/lib/code/out/vs/workbench/api/node/extensionHostProcess.js:29:115016)
	at s.<computed>.n.charCodeAt.s.<computed> (file:///usr/lib/code/out/vs/workbench/api/node/extensionHostProcess.js:29:112510)
	at mw.g (file:///usr/lib/code/out/vs/workbench/api/node/extensionHostProcess.js:112:32221)
	at mw.executeCommand (file:///usr/lib/code/out/vs/workbench/api/node/extensionHostProcess.js:112:31725)
	at r.registerCommand.description (file:///usr/lib/code/out/vs/workbench/api/node/extensionHostProcess.js:112:31055)
	at mw.h (file:///usr/lib/code/out/vs/workbench/api/node/extensionHostProcess.js:112:32741)
	at mw.g (file:///usr/lib/code/out/vs/workbench/api/node/extensionHostProcess.js:112:31818)
	at mw.executeCommand (file:///usr/lib/code/out/vs/workbench/api/node/extensionHostProcess.js:112:31725)
	at Object.executeCommand (file:///usr/lib/code/out/vs/workbench/api/node/extensionHostProcess.js:172:37254)
	at x.clearInputs (/home/maguila/.vscode-oss/extensions/auiworks.amvim-1.37.0-universal/dist/extension.js:1:61637)
	at x.exit (/home/maguila/.vscode-oss/extensions/auiworks.amvim-1.37.0-universal/dist/extension.js:1:61540)
	at x.dispose (/home/maguila/.vscode-oss/extensions/auiworks.amvim-1.37.0-universal/dist/extension.js:1:61590)
	at /home/maguila/.vscode-oss/extensions/auiworks.amvim-1.37.0-universal/dist/extension.js:1:48273
	at Array.forEach (<anonymous>)
	at t.Dispatcher.dispose (/home/maguila/.vscode-oss/extensions/auiworks.amvim-1.37.0-universal/dist/extension.js:1:48246)
	at ui (file:///usr/lib/code/out/vs/workbench/api/node/extensionHostProcess.js:25:699)
	at file:///usr/lib/code/out/vs/workbench/api/node/extensionHostProcess.js:116:14992
	at file:///usr/lib/code/out/vs/workbench/api/node/extensionHostProcess.js:25:1009
	at Object.dispose (file:///usr/lib/code/out/vs/workbench/api/node/extensionHostProcess.js:8:705)
	at PW.eb (file:///usr/lib/code/out/vs/workbench/api/node/extensionHostProcess.js:116:11919)
	at file:///usr/lib/code/out/vs/workbench/api/node/extensionHostProcess.js:116:9874
	at Array.map (<anonymous>)
	at PW.$ (file:///usr/lib/code/out/vs/workbench/api/node/extensionHostProcess.js:116:9862)
	at PW.terminate (file:///usr/lib/code/out/vs/workbench/api/node/extensionHostProcess.js:116:10105)
	at wC.terminate (file:///usr/lib/code/out/vs/workbench/api/node/extensionHostProcess.js:117:1434)
	at ts (file:///usr/lib/code/out/vs/workbench/api/node/extensionHostProcess.js:190:15080)
	at MessagePortMain.<anonymous> (file:///usr/lib/code/out/vs/workbench/api/node/extensionHostProcess.js:190:11628)
	at MessagePortMain.emit (node:events:518:28)
	at MessagePortMain._internalPort.emit (node:electron/js2c/utility_init:2:2949) setContext undefined
2025-03-07 13:06:46.151 [error] Canceled: Canceled
	at new XR (file:///usr/lib/code/out/vs/workbench/api/node/extensionHostProcess.js:29:110406)
	at Uy.U (file:///usr/lib/code/out/vs/workbench/api/node/extensionHostProcess.js:29:115016)
	at s.<computed>.n.charCodeAt.s.<computed> (file:///usr/lib/code/out/vs/workbench/api/node/extensionHostProcess.js:29:112510)
	at mw.g (file:///usr/lib/code/out/vs/workbench/api/node/extensionHostProcess.js:112:32221)
	at mw.executeCommand (file:///usr/lib/code/out/vs/workbench/api/node/extensionHostProcess.js:112:31725)
	at r.registerCommand.description (file:///usr/lib/code/out/vs/workbench/api/node/extensionHostProcess.js:112:31055)
	at mw.h (file:///usr/lib/code/out/vs/workbench/api/node/extensionHostProcess.js:112:32741)
	at mw.g (file:///usr/lib/code/out/vs/workbench/api/node/extensionHostProcess.js:112:31818)
	at mw.executeCommand (file:///usr/lib/code/out/vs/workbench/api/node/extensionHostProcess.js:112:31725)
	at Object.executeCommand (file:///usr/lib/code/out/vs/workbench/api/node/extensionHostProcess.js:172:37254)
	at k.clearInputs (/home/maguila/.vscode-oss/extensions/auiworks.amvim-1.37.0-universal/dist/extension.js:1:61637)
	at k.exit (/home/maguila/.vscode-oss/extensions/auiworks.amvim-1.37.0-universal/dist/extension.js:1:61540)
	at k.dispose (/home/maguila/.vscode-oss/extensions/auiworks.amvim-1.37.0-universal/dist/extension.js:1:61590)
	at /home/maguila/.vscode-oss/extensions/auiworks.amvim-1.37.0-universal/dist/extension.js:1:48273
	at Array.forEach (<anonymous>)
	at t.Dispatcher.dispose (/home/maguila/.vscode-oss/extensions/auiworks.amvim-1.37.0-universal/dist/extension.js:1:48246)
	at ui (file:///usr/lib/code/out/vs/workbench/api/node/extensionHostProcess.js:25:699)
	at file:///usr/lib/code/out/vs/workbench/api/node/extensionHostProcess.js:116:14992
	at file:///usr/lib/code/out/vs/workbench/api/node/extensionHostProcess.js:25:1009
	at Object.dispose (file:///usr/lib/code/out/vs/workbench/api/node/extensionHostProcess.js:8:705)
	at PW.eb (file:///usr/lib/code/out/vs/workbench/api/node/extensionHostProcess.js:116:11919)
	at file:///usr/lib/code/out/vs/workbench/api/node/extensionHostProcess.js:116:9874
	at Array.map (<anonymous>)
	at PW.$ (file:///usr/lib/code/out/vs/workbench/api/node/extensionHostProcess.js:116:9862)
	at PW.terminate (file:///usr/lib/code/out/vs/workbench/api/node/extensionHostProcess.js:116:10105)
	at wC.terminate (file:///usr/lib/code/out/vs/workbench/api/node/extensionHostProcess.js:117:1434)
	at ts (file:///usr/lib/code/out/vs/workbench/api/node/extensionHostProcess.js:190:15080)
	at MessagePortMain.<anonymous> (file:///usr/lib/code/out/vs/workbench/api/node/extensionHostProcess.js:190:11628)
	at MessagePortMain.emit (node:events:518:28)
	at MessagePortMain._internalPort.emit (node:electron/js2c/utility_init:2:2949) setContext undefined
2025-03-07 13:06:46.152 [error] Canceled: Canceled
	at new XR (file:///usr/lib/code/out/vs/workbench/api/node/extensionHostProcess.js:29:110406)
	at Uy.U (file:///usr/lib/code/out/vs/workbench/api/node/extensionHostProcess.js:29:115016)
	at s.<computed>.n.charCodeAt.s.<computed> (file:///usr/lib/code/out/vs/workbench/api/node/extensionHostProcess.js:29:112510)
	at mw.g (file:///usr/lib/code/out/vs/workbench/api/node/extensionHostProcess.js:112:32221)
	at mw.executeCommand (file:///usr/lib/code/out/vs/workbench/api/node/extensionHostProcess.js:112:31725)
	at r.registerCommand.description (file:///usr/lib/code/out/vs/workbench/api/node/extensionHostProcess.js:112:31055)
	at mw.h (file:///usr/lib/code/out/vs/workbench/api/node/extensionHostProcess.js:112:32741)
	at mw.g (file:///usr/lib/code/out/vs/workbench/api/node/extensionHostProcess.js:112:31818)
	at mw.executeCommand (file:///usr/lib/code/out/vs/workbench/api/node/extensionHostProcess.js:112:31725)
	at Object.executeCommand (file:///usr/lib/code/out/vs/workbench/api/node/extensionHostProcess.js:172:37254)
	at y.clearInputs (/home/maguila/.vscode-oss/extensions/auiworks.amvim-1.37.0-universal/dist/extension.js:1:61637)
	at y.exit (/home/maguila/.vscode-oss/extensions/auiworks.amvim-1.37.0-universal/dist/extension.js:1:61540)
	at y.exit (/home/maguila/.vscode-oss/extensions/auiworks.amvim-1.37.0-universal/dist/extension.js:1:58321)
	at y.dispose (/home/maguila/.vscode-oss/extensions/auiworks.amvim-1.37.0-universal/dist/extension.js:1:61590)
	at /home/maguila/.vscode-oss/extensions/auiworks.amvim-1.37.0-universal/dist/extension.js:1:48273
	at Array.forEach (<anonymous>)
	at t.Dispatcher.dispose (/home/maguila/.vscode-oss/extensions/auiworks.amvim-1.37.0-universal/dist/extension.js:1:48246)
	at ui (file:///usr/lib/code/out/vs/workbench/api/node/extensionHostProcess.js:25:699)
	at file:///usr/lib/code/out/vs/workbench/api/node/extensionHostProcess.js:116:14992
	at file:///usr/lib/code/out/vs/workbench/api/node/extensionHostProcess.js:25:1009
	at Object.dispose (file:///usr/lib/code/out/vs/workbench/api/node/extensionHostProcess.js:8:705)
	at PW.eb (file:///usr/lib/code/out/vs/workbench/api/node/extensionHostProcess.js:116:11919)
	at file:///usr/lib/code/out/vs/workbench/api/node/extensionHostProcess.js:116:9874
	at Array.map (<anonymous>)
	at PW.$ (file:///usr/lib/code/out/vs/workbench/api/node/extensionHostProcess.js:116:9862)
	at PW.terminate (file:///usr/lib/code/out/vs/workbench/api/node/extensionHostProcess.js:116:10105)
	at wC.terminate (file:///usr/lib/code/out/vs/workbench/api/node/extensionHostProcess.js:117:1434)
	at ts (file:///usr/lib/code/out/vs/workbench/api/node/extensionHostProcess.js:190:15080)
	at MessagePortMain.<anonymous> (file:///usr/lib/code/out/vs/workbench/api/node/extensionHostProcess.js:190:11628)
	at MessagePortMain.emit (node:events:518:28)
	at MessagePortMain._internalPort.emit (node:electron/js2c/utility_init:2:2949) setContext undefined
2025-03-07 13:06:46.153 [error] Canceled: Canceled
	at new XR (file:///usr/lib/code/out/vs/workbench/api/node/extensionHostProcess.js:29:110406)
	at Uy.U (file:///usr/lib/code/out/vs/workbench/api/node/extensionHostProcess.js:29:115016)
	at s.<computed>.n.charCodeAt.s.<computed> (file:///usr/lib/code/out/vs/workbench/api/node/extensionHostProcess.js:29:112510)
	at mw.g (file:///usr/lib/code/out/vs/workbench/api/node/extensionHostProcess.js:112:32221)
	at mw.executeCommand (file:///usr/lib/code/out/vs/workbench/api/node/extensionHostProcess.js:112:31725)
	at r.registerCommand.description (file:///usr/lib/code/out/vs/workbench/api/node/extensionHostProcess.js:112:31055)
	at mw.h (file:///usr/lib/code/out/vs/workbench/api/node/extensionHostProcess.js:112:32741)
	at mw.g (file:///usr/lib/code/out/vs/workbench/api/node/extensionHostProcess.js:112:31818)
	at mw.executeCommand (file:///usr/lib/code/out/vs/workbench/api/node/extensionHostProcess.js:112:31725)
	at Object.executeCommand (file:///usr/lib/code/out/vs/workbench/api/node/extensionHostProcess.js:172:37254)
	at r.clearInputs (/home/maguila/.vscode-oss/extensions/auiworks.amvim-1.37.0-universal/dist/extension.js:1:61637)
	at r.exit (/home/maguila/.vscode-oss/extensions/auiworks.amvim-1.37.0-universal/dist/extension.js:1:61540)
	at r.exit (/home/maguila/.vscode-oss/extensions/auiworks.amvim-1.37.0-universal/dist/extension.js:1:58321)
	at r.dispose (/home/maguila/.vscode-oss/extensions/auiworks.amvim-1.37.0-universal/dist/extension.js:1:61590)
	at /home/maguila/.vscode-oss/extensions/auiworks.amvim-1.37.0-universal/dist/extension.js:1:48273
	at Array.forEach (<anonymous>)
	at t.Dispatcher.dispose (/home/maguila/.vscode-oss/extensions/auiworks.amvim-1.37.0-universal/dist/extension.js:1:48246)
	at ui (file:///usr/lib/code/out/vs/workbench/api/node/extensionHostProcess.js:25:699)
	at file:///usr/lib/code/out/vs/workbench/api/node/extensionHostProcess.js:116:14992
	at file:///usr/lib/code/out/vs/workbench/api/node/extensionHostProcess.js:25:1009
	at Object.dispose (file:///usr/lib/code/out/vs/workbench/api/node/extensionHostProcess.js:8:705)
	at PW.eb (file:///usr/lib/code/out/vs/workbench/api/node/extensionHostProcess.js:116:11919)
	at file:///usr/lib/code/out/vs/workbench/api/node/extensionHostProcess.js:116:9874
	at Array.map (<anonymous>)
	at PW.$ (file:///usr/lib/code/out/vs/workbench/api/node/extensionHostProcess.js:116:9862)
	at PW.terminate (file:///usr/lib/code/out/vs/workbench/api/node/extensionHostProcess.js:116:10105)
	at wC.terminate (file:///usr/lib/code/out/vs/workbench/api/node/extensionHostProcess.js:117:1434)
	at ts (file:///usr/lib/code/out/vs/workbench/api/node/extensionHostProcess.js:190:15080)
	at MessagePortMain.<anonymous> (file:///usr/lib/code/out/vs/workbench/api/node/extensionHostProcess.js:190:11628)
	at MessagePortMain.emit (node:events:518:28)
	at MessagePortMain._internalPort.emit (node:electron/js2c/utility_init:2:2949) setContext undefined
2025-03-07 13:06:46.156 [info] Extension host with pid 4752 exiting with code 0
2025-03-07 13:06:47.606 [info] Extension host with pid 4834 started
2025-03-07 13:06:47.607 [info] Skipping acquiring lock for /home/maguila/.config/Code - OSS/User/workspaceStorage/5df677f5081b4e51657de815ef47fafa.
2025-03-07 13:06:47.690 [info] ExtensionService#_doActivateExtension vscode.git-base, startup: true, activationEvent: '*', root cause: vscode.git
2025-03-07 13:06:47.699 [info] ExtensionService#_doActivateExtension auiworks.amvim, startup: true, activationEvent: '*'
2025-03-07 13:06:47.831 [info] ExtensionService#_doActivateExtension vscode.git, startup: true, activationEvent: '*'
2025-03-07 13:06:47.933 [info] ExtensionService#_doActivateExtension vscode.github, startup: true, activationEvent: '*'
2025-03-07 13:06:48.026 [info] Eager extensions activated
2025-03-07 13:06:48.058 [info] ExtensionService#_doActivateExtension vscode.debug-auto-launch, startup: false, activationEvent: 'onStartupFinished'
2025-03-07 13:06:48.061 [info] ExtensionService#_doActivateExtension vscode.merge-conflict, startup: false, activationEvent: 'onStartupFinished'
2025-03-07 13:06:48.083 [info] ExtensionService#_doActivateExtension Catppuccin.catppuccin-vsc, startup: false, activationEvent: 'onStartupFinished'
2025-03-07 13:06:48.096 [info] ExtensionService#_doActivateExtension Catppuccin.catppuccin-vsc-icons, startup: false, activationEvent: 'onStartupFinished'
2025-03-07 13:06:48.195 [info] ExtensionService#_doActivateExtension esbenp.prettier-vscode, startup: false, activationEvent: 'onStartupFinished'
2025-03-07 13:06:48.276 [info] ExtensionService#_doActivateExtension formulahendry.code-runner, startup: false, activationEvent: 'onStartupFinished'
2025-03-07 13:06:48.293 [info] ExtensionService#_doActivateExtension vscode.github-authentication, startup: false, activationEvent: 'onStartupFinished', root cause: GitHub.vscode-pull-request-github
2025-03-07 13:06:48.322 [info] ExtensionService#_doActivateExtension PKief.material-icon-theme, startup: false, activationEvent: 'onStartupFinished'
2025-03-07 13:06:48.338 [info] ExtensionService#_doActivateExtension streetsidesoftware.code-spell-checker, startup: false, activationEvent: 'onStartupFinished'
2025-03-07 13:06:48.584 [info] ExtensionService#_doActivateExtension GitHub.vscode-pull-request-github, startup: false, activationEvent: 'onStartupFinished'
2025-03-07 13:06:48.780 [info] ExtensionService#_doActivateExtension vscode.configuration-editing, startup: false, activationEvent: 'onLanguage:jsonc'
2025-03-07 13:06:48.798 [info] ExtensionService#_doActivateExtension vscode.json-language-features, startup: false, activationEvent: 'onLanguage:jsonc'
2025-03-07 13:06:48.874 [info] ExtensionService#_doActivateExtension vscode.typescript-language-features, startup: false, activationEvent: 'onLanguage:jsonc'
2025-03-07 13:06:48.944 [info] ExtensionService#_doActivateExtension vscode.emmet, startup: false, activationEvent: 'onLanguage'
2025-03-07 13:06:49.124 [error] Activating extension GitHub.vscode-pull-request-github failed due to an error:
2025-03-07 13:06:49.124 [error] Error: Extension 'GitHub.vscode-pull-request-github' CANNOT use API proposal: diffCommand.
Its package.json#enabledApiProposals-property declares:  but NOT diffCommand.
 The missing proposal MUST be added and you must start in extension development mode or use the following command line switch: --enable-proposed-api GitHub.vscode-pull-request-github
	at N (file:///usr/lib/code/out/vs/workbench/api/node/extensionHostProcess.js:110:16858)
	at Object.registerDiffInformationCommand (file:///usr/lib/code/out/vs/workbench/api/node/extensionHostProcess.js:172:36966)
	at a2 (/home/maguila/.vscode-oss/extensions/github.vscode-pull-request-github-0.106.0-universal/dist/extension.js:2183:2008)
	at V4 (/home/maguila/.vscode-oss/extensions/github.vscode-pull-request-github-0.106.0-universal/dist/extension.js:2526:4468)
	at j4 (/home/maguila/.vscode-oss/extensions/github.vscode-pull-request-github-0.106.0-universal/dist/extension.js:2526:9077)
	at async B4 (/home/maguila/.vscode-oss/extensions/github.vscode-pull-request-github-0.106.0-universal/dist/extension.js:2526:6080)
	at async aw.n (file:///usr/lib/code/out/vs/workbench/api/node/extensionHostProcess.js:112:4447)
	at async aw.m (file:///usr/lib/code/out/vs/workbench/api/node/extensionHostProcess.js:112:4410)
	at async aw.l (file:///usr/lib/code/out/vs/workbench/api/node/extensionHostProcess.js:112:3866)
2025-03-07 13:06:57.534 [info] ExtensionService#_doActivateExtension vscode.html-language-features, startup: false, activationEvent: 'onLanguage:html'
2025-03-07 13:07:00.757 [info] ExtensionService#_doActivateExtension ms-vscode.live-server, startup: false, activationEvent: 'onCommand:livePreview.start.preview.atFile'
2025-03-07 13:08:34.085 [info] ExtensionService#_doActivateExtension vscode.extension-editing, startup: false, activationEvent: 'onLanguage:markdown'
2025-03-07 13:08:34.115 [info] ExtensionService#_doActivateExtension vscode.markdown-language-features, startup: false, activationEvent: 'onLanguage:markdown'
2025-03-07 13:08:34.870 [info] ExtensionService#_doActivateExtension vscode.markdown-math, startup: false, activationEvent: 'api', root cause: vscode.markdown-language-features
2025-03-07 13:09:14.300 [info] Extension host terminating: renderer closed the MessagePort
2025-03-07 13:09:14.351 [error] Canceled: Canceled
	at new XR (file:///usr/lib/code/out/vs/workbench/api/node/extensionHostProcess.js:29:110406)
	at Uy.U (file:///usr/lib/code/out/vs/workbench/api/node/extensionHostProcess.js:29:115016)
	at s.<computed>.n.charCodeAt.s.<computed> (file:///usr/lib/code/out/vs/workbench/api/node/extensionHostProcess.js:29:112510)
	at mw.g (file:///usr/lib/code/out/vs/workbench/api/node/extensionHostProcess.js:112:32221)
	at mw.executeCommand (file:///usr/lib/code/out/vs/workbench/api/node/extensionHostProcess.js:112:31725)
	at r.registerCommand.description (file:///usr/lib/code/out/vs/workbench/api/node/extensionHostProcess.js:112:31055)
	at mw.h (file:///usr/lib/code/out/vs/workbench/api/node/extensionHostProcess.js:112:32741)
	at mw.g (file:///usr/lib/code/out/vs/workbench/api/node/extensionHostProcess.js:112:31818)
	at mw.executeCommand (file:///usr/lib/code/out/vs/workbench/api/node/extensionHostProcess.js:112:31725)
	at Object.executeCommand (file:///usr/lib/code/out/vs/workbench/api/node/extensionHostProcess.js:172:37254)
	at P.clearInputs (/home/maguila/.vscode-oss/extensions/auiworks.amvim-1.37.0-universal/dist/extension.js:1:61637)
	at P.exit (/home/maguila/.vscode-oss/extensions/auiworks.amvim-1.37.0-universal/dist/extension.js:1:61540)
	at P.exit (/home/maguila/.vscode-oss/extensions/auiworks.amvim-1.37.0-universal/dist/extension.js:1:69298)
	at P.dispose (/home/maguila/.vscode-oss/extensions/auiworks.amvim-1.37.0-universal/dist/extension.js:1:61590)
	at /home/maguila/.vscode-oss/extensions/auiworks.amvim-1.37.0-universal/dist/extension.js:1:48273
	at Array.forEach (<anonymous>)
	at t.Dispatcher.dispose (/home/maguila/.vscode-oss/extensions/auiworks.amvim-1.37.0-universal/dist/extension.js:1:48246)
	at ui (file:///usr/lib/code/out/vs/workbench/api/node/extensionHostProcess.js:25:699)
	at file:///usr/lib/code/out/vs/workbench/api/node/extensionHostProcess.js:116:14992
	at file:///usr/lib/code/out/vs/workbench/api/node/extensionHostProcess.js:25:1009
	at Object.dispose (file:///usr/lib/code/out/vs/workbench/api/node/extensionHostProcess.js:8:705)
	at PW.eb (file:///usr/lib/code/out/vs/workbench/api/node/extensionHostProcess.js:116:11919)
	at file:///usr/lib/code/out/vs/workbench/api/node/extensionHostProcess.js:116:9874
	at Array.map (<anonymous>)
	at PW.$ (file:///usr/lib/code/out/vs/workbench/api/node/extensionHostProcess.js:116:9862)
	at PW.terminate (file:///usr/lib/code/out/vs/workbench/api/node/extensionHostProcess.js:116:10105)
	at wC.terminate (file:///usr/lib/code/out/vs/workbench/api/node/extensionHostProcess.js:117:1434)
	at ts (file:///usr/lib/code/out/vs/workbench/api/node/extensionHostProcess.js:190:15080)
	at MessagePortMain.<anonymous> (file:///usr/lib/code/out/vs/workbench/api/node/extensionHostProcess.js:190:11628)
	at MessagePortMain.emit (node:events:518:28)
	at MessagePortMain._internalPort.emit (node:electron/js2c/utility_init:2:2949) setContext undefined
2025-03-07 13:09:14.353 [error] Canceled: Canceled
	at new XR (file:///usr/lib/code/out/vs/workbench/api/node/extensionHostProcess.js:29:110406)
	at Uy.U (file:///usr/lib/code/out/vs/workbench/api/node/extensionHostProcess.js:29:115016)
	at s.<computed>.n.charCodeAt.s.<computed> (file:///usr/lib/code/out/vs/workbench/api/node/extensionHostProcess.js:29:112510)
	at mw.g (file:///usr/lib/code/out/vs/workbench/api/node/extensionHostProcess.js:112:32221)
	at mw.executeCommand (file:///usr/lib/code/out/vs/workbench/api/node/extensionHostProcess.js:112:31725)
	at r.registerCommand.description (file:///usr/lib/code/out/vs/workbench/api/node/extensionHostProcess.js:112:31055)
	at mw.h (file:///usr/lib/code/out/vs/workbench/api/node/extensionHostProcess.js:112:32741)
	at mw.g (file:///usr/lib/code/out/vs/workbench/api/node/extensionHostProcess.js:112:31818)
	at mw.executeCommand (file:///usr/lib/code/out/vs/workbench/api/node/extensionHostProcess.js:112:31725)
	at Object.executeCommand (file:///usr/lib/code/out/vs/workbench/api/node/extensionHostProcess.js:172:37254)
	at x.clearInputs (/home/maguila/.vscode-oss/extensions/auiworks.amvim-1.37.0-universal/dist/extension.js:1:61637)
	at x.exit (/home/maguila/.vscode-oss/extensions/auiworks.amvim-1.37.0-universal/dist/extension.js:1:61540)
	at x.dispose (/home/maguila/.vscode-oss/extensions/auiworks.amvim-1.37.0-universal/dist/extension.js:1:61590)
	at /home/maguila/.vscode-oss/extensions/auiworks.amvim-1.37.0-universal/dist/extension.js:1:48273
	at Array.forEach (<anonymous>)
	at t.Dispatcher.dispose (/home/maguila/.vscode-oss/extensions/auiworks.amvim-1.37.0-universal/dist/extension.js:1:48246)
	at ui (file:///usr/lib/code/out/vs/workbench/api/node/extensionHostProcess.js:25:699)
	at file:///usr/lib/code/out/vs/workbench/api/node/extensionHostProcess.js:116:14992
	at file:///usr/lib/code/out/vs/workbench/api/node/extensionHostProcess.js:25:1009
	at Object.dispose (file:///usr/lib/code/out/vs/workbench/api/node/extensionHostProcess.js:8:705)
	at PW.eb (file:///usr/lib/code/out/vs/workbench/api/node/extensionHostProcess.js:116:11919)
	at file:///usr/lib/code/out/vs/workbench/api/node/extensionHostProcess.js:116:9874
	at Array.map (<anonymous>)
	at PW.$ (file:///usr/lib/code/out/vs/workbench/api/node/extensionHostProcess.js:116:9862)
	at PW.terminate (file:///usr/lib/code/out/vs/workbench/api/node/extensionHostProcess.js:116:10105)
	at wC.terminate (file:///usr/lib/code/out/vs/workbench/api/node/extensionHostProcess.js:117:1434)
	at ts (file:///usr/lib/code/out/vs/workbench/api/node/extensionHostProcess.js:190:15080)
	at MessagePortMain.<anonymous> (file:///usr/lib/code/out/vs/workbench/api/node/extensionHostProcess.js:190:11628)
	at MessagePortMain.emit (node:events:518:28)
	at MessagePortMain._internalPort.emit (node:electron/js2c/utility_init:2:2949) setContext undefined
2025-03-07 13:09:14.354 [error] Canceled: Canceled
	at new XR (file:///usr/lib/code/out/vs/workbench/api/node/extensionHostProcess.js:29:110406)
	at Uy.U (file:///usr/lib/code/out/vs/workbench/api/node/extensionHostProcess.js:29:115016)
	at s.<computed>.n.charCodeAt.s.<computed> (file:///usr/lib/code/out/vs/workbench/api/node/extensionHostProcess.js:29:112510)
	at mw.g (file:///usr/lib/code/out/vs/workbench/api/node/extensionHostProcess.js:112:32221)
	at mw.executeCommand (file:///usr/lib/code/out/vs/workbench/api/node/extensionHostProcess.js:112:31725)
	at r.registerCommand.description (file:///usr/lib/code/out/vs/workbench/api/node/extensionHostProcess.js:112:31055)
	at mw.h (file:///usr/lib/code/out/vs/workbench/api/node/extensionHostProcess.js:112:32741)
	at mw.g (file:///usr/lib/code/out/vs/workbench/api/node/extensionHostProcess.js:112:31818)
	at mw.executeCommand (file:///usr/lib/code/out/vs/workbench/api/node/extensionHostProcess.js:112:31725)
	at Object.executeCommand (file:///usr/lib/code/out/vs/workbench/api/node/extensionHostProcess.js:172:37254)
	at k.clearInputs (/home/maguila/.vscode-oss/extensions/auiworks.amvim-1.37.0-universal/dist/extension.js:1:61637)
	at k.exit (/home/maguila/.vscode-oss/extensions/auiworks.amvim-1.37.0-universal/dist/extension.js:1:61540)
	at k.dispose (/home/maguila/.vscode-oss/extensions/auiworks.amvim-1.37.0-universal/dist/extension.js:1:61590)
	at /home/maguila/.vscode-oss/extensions/auiworks.amvim-1.37.0-universal/dist/extension.js:1:48273
	at Array.forEach (<anonymous>)
	at t.Dispatcher.dispose (/home/maguila/.vscode-oss/extensions/auiworks.amvim-1.37.0-universal/dist/extension.js:1:48246)
	at ui (file:///usr/lib/code/out/vs/workbench/api/node/extensionHostProcess.js:25:699)
	at file:///usr/lib/code/out/vs/workbench/api/node/extensionHostProcess.js:116:14992
	at file:///usr/lib/code/out/vs/workbench/api/node/extensionHostProcess.js:25:1009
	at Object.dispose (file:///usr/lib/code/out/vs/workbench/api/node/extensionHostProcess.js:8:705)
	at PW.eb (file:///usr/lib/code/out/vs/workbench/api/node/extensionHostProcess.js:116:11919)
	at file:///usr/lib/code/out/vs/workbench/api/node/extensionHostProcess.js:116:9874
	at Array.map (<anonymous>)
	at PW.$ (file:///usr/lib/code/out/vs/workbench/api/node/extensionHostProcess.js:116:9862)
	at PW.terminate (file:///usr/lib/code/out/vs/workbench/api/node/extensionHostProcess.js:116:10105)
	at wC.terminate (file:///usr/lib/code/out/vs/workbench/api/node/extensionHostProcess.js:117:1434)
	at ts (file:///usr/lib/code/out/vs/workbench/api/node/extensionHostProcess.js:190:15080)
	at MessagePortMain.<anonymous> (file:///usr/lib/code/out/vs/workbench/api/node/extensionHostProcess.js:190:11628)
	at MessagePortMain.emit (node:events:518:28)
	at MessagePortMain._internalPort.emit (node:electron/js2c/utility_init:2:2949) setContext undefined
2025-03-07 13:09:14.354 [error] Canceled: Canceled
	at new XR (file:///usr/lib/code/out/vs/workbench/api/node/extensionHostProcess.js:29:110406)
	at Uy.U (file:///usr/lib/code/out/vs/workbench/api/node/extensionHostProcess.js:29:115016)
	at s.<computed>.n.charCodeAt.s.<computed> (file:///usr/lib/code/out/vs/workbench/api/node/extensionHostProcess.js:29:112510)
	at mw.g (file:///usr/lib/code/out/vs/workbench/api/node/extensionHostProcess.js:112:32221)
	at mw.executeCommand (file:///usr/lib/code/out/vs/workbench/api/node/extensionHostProcess.js:112:31725)
	at r.registerCommand.description (file:///usr/lib/code/out/vs/workbench/api/node/extensionHostProcess.js:112:31055)
	at mw.h (file:///usr/lib/code/out/vs/workbench/api/node/extensionHostProcess.js:112:32741)
	at mw.g (file:///usr/lib/code/out/vs/workbench/api/node/extensionHostProcess.js:112:31818)
	at mw.executeCommand (file:///usr/lib/code/out/vs/workbench/api/node/extensionHostProcess.js:112:31725)
	at Object.executeCommand (file:///usr/lib/code/out/vs/workbench/api/node/extensionHostProcess.js:172:37254)
	at y.clearInputs (/home/maguila/.vscode-oss/extensions/auiworks.amvim-1.37.0-universal/dist/extension.js:1:61637)
	at y.exit (/home/maguila/.vscode-oss/extensions/auiworks.amvim-1.37.0-universal/dist/extension.js:1:61540)
	at y.exit (/home/maguila/.vscode-oss/extensions/auiworks.amvim-1.37.0-universal/dist/extension.js:1:58321)
	at y.dispose (/home/maguila/.vscode-oss/extensions/auiworks.amvim-1.37.0-universal/dist/extension.js:1:61590)
	at /home/maguila/.vscode-oss/extensions/auiworks.amvim-1.37.0-universal/dist/extension.js:1:48273
	at Array.forEach (<anonymous>)
	at t.Dispatcher.dispose (/home/maguila/.vscode-oss/extensions/auiworks.amvim-1.37.0-universal/dist/extension.js:1:48246)
	at ui (file:///usr/lib/code/out/vs/workbench/api/node/extensionHostProcess.js:25:699)
	at file:///usr/lib/code/out/vs/workbench/api/node/extensionHostProcess.js:116:14992
	at file:///usr/lib/code/out/vs/workbench/api/node/extensionHostProcess.js:25:1009
	at Object.dispose (file:///usr/lib/code/out/vs/workbench/api/node/extensionHostProcess.js:8:705)
	at PW.eb (file:///usr/lib/code/out/vs/workbench/api/node/extensionHostProcess.js:116:11919)
	at file:///usr/lib/code/out/vs/workbench/api/node/extensionHostProcess.js:116:9874
	at Array.map (<anonymous>)
	at PW.$ (file:///usr/lib/code/out/vs/workbench/api/node/extensionHostProcess.js:116:9862)
	at PW.terminate (file:///usr/lib/code/out/vs/workbench/api/node/extensionHostProcess.js:116:10105)
	at wC.terminate (file:///usr/lib/code/out/vs/workbench/api/node/extensionHostProcess.js:117:1434)
	at ts (file:///usr/lib/code/out/vs/workbench/api/node/extensionHostProcess.js:190:15080)
	at MessagePortMain.<anonymous> (file:///usr/lib/code/out/vs/workbench/api/node/extensionHostProcess.js:190:11628)
	at MessagePortMain.emit (node:events:518:28)
	at MessagePortMain._internalPort.emit (node:electron/js2c/utility_init:2:2949) setContext undefined
2025-03-07 13:09:14.355 [error] Canceled: Canceled
	at new XR (file:///usr/lib/code/out/vs/workbench/api/node/extensionHostProcess.js:29:110406)
	at Uy.U (file:///usr/lib/code/out/vs/workbench/api/node/extensionHostProcess.js:29:115016)
	at s.<computed>.n.charCodeAt.s.<computed> (file:///usr/lib/code/out/vs/workbench/api/node/extensionHostProcess.js:29:112510)
	at mw.g (file:///usr/lib/code/out/vs/workbench/api/node/extensionHostProcess.js:112:32221)
	at mw.executeCommand (file:///usr/lib/code/out/vs/workbench/api/node/extensionHostProcess.js:112:31725)
	at r.registerCommand.description (file:///usr/lib/code/out/vs/workbench/api/node/extensionHostProcess.js:112:31055)
	at mw.h (file:///usr/lib/code/out/vs/workbench/api/node/extensionHostProcess.js:112:32741)
	at mw.g (file:///usr/lib/code/out/vs/workbench/api/node/extensionHostProcess.js:112:31818)
	at mw.executeCommand (file:///usr/lib/code/out/vs/workbench/api/node/extensionHostProcess.js:112:31725)
	at Object.executeCommand (file:///usr/lib/code/out/vs/workbench/api/node/extensionHostProcess.js:172:37254)
	at r.clearInputs (/home/maguila/.vscode-oss/extensions/auiworks.amvim-1.37.0-universal/dist/extension.js:1:61637)
	at r.exit (/home/maguila/.vscode-oss/extensions/auiworks.amvim-1.37.0-universal/dist/extension.js:1:61540)
	at r.exit (/home/maguila/.vscode-oss/extensions/auiworks.amvim-1.37.0-universal/dist/extension.js:1:58321)
	at r.dispose (/home/maguila/.vscode-oss/extensions/auiworks.amvim-1.37.0-universal/dist/extension.js:1:61590)
	at /home/maguila/.vscode-oss/extensions/auiworks.amvim-1.37.0-universal/dist/extension.js:1:48273
	at Array.forEach (<anonymous>)
	at t.Dispatcher.dispose (/home/maguila/.vscode-oss/extensions/auiworks.amvim-1.37.0-universal/dist/extension.js:1:48246)
	at ui (file:///usr/lib/code/out/vs/workbench/api/node/extensionHostProcess.js:25:699)
	at file:///usr/lib/code/out/vs/workbench/api/node/extensionHostProcess.js:116:14992
	at file:///usr/lib/code/out/vs/workbench/api/node/extensionHostProcess.js:25:1009
	at Object.dispose (file:///usr/lib/code/out/vs/workbench/api/node/extensionHostProcess.js:8:705)
	at PW.eb (file:///usr/lib/code/out/vs/workbench/api/node/extensionHostProcess.js:116:11919)
	at file:///usr/lib/code/out/vs/workbench/api/node/extensionHostProcess.js:116:9874
	at Array.map (<anonymous>)
	at PW.$ (file:///usr/lib/code/out/vs/workbench/api/node/extensionHostProcess.js:116:9862)
	at PW.terminate (file:///usr/lib/code/out/vs/workbench/api/node/extensionHostProcess.js:116:10105)
	at wC.terminate (file:///usr/lib/code/out/vs/workbench/api/node/extensionHostProcess.js:117:1434)
	at ts (file:///usr/lib/code/out/vs/workbench/api/node/extensionHostProcess.js:190:15080)
	at MessagePortMain.<anonymous> (file:///usr/lib/code/out/vs/workbench/api/node/extensionHostProcess.js:190:11628)
	at MessagePortMain.emit (node:events:518:28)
	at MessagePortMain._internalPort.emit (node:electron/js2c/utility_init:2:2949) setContext undefined
2025-03-07 13:09:14.356 [error] Canceled: Canceled
	at new XR (file:///usr/lib/code/out/vs/workbench/api/node/extensionHostProcess.js:29:110406)
	at Uy.U (file:///usr/lib/code/out/vs/workbench/api/node/extensionHostProcess.js:29:115016)
	at s.<computed>.n.charCodeAt.s.<computed> (file:///usr/lib/code/out/vs/workbench/api/node/extensionHostProcess.js:29:112510)
	at mw.g (file:///usr/lib/code/out/vs/workbench/api/node/extensionHostProcess.js:112:32221)
	at mw.executeCommand (file:///usr/lib/code/out/vs/workbench/api/node/extensionHostProcess.js:112:31725)
	at r.registerCommand.description (file:///usr/lib/code/out/vs/workbench/api/node/extensionHostProcess.js:112:31055)
	at mw.h (file:///usr/lib/code/out/vs/workbench/api/node/extensionHostProcess.js:112:32741)
	at mw.g (file:///usr/lib/code/out/vs/workbench/api/node/extensionHostProcess.js:112:31818)
	at mw.executeCommand (file:///usr/lib/code/out/vs/workbench/api/node/extensionHostProcess.js:112:31725)
	at Object.executeCommand (file:///usr/lib/code/out/vs/workbench/api/node/extensionHostProcess.js:172:37254)
	at Ah.value (/home/maguila/.vscode-oss/extensions/ms-vscode.live-server-0.4.15-universal/out/extension.js:1:76829)
	at D.B (file:///usr/lib/code/out/vs/workbench/api/node/extensionHostProcess.js:27:2373)
	at D.fire (file:///usr/lib/code/out/vs/workbench/api/node/extensionHostProcess.js:27:2591)
	at f.closeServer (/home/maguila/.vscode-oss/extensions/ms-vscode.live-server-0.4.15-universal/out/extension.js:1:86719)
	at f.dispose (/home/maguila/.vscode-oss/extensions/ms-vscode.live-server-0.4.15-universal/out/extension.js:1:89016)
	at /home/maguila/.vscode-oss/extensions/ms-vscode.live-server-0.4.15-universal/out/extension.js:1:71726
	at Map.forEach (<anonymous>)
	at b.closeAllServers (/home/maguila/.vscode-oss/extensions/ms-vscode.live-server-0.4.15-universal/out/extension.js:1:71711)
	at b.dispose (/home/maguila/.vscode-oss/extensions/ms-vscode.live-server-0.4.15-universal/out/extension.js:1:71754)
	at t.deactivate (/home/maguila/.vscode-oss/extensions/ms-vscode.live-server-0.4.15-universal/out/extension.js:1:64725)
	at PW.eb (file:///usr/lib/code/out/vs/workbench/api/node/extensionHostProcess.js:116:11724)
	at file:///usr/lib/code/out/vs/workbench/api/node/extensionHostProcess.js:116:9874
	at Array.map (<anonymous>)
	at PW.$ (file:///usr/lib/code/out/vs/workbench/api/node/extensionHostProcess.js:116:9862)
	at PW.terminate (file:///usr/lib/code/out/vs/workbench/api/node/extensionHostProcess.js:116:10105)
	at wC.terminate (file:///usr/lib/code/out/vs/workbench/api/node/extensionHostProcess.js:117:1434)
	at ts (file:///usr/lib/code/out/vs/workbench/api/node/extensionHostProcess.js:190:15080)
	at MessagePortMain.<anonymous> (file:///usr/lib/code/out/vs/workbench/api/node/extensionHostProcess.js:190:11628)
	at MessagePortMain.emit (node:events:518:28)
	at MessagePortMain._internalPort.emit (node:electron/js2c/utility_init:2:2949) setContext undefined
2025-03-07 13:09:14.362 [info] Extension host with pid 4834 exiting with code 0
