2025-02-28 11:44:47.316 [info] [main] Log level: Info
2025-02-28 11:44:47.316 [info] [main] Validating found git in: "git"
2025-02-28 11:44:47.316 [info] [main] Using git "2.48.1" from "git"
2025-02-28 11:44:47.316 [info] [Model][doInitialScan] Initial repository scan started
2025-02-28 11:44:47.316 [info] > git rev-parse --show-toplevel [11ms]
2025-02-28 11:44:47.316 [info] > git rev-parse --git-dir --git-common-dir [178ms]
2025-02-28 11:44:47.316 [info] [Model][openRepository] Opened repository: /home/maguila/gitRepos/Learning-JavaScript
2025-02-28 11:44:47.347 [info] > git config --get commit.template [17ms]
2025-02-28 11:44:47.352 [info] > git rev-parse --show-toplevel [9ms]
2025-02-28 11:44:47.353 [info] [Model][doInitialScan] Initial repository scan completed - repositories (1), closed repositories (0), parent repositories (0), unsafe repositories (0)
2025-02-28 11:44:47.370 [info] > git for-each-ref --format=%(refname)%00%(upstream:short)%00%(objectname)%00%(upstream:track)%00%(upstream:remotename)%00%(upstream:remoteref) refs/heads/main refs/remotes/main [4ms]
2025-02-28 11:44:47.455 [info] > git status -z -uall [13ms]
2025-02-28 11:44:47.669 [info] > git for-each-ref --sort -committerdate --format %(refname) %(objectname) %(*objectname) [216ms]
2025-02-28 11:44:47.739 [info] > git for-each-ref --format=%(refname)%00%(upstream:short)%00%(objectname)%00%(upstream:track)%00%(upstream:remotename)%00%(upstream:remoteref) refs/heads/main refs/remotes/main [50ms]
2025-02-28 11:44:47.763 [info] > git config --get --local branch.main.vscode-merge-base [12ms]
2025-02-28 11:44:47.776 [info] > git config --get commit.template [39ms]
2025-02-28 11:44:47.783 [info] > git for-each-ref --format=%(refname)%00%(upstream:short)%00%(objectname)%00%(upstream:track)%00%(upstream:remotename)%00%(upstream:remoteref) refs/heads/origin/main refs/remotes/origin/main [9ms]
2025-02-28 11:44:47.836 [info] > git for-each-ref --format=%(refname)%00%(upstream:short)%00%(objectname)%00%(upstream:track)%00%(upstream:remotename)%00%(upstream:remoteref) refs/heads/main refs/remotes/main [29ms]
2025-02-28 11:44:47.836 [info] > git merge-base refs/heads/main refs/remotes/origin/main [41ms]
2025-02-28 11:44:47.850 [info] > git diff --name-status -z --diff-filter=ADMR 398c432d93eadcb9064658f837d1da9229831cbb...refs/remotes/origin/main [3ms]
2025-02-28 11:44:47.882 [info] > git status -z -uall [20ms]
2025-02-28 11:44:47.883 [info] > git for-each-ref --sort -committerdate --format %(refname) %(objectname) %(*objectname) [10ms]
2025-02-28 11:44:47.940 [info] > git config --get --local branch.main.github-pr-owner-number [2ms]
2025-02-28 11:44:47.940 [warning] [Git][config] git config failed: Failed to execute git
2025-02-28 11:44:50.970 [info] > git log --format=%H%n%aN%n%aE%n%at%n%ct%n%P%n%D%n%B -z --shortstat --diff-merges=first-parent -n50 --skip=0 --topo-order --decorate=full --stdin [16ms]
2025-02-28 11:44:51.705 [info] > git check-ignore -v -z --stdin [3ms]
2025-02-28 11:44:55.727 [info] > git check-ignore -v -z --stdin [2ms]
2025-02-28 11:45:17.933 [info] > git show --textconv :JavaScript Course/JS Files/index.html [22ms]
2025-02-28 11:45:17.936 [info] > git ls-files --stage -- /home/maguila/gitRepos/Learning-JavaScript/JavaScript Course/JS Files/index.html [4ms]
2025-02-28 11:45:17.956 [info] > git cat-file -s bd7ac0001d7cfd3ce7da2e4d21880c35a20dc574 [6ms]
2025-02-28 11:45:18.005 [info] > git blame --root --incremental 398c432d93eadcb9064658f837d1da9229831cbb -- /home/maguila/gitRepos/Learning-JavaScript/JavaScript Course/JS Files/index.html [8ms]
