2/10/2025, 3:04:12 PM CST 0: 

----------------------------------------------
2/10/2025, 3:04:12 PM CST 1: Discord starting: {"releaseChannel":"stable","version":"0.0.84"}, modulepath: /home/maguila/.config/discord/0.0.84/modules
2/10/2025, 3:04:12 PM CST 2: ✅ webContents.created web1 ""
2/10/2025, 3:04:12 PM CST 3: ✅ window.created win1 "discord"
2/10/2025, 3:04:13 PM CST 4: ✅ webContents.did-finish-load web1
2/10/2025, 3:04:23 PM CST 5: ✅ webContents.created web2 ""
2/10/2025, 3:04:23 PM CST 6: ✅ window.created win2 "Discord"
2/10/2025, 3:04:28 PM CST 7: ✅ webContents.did-finish-load web2
2/10/2025, 3:04:28 PM CST 8: window.close win1
2/10/2025, 3:04:28 PM CST 9: webContents.destroyed web1
2/10/2025, 3:04:28 PM CST 10: window.closed win1
2/10/2025, 3:05:32 PM CST 11: window.close win2
2/10/2025, 3:05:38 PM CST 0: 

----------------------------------------------
2/10/2025, 3:42:33 PM CST 12: window.close win2
2/10/2025, 3:44:07 PM CST 13: before-quit
2/10/2025, 3:53:47 PM CST 0: 

----------------------------------------------
2/10/2025, 3:53:47 PM CST 1: Discord starting: {"releaseChannel":"stable","version":"0.0.84"}, modulepath: /home/maguila/.config/discord/0.0.84/modules
2/10/2025, 3:53:47 PM CST 2: ✅ webContents.created web1 ""
2/10/2025, 3:53:47 PM CST 3: ✅ window.created win1 "discord"
2/10/2025, 3:53:48 PM CST 4: ✅ webContents.did-finish-load web1
2/10/2025, 3:53:48 PM CST 5: ✅ webContents.created web2 ""
2/10/2025, 3:53:48 PM CST 6: ✅ window.created win2 "Discord"
2/10/2025, 3:53:53 PM CST 7: ✅ webContents.did-finish-load web2
2/10/2025, 3:53:53 PM CST 8: window.close win1
2/10/2025, 3:53:53 PM CST 9: webContents.destroyed web1
2/10/2025, 3:53:54 PM CST 10: window.closed win1
2/10/2025, 3:53:55 PM CST 11: window.close win2
2/10/2025, 4:06:54 PM CST 0: 

----------------------------------------------
2/10/2025, 4:06:54 PM CST 1: Discord starting: {"releaseChannel":"stable","version":"0.0.84"}, modulepath: /home/maguila/.config/discord/0.0.84/modules
2/10/2025, 4:06:54 PM CST 2: ✅ webContents.created web1 ""
2/10/2025, 4:06:54 PM CST 3: ✅ window.created win1 "discord"
2/10/2025, 4:06:55 PM CST 4: ✅ webContents.did-finish-load web1
2/10/2025, 4:06:58 PM CST 5: window.close win1
2/11/2025, 12:02:12 AM CST 0: 

----------------------------------------------
2/11/2025, 12:02:12 AM CST 1: Discord starting: {"releaseChannel":"stable","version":"0.0.84"}, modulepath: /home/maguila/.config/discord/0.0.84/modules
2/11/2025, 12:02:12 AM CST 2: ✅ webContents.created web1 ""
2/11/2025, 12:02:12 AM CST 3: ✅ window.created win1 "discord"
2/11/2025, 12:02:13 AM CST 4: ✅ webContents.did-finish-load web1
2/11/2025, 12:02:16 AM CST 5: window.close win1
2/11/2025, 12:02:16 AM CST 6: webContents.destroyed web1
2/11/2025, 12:05:50 AM CST 0: 

----------------------------------------------
2/11/2025, 12:05:50 AM CST 1: Discord starting: {"releaseChannel":"stable","version":"0.0.84"}, modulepath: /home/maguila/.config/discord/0.0.84/modules
2/11/2025, 12:05:50 AM CST 2: ✅ webContents.created web1 ""
2/11/2025, 12:05:50 AM CST 3: ✅ window.created win1 "discord"
2/11/2025, 12:05:50 AM CST 4: ✅ webContents.did-finish-load web1
2/11/2025, 12:05:56 AM CST 5: window.close win1
2/11/2025, 12:05:56 AM CST 6: webContents.destroyed web1
2/24/2025, 12:03:37 PM CST 0: 

----------------------------------------------
2/24/2025, 12:03:37 PM CST 1: Discord starting: {"releaseChannel":"stable","version":"0.0.84"}, modulepath: /home/maguila/.config/discord/0.0.84/modules
2/24/2025, 12:03:37 PM CST 2: ✅ webContents.created web1 ""
2/24/2025, 12:03:37 PM CST 3: ✅ window.created win1 "discord"
2/24/2025, 12:03:37 PM CST 4: ✅ webContents.did-finish-load web1
2/24/2025, 12:03:40 PM CST 5: window.close win1
2/24/2025, 12:03:40 PM CST 6: webContents.destroyed web1
2/28/2025, 12:43:11 PM CST 0: 

----------------------------------------------
2/28/2025, 12:43:11 PM CST 1: Discord starting: {"releaseChannel":"stable","version":"0.0.84"}, modulepath: /home/maguila/.config/discord/0.0.84/modules
2/28/2025, 12:43:11 PM CST 2: ✅ webContents.created web1 ""
2/28/2025, 12:43:11 PM CST 3: ✅ window.created win1 "discord"
2/28/2025, 12:43:11 PM CST 4: ✅ webContents.did-finish-load web1
2/28/2025, 12:43:13 PM CST 5: window.close win1
2/28/2025, 12:43:13 PM CST 6: webContents.destroyed web1
