2025-03-07 13:06:10.509 [info] Reading sessions from keychain...
2025-03-07 13:06:10.509 [info] Getting sessions for all scopes...
2025-03-07 13:06:10.509 [info] Getting sessions for all scopes...
2025-03-07 13:06:10.509 [info] Got stored sessions!
2025-03-07 13:06:10.509 [info] Got 1 verified sessions.
2025-03-07 13:06:10.509 [info] Got 1 sessions for ...
2025-03-07 13:06:10.509 [info] Got 1 sessions for ...
2025-03-07 13:06:10.509 [info] Getting sessions for read:user,repo,user:email,workflow...
2025-03-07 13:06:10.509 [info] Got 1 sessions for read:user,repo,user:email,workflow...
2025-03-07 13:06:10.509 [info] Getting sessions for project,read:org,read:user,repo,user:email,workflow...
2025-03-07 13:06:10.509 [info] Got 0 sessions for project,read:org,read:user,repo,user:email,workflow...
2025-03-07 13:06:10.509 [info] Getting sessions for all scopes...
2025-03-07 13:06:10.509 [info] Got 1 sessions for ...
2025-03-07 13:06:10.532 [info] Getting sessions for read:user,repo,user:email,workflow...
2025-03-07 13:06:10.532 [info] Got 1 sessions for read:user,repo,user:email,workflow...
2025-03-07 13:06:10.580 [info] Getting sessions for read:user,repo,user:email...
2025-03-07 13:06:10.580 [info] Got 0 sessions for read:user,repo,user:email...
2025-03-07 13:06:10.583 [info] Getting sessions for read:user,repo,user:email,workflow...
2025-03-07 13:06:10.583 [info] Got 1 sessions for read:user,repo,user:email,workflow...
2025-03-07 13:06:27.718 [info] Reading sessions from keychain...
2025-03-07 13:06:27.718 [info] Getting sessions for all scopes...
2025-03-07 13:06:27.718 [info] Getting sessions for all scopes...
2025-03-07 13:06:27.718 [info] Got stored sessions!
2025-03-07 13:06:27.718 [info] Got 1 verified sessions.
2025-03-07 13:06:27.718 [info] Got 1 sessions for ...
2025-03-07 13:06:27.718 [info] Got 1 sessions for ...
2025-03-07 13:06:27.729 [info] Getting sessions for project,read:org,read:user,repo,user:email,workflow...
2025-03-07 13:06:27.729 [info] Got 0 sessions for project,read:org,read:user,repo,user:email,workflow...
2025-03-07 13:06:27.983 [info] Getting sessions for read:user,repo,user:email,workflow...
2025-03-07 13:06:27.983 [info] Got 1 sessions for read:user,repo,user:email,workflow...
2025-03-07 13:06:28.038 [info] Getting sessions for read:user,repo,user:email...
2025-03-07 13:06:28.038 [info] Got 0 sessions for read:user,repo,user:email...
2025-03-07 13:06:28.041 [info] Getting sessions for read:user,repo,user:email,workflow...
2025-03-07 13:06:28.041 [info] Got 1 sessions for read:user,repo,user:email,workflow...
2025-03-07 13:06:28.326 [info] Getting sessions for all scopes...
2025-03-07 13:06:28.326 [info] Got 1 sessions for ...
2025-03-07 13:06:48.765 [info] Reading sessions from keychain...
2025-03-07 13:06:48.765 [info] Getting sessions for all scopes...
2025-03-07 13:06:48.765 [info] Getting sessions for all scopes...
2025-03-07 13:06:48.765 [info] Got stored sessions!
2025-03-07 13:06:48.765 [info] Got 1 verified sessions.
2025-03-07 13:06:48.765 [info] Got 1 sessions for ...
2025-03-07 13:06:48.765 [info] Got 1 sessions for ...
2025-03-07 13:06:48.967 [info] Getting sessions for project,read:org,read:user,repo,user:email,workflow...
2025-03-07 13:06:48.967 [info] Got 0 sessions for project,read:org,read:user,repo,user:email,workflow...
2025-03-07 13:06:49.069 [info] Getting sessions for read:user,repo,user:email,workflow...
2025-03-07 13:06:49.069 [info] Got 1 sessions for read:user,repo,user:email,workflow...
2025-03-07 13:06:49.094 [info] Getting sessions for read:user,repo,user:email...
2025-03-07 13:06:49.094 [info] Got 0 sessions for read:user,repo,user:email...
2025-03-07 13:06:49.097 [info] Getting sessions for read:user,repo,user:email,workflow...
2025-03-07 13:06:49.097 [info] Got 1 sessions for read:user,repo,user:email,workflow...
2025-03-07 13:06:49.246 [info] Getting sessions for all scopes...
2025-03-07 13:06:49.246 [info] Got 1 sessions for ...
