2025-03-05 09:20:41.385 [info] [main] Log level: Info
2025-03-05 09:20:41.385 [info] [main] Validating found git in: "git"
2025-03-05 09:20:41.385 [info] [main] Using git "2.48.1" from "git"
2025-03-05 09:20:41.385 [info] [Model][doInitialScan] Initial repository scan started
2025-03-05 09:20:41.385 [info] [Model][doInitialScan] Initial repository scan completed - repositories (0), closed repositories (0), parent repositories (0), unsafe repositories (0)
2025-03-05 09:22:53.765 [info] > git clone https://github.com/DuckyMomo11/DuckyMomo-Hyprland-Dotfiles.git /home/maguila/configs/DuckyMomo-Hyprland-Dotfiles --progress [365ms]
2025-03-05 09:22:53.765 [info] Cloning into '/home/maguila/configs/DuckyMomo-Hyprland-Dotfiles'...
remote: Enumerating objects: 3, done.        
remote: Counting objects:  33% (1/3)        remote: Counting objects:  66% (2/3)        remote: Counting objects: 100% (3/3)        remote: Counting objects: 100% (3/3), done.        
remote: Total 3 (delta 0), reused 3 (delta 0), pack-reused 0 (from 0)        
Receiving objects:  33% (1/3)Receiving objects:  66% (2/3)Receiving objects: 100% (3/3)Receiving objects: 100% (3/3), done.
2025-03-05 09:23:03.017 [info] [main] Log level: Info
2025-03-05 09:23:03.017 [info] [main] Validating found git in: "git"
2025-03-05 09:23:03.017 [info] [main] Using git "2.48.1" from "git"
2025-03-05 09:23:03.017 [info] [Model][doInitialScan] Initial repository scan started
2025-03-05 09:23:03.017 [info] > git rev-parse --show-toplevel [140ms]
2025-03-05 09:23:03.018 [info] > git rev-parse --git-dir --git-common-dir [6ms]
2025-03-05 09:23:03.037 [info] [Model][openRepository] Opened repository: /home/maguila/configs/DuckyMomo-Hyprland-Dotfiles
2025-03-05 09:23:03.039 [info] [Model][doInitialScan] Initial repository scan completed - repositories (1), closed repositories (0), parent repositories (0), unsafe repositories (0)
2025-03-05 09:23:03.063 [info] > git config --get commit.template [6ms]
2025-03-05 09:23:03.120 [info] > git for-each-ref --format=%(refname)%00%(upstream:short)%00%(objectname)%00%(upstream:track)%00%(upstream:remotename)%00%(upstream:remoteref) refs/heads/main refs/remotes/main [7ms]
2025-03-05 09:23:03.137 [warning] [Git][revParse] Unable to read file: ENOENT: no such file or directory, open '/home/maguila/configs/DuckyMomo-Hyprland-Dotfiles/.git/refs/remotes/origin/main'
2025-03-05 09:23:03.140 [info] > git rev-parse refs/remotes/origin/main [3ms]
2025-03-05 09:23:03.171 [info] > git status -z -uall [17ms]
2025-03-05 09:23:03.173 [info] > git for-each-ref --sort -committerdate --format %(refname) %(objectname) %(*objectname) [3ms]
2025-03-05 09:23:03.214 [info] > git for-each-ref --format=%(refname)%00%(upstream:short)%00%(objectname)%00%(upstream:track)%00%(upstream:remotename)%00%(upstream:remoteref) refs/heads/main refs/remotes/main [18ms]
2025-03-05 09:23:03.249 [info] > git config --get --local branch.main.vscode-merge-base [19ms]
2025-03-05 09:23:03.249 [warning] [Git][config] git config failed: Failed to execute git
2025-03-05 09:23:03.261 [info] > git config --get commit.template [49ms]
2025-03-05 09:23:03.264 [info] > git reflog main --grep-reflog=branch: Created from *. [3ms]
2025-03-05 09:23:03.275 [info] > git config --get --local branch.main.github-pr-owner-number [29ms]
2025-03-05 09:23:03.275 [warning] [Git][config] git config failed: Failed to execute git
2025-03-05 09:23:03.289 [info] > git symbolic-ref --short refs/remotes/origin/HEAD [14ms]
2025-03-05 09:23:03.315 [info] > git for-each-ref --format=%(refname)%00%(upstream:short)%00%(objectname)%00%(upstream:track)%00%(upstream:remotename)%00%(upstream:remoteref) refs/heads/origin/main refs/remotes/origin/main [17ms]
2025-03-05 09:23:03.325 [info] > git for-each-ref --format=%(refname)%00%(upstream:short)%00%(objectname)%00%(upstream:track)%00%(upstream:remotename)%00%(upstream:remoteref) refs/heads/main refs/remotes/main [36ms]
2025-03-05 09:23:03.339 [warning] [Git][revParse] Unable to read file: ENOENT: no such file or directory, open '/home/maguila/configs/DuckyMomo-Hyprland-Dotfiles/.git/refs/remotes/origin/main'
2025-03-05 09:23:03.343 [info] > git rev-parse refs/remotes/origin/main [5ms]
2025-03-05 09:23:03.373 [info] > git config --add --local branch.main.vscode-merge-base origin/main [49ms]
2025-03-05 09:23:03.374 [info] > git for-each-ref --sort -committerdate --format %(refname) %(objectname) %(*objectname) [1ms] (cancelled)
2025-03-05 09:23:03.402 [info] > git status -z -uall [43ms] (cancelled)
2025-03-05 09:23:03.402 [info] > git for-each-ref --format=%(refname)%00%(upstream:short)%00%(objectname)%00%(upstream:track)%00%(upstream:remotename)%00%(upstream:remoteref) refs/heads/main refs/remotes/main [17ms]
2025-03-05 09:23:03.470 [info] > git config --get --local branch.main.vscode-merge-base [55ms]
2025-03-05 09:23:03.483 [info] > git config --get commit.template [82ms]
2025-03-05 09:23:03.496 [info] > git for-each-ref --format=%(refname)%00%(upstream:short)%00%(objectname)%00%(upstream:track)%00%(upstream:remotename)%00%(upstream:remoteref) refs/heads/origin/main refs/remotes/origin/main [14ms]
2025-03-05 09:23:03.532 [info] > git for-each-ref --format=%(refname)%00%(upstream:short)%00%(objectname)%00%(upstream:track)%00%(upstream:remotename)%00%(upstream:remoteref) refs/heads/main refs/remotes/main [4ms]
2025-03-05 09:23:03.532 [info] > git merge-base refs/heads/main refs/remotes/origin/main [18ms]
2025-03-05 09:23:03.557 [warning] [Git][revParse] Unable to read file: ENOENT: no such file or directory, open '/home/maguila/configs/DuckyMomo-Hyprland-Dotfiles/.git/refs/remotes/origin/main'
2025-03-05 09:23:03.558 [info] > git diff --name-status -z --diff-filter=ADMR df2acc307abde7ece274e3e9633507702d85b375...refs/remotes/origin/main [13ms]
2025-03-05 09:23:03.560 [info] > git rev-parse refs/remotes/origin/main [3ms]
2025-03-05 09:23:03.598 [info] > git status -z -uall [28ms]
2025-03-05 09:23:03.599 [info] > git check-ignore -v -z --stdin [3ms]
2025-03-05 09:23:03.599 [info] > git for-each-ref --sort -committerdate --format %(refname) %(objectname) %(*objectname) [16ms]
2025-03-05 09:23:28.322 [warning] [Git][getRemotes] Error: ENOENT: no such file or directory, open '/home/maguila/configs/DuckyMomo-Hyprland-Dotfiles/.git/config'
2025-03-05 09:23:28.354 [warning] [Git][getHEAD] Failed to parse HEAD file: ENOENT: no such file or directory, open '/home/maguila/configs/DuckyMomo-Hyprland-Dotfiles/.git/HEAD'
2025-03-05 09:23:28.409 [warning] [Git][getHEAD] Failed to parse HEAD file: ENOENT: no such file or directory, open '/home/maguila/configs/DuckyMomo-Hyprland-Dotfiles/.git/HEAD'
2025-03-05 09:23:28.441 [warning] [Git][getRemotes] Error: ENOENT: no such file or directory, open '/home/maguila/configs/DuckyMomo-Hyprland-Dotfiles/.git/config'
2025-03-05 09:24:08.827 [info] > git rev-parse --show-toplevel [3ms]
2025-03-05 09:24:19.286 [info] [main] Log level: Info
2025-03-05 09:24:19.286 [info] [main] Validating found git in: "git"
2025-03-05 09:24:19.286 [info] [main] Using git "2.48.1" from "git"
2025-03-05 09:24:19.286 [info] [Model][doInitialScan] Initial repository scan started
2025-03-05 09:24:19.286 [info] [Model][doInitialScan] Initial repository scan completed - repositories (0), closed repositories (0), parent repositories (0), unsafe repositories (0)
2025-03-05 09:24:22.528 [info] > git rev-parse --show-toplevel [5ms]
2025-03-05 09:24:24.774 [info] [main] Log level: Info
2025-03-05 09:24:24.774 [info] [main] Validating found git in: "git"
2025-03-05 09:24:24.774 [info] [main] Using git "2.48.1" from "git"
2025-03-05 09:24:24.774 [info] [Model][doInitialScan] Initial repository scan started
2025-03-05 09:24:24.774 [info] > git rev-parse --show-toplevel [11ms]
2025-03-05 09:24:24.948 [info] > git rev-parse --git-dir --git-common-dir [161ms]
2025-03-05 09:24:24.962 [info] [Model][openRepository] Opened repository: /home/maguila/configs
2025-03-05 09:24:25.003 [info] > git rev-parse --show-toplevel [7ms]
2025-03-05 09:24:25.004 [info] [Model][doInitialScan] Initial repository scan completed - repositories (1), closed repositories (0), parent repositories (0), unsafe repositories (0)
2025-03-05 09:24:25.005 [info] > git config --get commit.template [23ms]
2025-03-05 09:24:25.031 [info] > git for-each-ref --format=%(refname)%00%(upstream:short)%00%(objectname)%00%(upstream:track)%00%(upstream:remotename)%00%(upstream:remoteref) refs/heads/main refs/remotes/main [4ms]
2025-03-05 09:24:25.070 [info] > git status -z -uall [14ms]
2025-03-05 09:24:25.072 [info] > git for-each-ref --sort -committerdate --format %(refname) %(objectname) %(*objectname) [5ms]
2025-03-05 09:24:25.114 [info] > git for-each-ref --format=%(refname)%00%(upstream:short)%00%(objectname)%00%(upstream:track)%00%(upstream:remotename)%00%(upstream:remoteref) refs/heads/main refs/remotes/main [18ms]
2025-03-05 09:24:25.132 [info] > git config --get commit.template [18ms]
2025-03-05 09:24:25.136 [info] > git config --get --local branch.main.vscode-merge-base [7ms]
2025-03-05 09:24:25.136 [warning] [Git][config] git config failed: Failed to execute git
2025-03-05 09:24:25.198 [info] > git for-each-ref --format=%(refname)%00%(upstream:short)%00%(objectname)%00%(upstream:track)%00%(upstream:remotename)%00%(upstream:remoteref) refs/heads/main refs/remotes/main [34ms]
2025-03-05 09:24:25.198 [info] > git reflog main --grep-reflog=branch: Created from *. [49ms]
2025-03-05 09:24:25.228 [info] > git symbolic-ref --short refs/remotes/origin/HEAD [20ms]
2025-03-05 09:24:25.228 [info] fatal: ref refs/remotes/origin/HEAD is not a symbolic ref
2025-03-05 09:24:25.228 [warning] [Repository][getDefaultBranch] Failed to get default branch details: Failed to execute git.
2025-03-05 09:24:25.245 [info] > git merge-base refs/heads/main refs/remotes/origin/main [5ms]
2025-03-05 09:24:25.330 [info] > git status -z -uall [63ms]
2025-03-05 09:24:25.330 [info] > git for-each-ref --sort -committerdate --format %(refname) %(objectname) %(*objectname) [52ms]
2025-03-05 09:24:25.349 [info] > git diff --name-status -z --diff-filter=ADMR df2acc307abde7ece274e3e9633507702d85b375...refs/remotes/origin/main [92ms]
2025-03-05 09:24:25.351 [info] > git merge-base refs/heads/main refs/remotes/origin/main [5ms]
2025-03-05 09:24:25.369 [info] > git diff --name-status -z --diff-filter=ADMR df2acc307abde7ece274e3e9633507702d85b375...refs/remotes/origin/main [4ms]
2025-03-05 09:24:25.446 [info] > git config --get --local branch.main.github-pr-owner-number [3ms]
2025-03-05 09:24:25.446 [warning] [Git][config] git config failed: Failed to execute git
2025-03-05 09:24:25.524 [info] > git check-ignore -v -z --stdin [3ms]
2025-03-05 09:24:35.707 [info] > git check-ignore -v -z --stdin [3ms]
2025-03-05 09:24:38.539 [info] > git check-ignore -v -z --stdin [3ms]
2025-03-05 09:24:41.946 [info] > git check-ignore -v -z --stdin [2ms]
2025-03-05 09:24:44.837 [info] > git check-ignore -v -z --stdin [2ms]
2025-03-05 09:24:54.363 [info] > git check-ignore -v -z --stdin [2ms]
2025-03-05 09:25:00.293 [info] > git check-ignore -v -z --stdin [3ms]
2025-03-05 09:25:12.579 [info] > git check-ignore -v -z --stdin [3ms]
2025-03-05 09:25:58.901 [info] > git config --get commit.template [21ms]
2025-03-05 09:25:58.902 [info] > git for-each-ref --format=%(refname)%00%(upstream:short)%00%(objectname)%00%(upstream:track)%00%(upstream:remotename)%00%(upstream:remoteref) refs/heads/main refs/remotes/main [4ms]
2025-03-05 09:25:58.937 [info] > git status -z -uall [18ms]
2025-03-05 09:25:58.940 [info] > git for-each-ref --sort -committerdate --format %(refname) %(objectname) %(*objectname) [3ms]
2025-03-05 09:27:29.409 [info] > git config --get commit.template [32ms]
2025-03-05 09:27:29.412 [info] > git for-each-ref --format=%(refname)%00%(upstream:short)%00%(objectname)%00%(upstream:track)%00%(upstream:remotename)%00%(upstream:remoteref) refs/heads/main refs/remotes/main [5ms]
2025-03-05 09:27:29.455 [info] > git status -z -uall [25ms]
2025-03-05 09:27:29.458 [info] > git for-each-ref --sort -committerdate --format %(refname) %(objectname) %(*objectname) [4ms]
2025-03-05 09:27:33.259 [info] > git check-ignore -v -z --stdin [2ms]
2025-03-05 09:28:26.385 [info] [main] Log level: Info
2025-03-05 09:28:26.385 [info] [main] Validating found git in: "git"
2025-03-05 09:28:26.385 [info] [main] Using git "2.48.1" from "git"
2025-03-05 09:28:26.385 [info] [Model][doInitialScan] Initial repository scan started
2025-03-05 09:28:26.385 [info] > git rev-parse --show-toplevel [4ms]
2025-03-05 09:28:26.385 [info] fatal: not a git repository (or any of the parent directories): .git
2025-03-05 09:28:26.410 [info] > git rev-parse --show-toplevel [5ms]
2025-03-05 09:28:26.410 [info] fatal: not a git repository (or any of the parent directories): .git
2025-03-05 09:28:26.429 [info] > git rev-parse --show-toplevel [3ms]
2025-03-05 09:28:26.429 [info] fatal: not a git repository (or any of the parent directories): .git
2025-03-05 09:28:26.447 [info] > git rev-parse --show-toplevel [4ms]
2025-03-05 09:28:26.447 [info] fatal: not a git repository (or any of the parent directories): .git
2025-03-05 09:28:26.460 [info] > git rev-parse --show-toplevel [2ms]
2025-03-05 09:28:26.460 [info] fatal: not a git repository (or any of the parent directories): .git
2025-03-05 09:28:26.475 [info] > git rev-parse --show-toplevel [3ms]
2025-03-05 09:28:26.475 [info] fatal: not a git repository (or any of the parent directories): .git
2025-03-05 09:28:26.489 [info] > git rev-parse --show-toplevel [3ms]
2025-03-05 09:28:26.489 [info] fatal: not a git repository (or any of the parent directories): .git
2025-03-05 09:28:26.504 [info] > git rev-parse --show-toplevel [3ms]
2025-03-05 09:28:26.504 [info] fatal: not a git repository (or any of the parent directories): .git
2025-03-05 09:28:26.520 [info] > git rev-parse --show-toplevel [4ms]
2025-03-05 09:28:26.520 [info] fatal: not a git repository (or any of the parent directories): .git
2025-03-05 09:28:26.534 [info] > git rev-parse --show-toplevel [2ms]
2025-03-05 09:28:26.534 [info] fatal: not a git repository (or any of the parent directories): .git
2025-03-05 09:28:26.548 [info] > git rev-parse --show-toplevel [2ms]
2025-03-05 09:28:26.548 [info] fatal: not a git repository (or any of the parent directories): .git
2025-03-05 09:28:26.564 [info] > git rev-parse --show-toplevel [3ms]
2025-03-05 09:28:26.564 [info] fatal: not a git repository (or any of the parent directories): .git
2025-03-05 09:28:26.581 [info] > git rev-parse --show-toplevel [4ms]
2025-03-05 09:28:26.581 [info] fatal: not a git repository (or any of the parent directories): .git
2025-03-05 09:28:26.597 [info] > git rev-parse --show-toplevel [3ms]
2025-03-05 09:28:26.597 [info] fatal: not a git repository (or any of the parent directories): .git
2025-03-05 09:28:26.612 [info] > git rev-parse --show-toplevel [3ms]
2025-03-05 09:28:26.612 [info] fatal: not a git repository (or any of the parent directories): .git
2025-03-05 09:28:26.624 [info] > git rev-parse --show-toplevel [2ms]
2025-03-05 09:28:26.624 [info] fatal: not a git repository (or any of the parent directories): .git
2025-03-05 09:28:26.637 [info] > git rev-parse --show-toplevel [2ms]
2025-03-05 09:28:26.638 [info] fatal: not a git repository (or any of the parent directories): .git
2025-03-05 09:28:26.655 [info] > git rev-parse --show-toplevel [2ms]
2025-03-05 09:28:26.656 [info] fatal: not a git repository (or any of the parent directories): .git
2025-03-05 09:28:26.668 [info] > git rev-parse --show-toplevel [2ms]
2025-03-05 09:28:26.668 [info] fatal: not a git repository (or any of the parent directories): .git
2025-03-05 09:28:26.668 [info] [Model][doInitialScan] Initial repository scan completed - repositories (0), closed repositories (0), parent repositories (0), unsafe repositories (0)
2025-03-05 09:28:37.835 [info] [main] Log level: Info
2025-03-05 09:28:37.835 [info] [main] Validating found git in: "git"
2025-03-05 09:28:37.835 [info] [main] Using git "2.48.1" from "git"
2025-03-05 09:28:37.835 [info] [Model][doInitialScan] Initial repository scan started
2025-03-05 09:28:37.835 [info] > git rev-parse --show-toplevel [9ms]
2025-03-05 09:28:37.835 [info] > git rev-parse --git-dir --git-common-dir [5ms]
2025-03-05 09:28:37.835 [info] [Model][openRepository] Opened repository: /home/maguila/configs
2025-03-05 09:28:37.835 [info] > git config --get commit.template [7ms]
2025-03-05 09:28:37.835 [info] > git for-each-ref --format=%(refname)%00%(upstream:short)%00%(objectname)%00%(upstream:track)%00%(upstream:remotename)%00%(upstream:remoteref) refs/heads/main refs/remotes/main [121ms]
2025-03-05 09:28:37.839 [info] > git rev-parse --show-toplevel [188ms]
2025-03-05 09:28:37.879 [info] > git rev-parse --show-toplevel [6ms]
2025-03-05 09:28:37.923 [info] > git status -z -uall [32ms]
2025-03-05 09:28:37.923 [info] > git for-each-ref --sort -committerdate --format %(refname) %(objectname) %(*objectname) [20ms]
2025-03-05 09:28:38.166 [info] > git for-each-ref --format=%(refname)%00%(upstream:short)%00%(objectname)%00%(upstream:track)%00%(upstream:remotename)%00%(upstream:remoteref) refs/heads/main refs/remotes/main [218ms]
2025-03-05 09:28:38.179 [info] > git rev-parse --show-toplevel [258ms]
2025-03-05 09:28:38.255 [info] > git check-ignore -v -z --stdin [58ms]
2025-03-05 09:28:38.261 [info] > git config --get --local branch.main.vscode-merge-base [82ms]
2025-03-05 09:28:38.261 [warning] [Git][config] git config failed: Failed to execute git
2025-03-05 09:28:38.277 [info] > git config --get commit.template [155ms]
2025-03-05 09:28:38.305 [info] > git reflog main --grep-reflog=branch: Created from *. [28ms]
2025-03-05 09:28:38.317 [info] > git rev-parse --show-toplevel [64ms]
2025-03-05 09:28:38.349 [info] > git symbolic-ref --short refs/remotes/origin/HEAD [32ms]
2025-03-05 09:28:38.349 [info] fatal: ref refs/remotes/origin/HEAD is not a symbolic ref
2025-03-05 09:28:38.349 [warning] [Repository][getDefaultBranch] Failed to get default branch details: Failed to execute git.
2025-03-05 09:28:38.376 [info] > git merge-base refs/heads/main refs/remotes/origin/main [16ms]
2025-03-05 09:28:38.387 [info] > git rev-parse --show-toplevel [40ms]
2025-03-05 09:28:38.388 [info] > git for-each-ref --format=%(refname)%00%(upstream:short)%00%(objectname)%00%(upstream:track)%00%(upstream:remotename)%00%(upstream:remoteref) refs/heads/main refs/remotes/main [53ms]
2025-03-05 09:28:38.468 [info] > git diff --name-status -z --diff-filter=ADMR df2acc307abde7ece274e3e9633507702d85b375...refs/remotes/origin/main [81ms]
2025-03-05 09:28:38.514 [info] > git rev-parse --show-toplevel [46ms]
2025-03-05 09:28:38.799 [info] > git status -z -uall [44ms]
2025-03-05 09:28:38.800 [info] > git rev-parse --show-toplevel [90ms]
2025-03-05 09:28:38.846 [info] > git for-each-ref --sort -committerdate --format %(refname) %(objectname) %(*objectname) [73ms]
2025-03-05 09:28:38.948 [info] > git rev-parse --show-toplevel [130ms]
2025-03-05 09:28:38.949 [info] [Model][doInitialScan] Initial repository scan completed - repositories (1), closed repositories (0), parent repositories (0), unsafe repositories (0)
2025-03-05 09:28:39.009 [info] > git show --textconv :README.md [41ms]
2025-03-05 09:28:39.012 [info] > git ls-files --stage -- /home/maguila/configs/README.md [24ms]
2025-03-05 09:28:39.041 [info] > git cat-file -s e69de29bb2d1d6434b8b29ae775ad8c2e48c5391 [10ms]
2025-03-05 09:28:39.167 [info] > git config --get --local branch.main.github-pr-owner-number [6ms]
2025-03-05 09:28:39.167 [warning] [Git][config] git config failed: Failed to execute git
2025-03-05 09:28:41.559 [info] > git check-ignore -v -z --stdin [2ms]
2025-03-05 09:28:59.007 [info] [main] Log level: Info
2025-03-05 09:28:59.007 [info] [main] Validating found git in: "git"
2025-03-05 09:28:59.007 [info] [main] Using git "2.48.1" from "git"
2025-03-05 09:28:59.007 [info] [Model][doInitialScan] Initial repository scan started
2025-03-05 09:28:59.007 [info] [Model][doInitialScan] Initial repository scan completed - repositories (0), closed repositories (0), parent repositories (0), unsafe repositories (0)
2025-03-05 09:29:06.673 [info] [main] Log level: Info
2025-03-05 09:29:06.673 [info] [main] Validating found git in: "git"
2025-03-05 09:29:06.673 [info] [main] Using git "2.48.1" from "git"
2025-03-05 09:29:06.673 [info] [Model][doInitialScan] Initial repository scan started
2025-03-05 09:29:06.678 [info] > git rev-parse --show-toplevel [5ms]
2025-03-05 09:29:06.690 [info] > git rev-parse --git-dir --git-common-dir [1ms]
2025-03-05 09:29:06.705 [info] [Model][openRepository] Opened repository: /home/maguila/configs
2025-03-05 09:29:06.748 [info] > git rev-parse --show-toplevel [22ms]
2025-03-05 09:29:06.749 [info] > git config --get commit.template [32ms]
2025-03-05 09:29:06.774 [info] > git rev-parse --show-toplevel [14ms]
2025-03-05 09:29:06.786 [info] > git for-each-ref --format=%(refname)%00%(upstream:short)%00%(objectname)%00%(upstream:track)%00%(upstream:remotename)%00%(upstream:remoteref) refs/heads/main refs/remotes/main [12ms]
2025-03-05 09:29:06.787 [info] > git rev-parse --show-toplevel [2ms]
2025-03-05 09:29:06.821 [info] > git status -z -uall [14ms]
2025-03-05 09:29:06.822 [info] > git rev-parse --show-toplevel [25ms]
2025-03-05 09:29:06.833 [info] > git for-each-ref --sort -committerdate --format %(refname) %(objectname) %(*objectname) [13ms]
2025-03-05 09:29:06.883 [info] > git rev-parse --show-toplevel [51ms]
2025-03-05 09:29:06.898 [info] > git for-each-ref --format=%(refname)%00%(upstream:short)%00%(objectname)%00%(upstream:track)%00%(upstream:remotename)%00%(upstream:remoteref) refs/heads/main refs/remotes/main [30ms]
2025-03-05 09:29:06.963 [info] > git config --get --local branch.main.vscode-merge-base [50ms]
2025-03-05 09:29:06.963 [warning] [Git][config] git config failed: Failed to execute git
2025-03-05 09:29:06.973 [info] > git rev-parse --show-toplevel [78ms]
2025-03-05 09:29:07.024 [info] > git reflog main --grep-reflog=branch: Created from *. [51ms]
2025-03-05 09:29:07.039 [info] > git config --get commit.template [20ms]
2025-03-05 09:29:07.039 [info] > git rev-parse --show-toplevel [31ms]
2025-03-05 09:29:07.615 [info] > git symbolic-ref --short refs/remotes/origin/HEAD [580ms]
2025-03-05 09:29:07.615 [info] fatal: ref refs/remotes/origin/HEAD is not a symbolic ref
2025-03-05 09:29:07.615 [warning] [Repository][getDefaultBranch] Failed to get default branch details: Failed to execute git.
2025-03-05 09:29:07.779 [info] > git check-ignore -v -z --stdin [137ms]
2025-03-05 09:29:07.781 [info] > git merge-base refs/heads/main refs/remotes/origin/main [152ms]
2025-03-05 09:29:07.794 [info] > git rev-parse --show-toplevel [186ms]
2025-03-05 09:29:07.795 [info] [Model][doInitialScan] Initial repository scan completed - repositories (1), closed repositories (0), parent repositories (0), unsafe repositories (0)
2025-03-05 09:29:07.968 [info] > git diff --name-status -z --diff-filter=ADMR df2acc307abde7ece274e3e9633507702d85b375...refs/remotes/origin/main [174ms]
2025-03-05 09:29:07.970 [info] > git for-each-ref --format=%(refname)%00%(upstream:short)%00%(objectname)%00%(upstream:track)%00%(upstream:remotename)%00%(upstream:remoteref) refs/heads/main refs/remotes/main [211ms]
2025-03-05 09:29:08.033 [info] > git status -z -uall [16ms]
2025-03-05 09:29:08.038 [info] > git for-each-ref --sort -committerdate --format %(refname) %(objectname) %(*objectname) [8ms]
2025-03-05 09:29:08.610 [info] > git config --get --local branch.main.github-pr-owner-number [94ms]
2025-03-05 09:29:08.610 [warning] [Git][config] git config failed: Failed to execute git
2025-03-05 09:29:18.022 [info] [main] Log level: Info
2025-03-05 09:29:18.022 [info] [main] Validating found git in: "git"
2025-03-05 09:29:18.022 [info] [main] Using git "2.48.1" from "git"
2025-03-05 09:29:18.022 [info] [Model][doInitialScan] Initial repository scan started
2025-03-05 09:29:18.022 [info] > git rev-parse --show-toplevel [11ms]
2025-03-05 09:29:18.025 [info] [Model][doInitialScan] Initial repository scan completed - repositories (0), closed repositories (0), parent repositories (1), unsafe repositories (0)
2025-03-05 09:29:32.244 [info] > git rev-parse --show-toplevel [1ms]
2025-03-05 09:29:32.262 [info] > git rev-parse --git-dir --git-common-dir [2ms]
2025-03-05 09:29:32.291 [info] [Model][openRepository] Opened repository: /home/maguila/configs
2025-03-05 09:29:32.320 [info] > git config --get commit.template [8ms]
2025-03-05 09:29:32.343 [info] > git for-each-ref --format=%(refname)%00%(upstream:short)%00%(objectname)%00%(upstream:track)%00%(upstream:remotename)%00%(upstream:remoteref) refs/heads/main refs/remotes/main [5ms]
2025-03-05 09:29:32.375 [info] > git status -z -uall [19ms]
2025-03-05 09:29:32.379 [info] > git for-each-ref --sort -committerdate --format %(refname) %(objectname) %(*objectname) [8ms]
2025-03-05 09:29:32.422 [info] > git for-each-ref --format=%(refname)%00%(upstream:short)%00%(objectname)%00%(upstream:track)%00%(upstream:remotename)%00%(upstream:remoteref) refs/heads/main refs/remotes/main [20ms]
2025-03-05 09:29:32.452 [info] > git config --get --local branch.main.vscode-merge-base [17ms]
2025-03-05 09:29:32.453 [warning] [Git][config] git config failed: Failed to execute git
2025-03-05 09:29:32.466 [info] > git config --get commit.template [44ms]
2025-03-05 09:29:32.467 [info] > git config --get --local branch.main.github-pr-owner-number [16ms]
2025-03-05 09:29:32.468 [warning] [Git][config] git config failed: Failed to execute git
2025-03-05 09:29:32.483 [info] > git reflog main --grep-reflog=branch: Created from *. [18ms]
2025-03-05 09:29:32.523 [info] > git symbolic-ref --short refs/remotes/origin/HEAD [28ms]
2025-03-05 09:29:32.523 [info] fatal: ref refs/remotes/origin/HEAD is not a symbolic ref
2025-03-05 09:29:32.523 [warning] [Repository][getDefaultBranch] Failed to get default branch details: Failed to execute git.
2025-03-05 09:29:32.537 [info] > git for-each-ref --format=%(refname)%00%(upstream:short)%00%(objectname)%00%(upstream:track)%00%(upstream:remotename)%00%(upstream:remoteref) refs/heads/main refs/remotes/main [55ms]
2025-03-05 09:29:32.541 [info] > git merge-base refs/heads/main refs/remotes/origin/main [5ms]
2025-03-05 09:29:32.563 [info] > git diff --name-status -z --diff-filter=ADMR df2acc307abde7ece274e3e9633507702d85b375...refs/remotes/origin/main [5ms]
2025-03-05 09:29:32.618 [info] > git status -z -uall [39ms]
2025-03-05 09:29:32.619 [info] > git for-each-ref --sort -committerdate --format %(refname) %(objectname) %(*objectname) [21ms]
2025-03-05 09:29:32.863 [info] > git check-ignore -v -z --stdin [3ms]
2025-03-05 09:29:50.524 [info] [main] Log level: Info
2025-03-05 09:29:50.524 [info] [main] Validating found git in: "git"
2025-03-05 09:29:50.524 [info] [main] Using git "2.48.1" from "git"
2025-03-05 09:29:50.524 [info] [Model][doInitialScan] Initial repository scan started
2025-03-05 09:29:50.524 [info] > git rev-parse --show-toplevel [10ms]
2025-03-05 09:29:50.537 [info] > git rev-parse --git-dir --git-common-dir [3ms]
2025-03-05 09:29:50.558 [info] [Model][openRepository] Opened repository: /home/maguila/configs
2025-03-05 09:29:50.599 [info] > git rev-parse --show-toplevel [7ms]
2025-03-05 09:29:50.600 [info] > git config --get commit.template [21ms]
2025-03-05 09:29:50.645 [info] > git rev-parse --show-toplevel [30ms]
2025-03-05 09:29:50.655 [info] > git for-each-ref --format=%(refname)%00%(upstream:short)%00%(objectname)%00%(upstream:track)%00%(upstream:remotename)%00%(upstream:remoteref) refs/heads/main refs/remotes/main [31ms]
2025-03-05 09:29:50.659 [info] > git rev-parse --show-toplevel [5ms]
2025-03-05 09:29:50.696 [info] > git status -z -uall [14ms]
2025-03-05 09:29:50.697 [info] > git rev-parse --show-toplevel [29ms]
2025-03-05 09:29:50.708 [info] > git for-each-ref --sort -committerdate --format %(refname) %(objectname) %(*objectname) [15ms]
2025-03-05 09:29:50.757 [info] > git rev-parse --show-toplevel [51ms]
2025-03-05 09:29:50.774 [info] > git for-each-ref --format=%(refname)%00%(upstream:short)%00%(objectname)%00%(upstream:track)%00%(upstream:remotename)%00%(upstream:remoteref) refs/heads/main refs/remotes/main [36ms]
2025-03-05 09:29:50.832 [info] > git config --get --local branch.main.vscode-merge-base [45ms]
2025-03-05 09:29:50.833 [warning] [Git][config] git config failed: Failed to execute git
2025-03-05 09:29:50.841 [info] > git rev-parse --show-toplevel [69ms]
2025-03-05 09:29:50.889 [info] > git reflog main --grep-reflog=branch: Created from *. [48ms]
2025-03-05 09:29:50.905 [info] > git symbolic-ref --short refs/remotes/origin/HEAD [5ms]
2025-03-05 09:29:50.905 [info] fatal: ref refs/remotes/origin/HEAD is not a symbolic ref
2025-03-05 09:29:50.905 [warning] [Repository][getDefaultBranch] Failed to get default branch details: Failed to execute git.
2025-03-05 09:29:50.916 [info] > git config --get commit.template [32ms]
2025-03-05 09:29:50.917 [info] > git rev-parse --show-toplevel [44ms]
2025-03-05 09:29:51.363 [info] > git merge-base refs/heads/main refs/remotes/origin/main [447ms]
2025-03-05 09:29:51.488 [info] > git check-ignore -v -z --stdin [101ms]
2025-03-05 09:29:51.489 [info] > git diff --name-status -z --diff-filter=ADMR df2acc307abde7ece274e3e9633507702d85b375...refs/remotes/origin/main [112ms]
2025-03-05 09:29:51.490 [info] > git rev-parse --show-toplevel [136ms]
2025-03-05 09:29:51.666 [info] > git for-each-ref --format=%(refname)%00%(upstream:short)%00%(objectname)%00%(upstream:track)%00%(upstream:remotename)%00%(upstream:remoteref) refs/heads/main refs/remotes/main [196ms]
2025-03-05 09:29:51.677 [info] > git rev-parse --show-toplevel [16ms]
2025-03-05 09:29:51.678 [info] [Model][doInitialScan] Initial repository scan completed - repositories (1), closed repositories (0), parent repositories (0), unsafe repositories (0)
2025-03-05 09:29:51.723 [info] > git status -z -uall [22ms]
2025-03-05 09:29:51.723 [info] > git for-each-ref --sort -committerdate --format %(refname) %(objectname) %(*objectname) [7ms]
2025-03-05 09:29:51.895 [info] > git config --get --local branch.main.github-pr-owner-number [4ms]
2025-03-05 09:29:51.895 [warning] [Git][config] git config failed: Failed to execute git
2025-03-05 09:30:19.451 [info] > git check-ignore -v -z --stdin [5ms]
2025-03-05 09:30:27.678 [info] > git check-ignore -v -z --stdin [3ms]
2025-03-05 09:30:33.487 [info] > git check-ignore -v -z --stdin [2ms]
2025-03-05 09:30:48.851 [info] > git check-ignore -v -z --stdin [3ms]
2025-03-05 09:31:07.624 [info] > git check-ignore -v -z --stdin [2ms]
2025-03-05 09:32:09.326 [info] > git config --get commit.template [28ms]
2025-03-05 09:32:09.328 [info] > git for-each-ref --format=%(refname)%00%(upstream:short)%00%(objectname)%00%(upstream:track)%00%(upstream:remotename)%00%(upstream:remoteref) refs/heads/main refs/remotes/main [4ms]
2025-03-05 09:32:09.368 [info] > git status -z -uall [18ms]
2025-03-05 09:32:09.370 [info] > git for-each-ref --sort -committerdate --format %(refname) %(objectname) %(*objectname) [5ms]
2025-03-05 09:32:14.416 [info] > git config --get commit.template [19ms]
2025-03-05 09:32:14.417 [info] > git for-each-ref --format=%(refname)%00%(upstream:short)%00%(objectname)%00%(upstream:track)%00%(upstream:remotename)%00%(upstream:remoteref) refs/heads/main refs/remotes/main [3ms]
2025-03-05 09:32:14.453 [info] > git status -z -uall [16ms]
2025-03-05 09:32:14.455 [info] > git for-each-ref --sort -committerdate --format %(refname) %(objectname) %(*objectname) [3ms]
2025-03-05 10:07:10.512 [info] > git check-ignore -v -z --stdin [2ms]
2025-03-05 10:07:56.821 [info] > git config --get commit.template [24ms]
2025-03-05 10:07:56.823 [info] > git for-each-ref --format=%(refname)%00%(upstream:short)%00%(objectname)%00%(upstream:track)%00%(upstream:remotename)%00%(upstream:remoteref) refs/heads/main refs/remotes/main [4ms]
2025-03-05 10:07:56.879 [info] > git status -z -uall [27ms]
2025-03-05 10:07:56.881 [info] > git for-each-ref --sort -committerdate --format %(refname) %(objectname) %(*objectname) [3ms]
2025-03-05 10:10:25.630 [info] > git config --get commit.template [21ms]
2025-03-05 10:10:25.633 [info] > git for-each-ref --format=%(refname)%00%(upstream:short)%00%(objectname)%00%(upstream:track)%00%(upstream:remotename)%00%(upstream:remoteref) refs/heads/main refs/remotes/main [4ms]
2025-03-05 10:10:25.661 [info] > git status -z -uall [15ms]
2025-03-05 10:10:25.663 [info] > git for-each-ref --sort -committerdate --format %(refname) %(objectname) %(*objectname) [2ms]
2025-03-05 10:12:49.655 [info] > git config --get commit.template [17ms]
2025-03-05 10:12:49.656 [info] > git for-each-ref --format=%(refname)%00%(upstream:short)%00%(objectname)%00%(upstream:track)%00%(upstream:remotename)%00%(upstream:remoteref) refs/heads/main refs/remotes/main [2ms]
2025-03-05 10:12:49.687 [info] > git status -z -uall [15ms]
2025-03-05 10:12:49.689 [info] > git for-each-ref --sort -committerdate --format %(refname) %(objectname) %(*objectname) [3ms]
2025-03-05 10:19:30.328 [info] > git show --textconv :README.md [15ms]
2025-03-05 10:19:30.330 [info] > git ls-files --stage -- /home/maguila/configs/README.md [3ms]
2025-03-05 10:19:30.347 [info] > git cat-file -s e69de29bb2d1d6434b8b29ae775ad8c2e48c5391 [5ms]
2025-03-05 10:19:42.763 [info] > git blame --root --incremental df2acc307abde7ece274e3e9633507702d85b375 -- /home/maguila/configs/README.md [5ms]
2025-03-05 10:22:36.448 [info] > git config --get commit.template [18ms]
2025-03-05 10:22:36.449 [info] > git for-each-ref --format=%(refname)%00%(upstream:short)%00%(objectname)%00%(upstream:track)%00%(upstream:remotename)%00%(upstream:remoteref) refs/heads/main refs/remotes/main [3ms]
2025-03-05 10:22:36.479 [info] > git status -z -uall [15ms]
2025-03-05 10:22:36.482 [info] > git for-each-ref --sort -committerdate --format %(refname) %(objectname) %(*objectname) [4ms]
2025-03-05 10:26:40.485 [info] > git config --get commit.template [19ms]
2025-03-05 10:26:40.486 [info] > git for-each-ref --format=%(refname)%00%(upstream:short)%00%(objectname)%00%(upstream:track)%00%(upstream:remotename)%00%(upstream:remoteref) refs/heads/main refs/remotes/main [2ms]
2025-03-05 10:26:40.525 [info] > git status -z -uall [19ms]
2025-03-05 10:26:40.527 [info] > git for-each-ref --sort -committerdate --format %(refname) %(objectname) %(*objectname) [4ms]
2025-03-05 10:28:14.308 [info] > git config --get commit.template [2ms]
2025-03-05 10:28:14.325 [info] > git for-each-ref --format=%(refname)%00%(upstream:short)%00%(objectname)%00%(upstream:track)%00%(upstream:remotename)%00%(upstream:remoteref) refs/heads/main refs/remotes/main [4ms]
2025-03-05 10:28:14.362 [info] > git status -z -uall [20ms]
2025-03-05 10:28:14.364 [info] > git for-each-ref --sort -committerdate --format %(refname) %(objectname) %(*objectname) [4ms]
2025-03-05 10:32:13.758 [info] > git config --get commit.template [18ms]
2025-03-05 10:32:13.760 [info] > git for-each-ref --format=%(refname)%00%(upstream:short)%00%(objectname)%00%(upstream:track)%00%(upstream:remotename)%00%(upstream:remoteref) refs/heads/main refs/remotes/main [4ms]
2025-03-05 10:32:13.798 [info] > git status -z -uall [21ms]
2025-03-05 10:32:13.799 [info] > git for-each-ref --sort -committerdate --format %(refname) %(objectname) %(*objectname) [4ms]
2025-03-05 10:40:57.811 [info] > git config --get commit.template [16ms]
2025-03-05 10:40:57.813 [info] > git for-each-ref --format=%(refname)%00%(upstream:short)%00%(objectname)%00%(upstream:track)%00%(upstream:remotename)%00%(upstream:remoteref) refs/heads/main refs/remotes/main [3ms]
2025-03-05 10:40:57.842 [info] > git status -z -uall [15ms]
2025-03-05 10:40:57.845 [info] > git for-each-ref --sort -committerdate --format %(refname) %(objectname) %(*objectname) [4ms]
2025-03-05 10:51:49.941 [info] > git config --get commit.template [19ms]
2025-03-05 10:51:49.943 [info] > git for-each-ref --format=%(refname)%00%(upstream:short)%00%(objectname)%00%(upstream:track)%00%(upstream:remotename)%00%(upstream:remoteref) refs/heads/main refs/remotes/main [3ms]
2025-03-05 10:51:49.980 [info] > git status -z -uall [19ms]
2025-03-05 10:51:49.982 [info] > git for-each-ref --sort -committerdate --format %(refname) %(objectname) %(*objectname) [4ms]
2025-03-05 10:56:26.198 [info] > git config --get commit.template [15ms]
2025-03-05 10:56:26.201 [info] > git for-each-ref --format=%(refname)%00%(upstream:short)%00%(objectname)%00%(upstream:track)%00%(upstream:remotename)%00%(upstream:remoteref) refs/heads/main refs/remotes/main [4ms]
2025-03-05 10:56:26.231 [info] > git status -z -uall [16ms]
2025-03-05 10:56:26.234 [info] > git for-each-ref --sort -committerdate --format %(refname) %(objectname) %(*objectname) [4ms]
2025-03-07 09:42:38.255 [info] > git config --get commit.template [22ms]
2025-03-07 09:42:38.259 [info] > git for-each-ref --format=%(refname)%00%(upstream:short)%00%(objectname)%00%(upstream:track)%00%(upstream:remotename)%00%(upstream:remoteref) refs/heads/main refs/remotes/main [5ms]
2025-03-07 09:42:38.288 [info] > git status -z -uall [15ms]
2025-03-07 09:42:38.289 [info] > git for-each-ref --sort -committerdate --format %(refname) %(objectname) %(*objectname) [2ms]
2025-03-07 09:46:43.293 [info] > git config --get commit.template [18ms]
2025-03-07 09:46:43.295 [info] > git for-each-ref --format=%(refname)%00%(upstream:short)%00%(objectname)%00%(upstream:track)%00%(upstream:remotename)%00%(upstream:remoteref) refs/heads/main refs/remotes/main [2ms]
2025-03-07 09:46:43.328 [info] > git status -z -uall [17ms]
2025-03-07 09:46:43.331 [info] > git for-each-ref --sort -committerdate --format %(refname) %(objectname) %(*objectname) [4ms]
2025-03-07 09:46:50.869 [info] > git config --get commit.template [2ms]
2025-03-07 09:46:50.885 [info] > git for-each-ref --format=%(refname)%00%(upstream:short)%00%(objectname)%00%(upstream:track)%00%(upstream:remotename)%00%(upstream:remoteref) refs/heads/main refs/remotes/main [2ms]
2025-03-07 09:46:50.915 [info] > git status -z -uall [15ms]
2025-03-07 09:46:50.916 [info] > git for-each-ref --sort -committerdate --format %(refname) %(objectname) %(*objectname) [2ms]
2025-03-07 09:46:55.957 [info] > git config --get commit.template [16ms]
2025-03-07 09:46:55.958 [info] > git for-each-ref --format=%(refname)%00%(upstream:short)%00%(objectname)%00%(upstream:track)%00%(upstream:remotename)%00%(upstream:remoteref) refs/heads/main refs/remotes/main [2ms]
2025-03-07 09:46:55.985 [info] > git status -z -uall [14ms]
2025-03-07 09:46:55.987 [info] > git for-each-ref --sort -committerdate --format %(refname) %(objectname) %(*objectname) [2ms]
2025-03-07 09:52:31.466 [info] > git config --get commit.template [17ms]
2025-03-07 09:52:31.469 [info] > git for-each-ref --format=%(refname)%00%(upstream:short)%00%(objectname)%00%(upstream:track)%00%(upstream:remotename)%00%(upstream:remoteref) refs/heads/main refs/remotes/main [3ms]
2025-03-07 09:52:31.498 [info] > git status -z -uall [14ms]
2025-03-07 09:52:31.501 [info] > git for-each-ref --sort -committerdate --format %(refname) %(objectname) %(*objectname) [3ms]
2025-03-07 09:52:40.970 [info] > git config --get commit.template [17ms]
2025-03-07 09:52:40.973 [info] > git for-each-ref --format=%(refname)%00%(upstream:short)%00%(objectname)%00%(upstream:track)%00%(upstream:remotename)%00%(upstream:remoteref) refs/heads/main refs/remotes/main [4ms]
2025-03-07 09:52:41.007 [info] > git status -z -uall [17ms]
2025-03-07 09:52:41.009 [info] > git for-each-ref --sort -committerdate --format %(refname) %(objectname) %(*objectname) [3ms]
2025-03-07 09:52:58.693 [info] > git show --textconv :hypr/configs/general.conf [16ms]
2025-03-07 09:52:58.710 [info] > git ls-files --stage -- /home/maguila/configs/hypr/configs/general.conf [18ms]
2025-03-07 09:52:58.724 [info] > git hash-object -t tree /dev/null [15ms]
2025-03-07 09:52:58.725 [warning] [GitFileSystemProvider][readFile] File not found - git:/home/maguila/configs/hypr/configs/general.conf.git?%7B%22path%22%3A%22%2Fhome%2Fmaguila%2Fconfigs%2Fhypr%2Fconfigs%2Fgeneral.conf%22%2C%22ref%22%3A%22%22%7D
2025-03-07 09:52:58.727 [info] > git hash-object -t tree /dev/null [4ms]
2025-03-07 09:52:58.727 [warning] [GitFileSystemProvider][stat] File not found - git:/home/maguila/configs/hypr/configs/general.conf.git?%7B%22path%22%3A%22%2Fhome%2Fmaguila%2Fconfigs%2Fhypr%2Fconfigs%2Fgeneral.conf%22%2C%22ref%22%3A%22%22%7D
2025-03-07 09:52:58.743 [info] > git blame --root --incremental df2acc307abde7ece274e3e9633507702d85b375 -- /home/maguila/configs/hypr/configs/general.conf [1ms]
2025-03-07 09:52:58.743 [info] fatal: no such path hypr/configs/general.conf in df2acc307abde7ece274e3e9633507702d85b375
2025-03-07 09:52:58.959 [info] > git check-ignore -v -z --stdin [3ms]
2025-03-07 09:52:59.530 [info] > git config --get commit.template [2ms]
2025-03-07 09:52:59.550 [info] > git for-each-ref --format=%(refname)%00%(upstream:short)%00%(objectname)%00%(upstream:track)%00%(upstream:remotename)%00%(upstream:remoteref) refs/heads/main refs/remotes/main [4ms]
2025-03-07 09:52:59.584 [info] > git status -z -uall [17ms]
2025-03-07 09:52:59.587 [info] > git for-each-ref --sort -committerdate --format %(refname) %(objectname) %(*objectname) [3ms]
2025-03-07 09:56:22.422 [info] > git config --get commit.template [2ms]
2025-03-07 09:56:22.442 [info] > git for-each-ref --format=%(refname)%00%(upstream:short)%00%(objectname)%00%(upstream:track)%00%(upstream:remotename)%00%(upstream:remoteref) refs/heads/main refs/remotes/main [3ms]
2025-03-07 09:56:22.477 [info] > git status -z -uall [19ms]
2025-03-07 09:56:22.479 [info] > git for-each-ref --sort -committerdate --format %(refname) %(objectname) %(*objectname) [3ms]
2025-03-07 09:58:50.652 [info] > git show --textconv :hypr/configs/env.conf [21ms]
2025-03-07 09:58:50.653 [warning] [GitFileSystemProvider][readFile] File not found - git:/home/maguila/configs/hypr/configs/env.conf.git?%7B%22path%22%3A%22%2Fhome%2Fmaguila%2Fconfigs%2Fhypr%2Fconfigs%2Fenv.conf%22%2C%22ref%22%3A%22%22%7D
2025-03-07 09:58:50.654 [info] > git ls-files --stage -- /home/maguila/configs/hypr/configs/env.conf [3ms]
2025-03-07 09:58:50.655 [warning] [GitFileSystemProvider][stat] File not found - git:/home/maguila/configs/hypr/configs/env.conf.git?%7B%22path%22%3A%22%2Fhome%2Fmaguila%2Fconfigs%2Fhypr%2Fconfigs%2Fenv.conf%22%2C%22ref%22%3A%22%22%7D
2025-03-07 09:58:51.484 [info] > git config --get commit.template [16ms]
2025-03-07 09:58:51.485 [info] > git for-each-ref --format=%(refname)%00%(upstream:short)%00%(objectname)%00%(upstream:track)%00%(upstream:remotename)%00%(upstream:remoteref) refs/heads/main refs/remotes/main [2ms]
2025-03-07 09:58:51.517 [info] > git status -z -uall [16ms]
2025-03-07 09:58:51.520 [info] > git for-each-ref --sort -committerdate --format %(refname) %(objectname) %(*objectname) [3ms]
2025-03-07 10:00:08.823 [info] > git show --textconv :hypr/configs/input.conf [17ms]
2025-03-07 10:00:08.824 [warning] [GitFileSystemProvider][readFile] File not found - git:/home/maguila/configs/hypr/configs/input.conf.git?%7B%22path%22%3A%22%2Fhome%2Fmaguila%2Fconfigs%2Fhypr%2Fconfigs%2Finput.conf%22%2C%22ref%22%3A%22%22%7D
2025-03-07 10:00:08.826 [info] > git ls-files --stage -- /home/maguila/configs/hypr/configs/input.conf [4ms]
2025-03-07 10:00:08.826 [warning] [GitFileSystemProvider][stat] File not found - git:/home/maguila/configs/hypr/configs/input.conf.git?%7B%22path%22%3A%22%2Fhome%2Fmaguila%2Fconfigs%2Fhypr%2Fconfigs%2Finput.conf%22%2C%22ref%22%3A%22%22%7D
2025-03-07 10:00:08.843 [info] > git blame --root --incremental df2acc307abde7ece274e3e9633507702d85b375 -- /home/maguila/configs/hypr/configs/input.conf [3ms]
2025-03-07 10:00:08.843 [info] fatal: no such path hypr/configs/input.conf in df2acc307abde7ece274e3e9633507702d85b375
2025-03-07 10:00:09.597 [info] > git config --get commit.template [15ms]
2025-03-07 10:00:09.599 [info] > git for-each-ref --format=%(refname)%00%(upstream:short)%00%(objectname)%00%(upstream:track)%00%(upstream:remotename)%00%(upstream:remoteref) refs/heads/main refs/remotes/main [3ms]
2025-03-07 10:00:09.631 [info] > git status -z -uall [17ms]
2025-03-07 10:00:09.634 [info] > git for-each-ref --sort -committerdate --format %(refname) %(objectname) %(*objectname) [4ms]
2025-03-07 10:00:38.044 [info] > git config --get commit.template [8ms]
2025-03-07 10:00:38.070 [info] > git for-each-ref --format=%(refname)%00%(upstream:short)%00%(objectname)%00%(upstream:track)%00%(upstream:remotename)%00%(upstream:remoteref) refs/heads/main refs/remotes/main [10ms]
2025-03-07 10:00:38.114 [info] > git status -z -uall [23ms]
2025-03-07 10:00:38.118 [info] > git for-each-ref --sort -committerdate --format %(refname) %(objectname) %(*objectname) [6ms]
2025-03-07 10:00:43.158 [info] > git config --get commit.template [15ms]
2025-03-07 10:00:43.159 [info] > git for-each-ref --format=%(refname)%00%(upstream:short)%00%(objectname)%00%(upstream:track)%00%(upstream:remotename)%00%(upstream:remoteref) refs/heads/main refs/remotes/main [2ms]
2025-03-07 10:00:43.190 [info] > git status -z -uall [17ms]
2025-03-07 10:00:43.192 [info] > git for-each-ref --sort -committerdate --format %(refname) %(objectname) %(*objectname) [3ms]
2025-03-07 10:01:24.733 [info] > git show --textconv :hypr/configs/workspaces.conf [19ms]
2025-03-07 10:01:24.734 [warning] [GitFileSystemProvider][readFile] File not found - git:/home/maguila/configs/hypr/configs/workspaces.conf.git?%7B%22path%22%3A%22%2Fhome%2Fmaguila%2Fconfigs%2Fhypr%2Fconfigs%2Fworkspaces.conf%22%2C%22ref%22%3A%22%22%7D
2025-03-07 10:01:24.734 [info] > git ls-files --stage -- /home/maguila/configs/hypr/configs/workspaces.conf [2ms]
2025-03-07 10:01:24.735 [warning] [GitFileSystemProvider][stat] File not found - git:/home/maguila/configs/hypr/configs/workspaces.conf.git?%7B%22path%22%3A%22%2Fhome%2Fmaguila%2Fconfigs%2Fhypr%2Fconfigs%2Fworkspaces.conf%22%2C%22ref%22%3A%22%22%7D
2025-03-07 10:01:25.506 [info] > git config --get commit.template [18ms]
2025-03-07 10:01:25.509 [info] > git for-each-ref --format=%(refname)%00%(upstream:short)%00%(objectname)%00%(upstream:track)%00%(upstream:remotename)%00%(upstream:remoteref) refs/heads/main refs/remotes/main [3ms]
2025-03-07 10:01:25.544 [info] > git status -z -uall [18ms]
2025-03-07 10:01:25.546 [info] > git for-each-ref --sort -committerdate --format %(refname) %(objectname) %(*objectname) [3ms]
2025-03-07 10:03:07.953 [info] > git config --get commit.template [17ms]
2025-03-07 10:03:07.955 [info] > git for-each-ref --format=%(refname)%00%(upstream:short)%00%(objectname)%00%(upstream:track)%00%(upstream:remotename)%00%(upstream:remoteref) refs/heads/main refs/remotes/main [3ms]
2025-03-07 10:03:07.994 [info] > git status -z -uall [20ms]
2025-03-07 10:03:07.996 [info] > git for-each-ref --sort -committerdate --format %(refname) %(objectname) %(*objectname) [3ms]
2025-03-07 10:03:31.251 [info] > git config --get commit.template [19ms]
2025-03-07 10:03:31.253 [info] > git for-each-ref --format=%(refname)%00%(upstream:short)%00%(objectname)%00%(upstream:track)%00%(upstream:remotename)%00%(upstream:remoteref) refs/heads/main refs/remotes/main [4ms]
2025-03-07 10:03:31.288 [info] > git status -z -uall [17ms]
2025-03-07 10:03:31.290 [info] > git for-each-ref --sort -committerdate --format %(refname) %(objectname) %(*objectname) [3ms]
2025-03-07 10:08:50.844 [info] > git config --get commit.template [2ms]
2025-03-07 10:08:50.873 [info] > git for-each-ref --format=%(refname)%00%(upstream:short)%00%(objectname)%00%(upstream:track)%00%(upstream:remotename)%00%(upstream:remoteref) refs/heads/main refs/remotes/main [6ms]
2025-03-07 10:08:50.922 [info] > git status -z -uall [26ms]
2025-03-07 10:08:50.926 [info] > git for-each-ref --sort -committerdate --format %(refname) %(objectname) %(*objectname) [6ms]
2025-03-07 10:09:09.283 [info] > git config --get commit.template [24ms]
2025-03-07 10:09:09.285 [info] > git for-each-ref --format=%(refname)%00%(upstream:short)%00%(objectname)%00%(upstream:track)%00%(upstream:remotename)%00%(upstream:remoteref) refs/heads/main refs/remotes/main [3ms]
2025-03-07 10:09:09.329 [info] > git status -z -uall [22ms]
2025-03-07 10:09:09.329 [info] > git for-each-ref --sort -committerdate --format %(refname) %(objectname) %(*objectname) [2ms]
2025-03-07 10:09:14.374 [info] > git config --get commit.template [22ms]
2025-03-07 10:09:14.376 [info] > git for-each-ref --format=%(refname)%00%(upstream:short)%00%(objectname)%00%(upstream:track)%00%(upstream:remotename)%00%(upstream:remoteref) refs/heads/main refs/remotes/main [4ms]
2025-03-07 10:09:14.415 [info] > git status -z -uall [18ms]
2025-03-07 10:09:14.418 [info] > git for-each-ref --sort -committerdate --format %(refname) %(objectname) %(*objectname) [3ms]
2025-03-07 10:09:50.593 [info] > git config --get commit.template [27ms]
2025-03-07 10:09:50.595 [info] > git for-each-ref --format=%(refname)%00%(upstream:short)%00%(objectname)%00%(upstream:track)%00%(upstream:remotename)%00%(upstream:remoteref) refs/heads/main refs/remotes/main [2ms]
2025-03-07 10:09:50.638 [info] > git status -z -uall [21ms]
2025-03-07 10:09:50.640 [info] > git for-each-ref --sort -committerdate --format %(refname) %(objectname) %(*objectname) [3ms]
2025-03-07 10:10:18.670 [info] > git config --get commit.template [2ms]
2025-03-07 10:10:18.690 [info] > git for-each-ref --format=%(refname)%00%(upstream:short)%00%(objectname)%00%(upstream:track)%00%(upstream:remotename)%00%(upstream:remoteref) refs/heads/main refs/remotes/main [2ms]
2025-03-07 10:10:18.724 [info] > git status -z -uall [16ms]
2025-03-07 10:10:18.726 [info] > git for-each-ref --sort -committerdate --format %(refname) %(objectname) %(*objectname) [3ms]
2025-03-07 10:10:55.204 [info] > git config --get commit.template [19ms]
2025-03-07 10:10:55.206 [info] > git for-each-ref --format=%(refname)%00%(upstream:short)%00%(objectname)%00%(upstream:track)%00%(upstream:remotename)%00%(upstream:remoteref) refs/heads/main refs/remotes/main [3ms]
2025-03-07 10:10:55.240 [info] > git status -z -uall [18ms]
2025-03-07 10:10:55.242 [info] > git for-each-ref --sort -committerdate --format %(refname) %(objectname) %(*objectname) [3ms]
2025-03-07 10:11:35.434 [info] > git config --get commit.template [18ms]
2025-03-07 10:11:35.436 [info] > git for-each-ref --format=%(refname)%00%(upstream:short)%00%(objectname)%00%(upstream:track)%00%(upstream:remotename)%00%(upstream:remoteref) refs/heads/main refs/remotes/main [3ms]
2025-03-07 10:11:35.468 [info] > git status -z -uall [17ms]
2025-03-07 10:11:35.470 [info] > git for-each-ref --sort -committerdate --format %(refname) %(objectname) %(*objectname) [3ms]
2025-03-07 10:11:40.506 [info] > git config --get commit.template [16ms]
2025-03-07 10:11:40.507 [info] > git for-each-ref --format=%(refname)%00%(upstream:short)%00%(objectname)%00%(upstream:track)%00%(upstream:remotename)%00%(upstream:remoteref) refs/heads/main refs/remotes/main [2ms]
2025-03-07 10:11:40.541 [info] > git status -z -uall [18ms]
2025-03-07 10:11:40.542 [info] > git for-each-ref --sort -committerdate --format %(refname) %(objectname) %(*objectname) [2ms]
2025-03-07 10:11:45.585 [info] > git config --get commit.template [17ms]
2025-03-07 10:11:45.586 [info] > git for-each-ref --format=%(refname)%00%(upstream:short)%00%(objectname)%00%(upstream:track)%00%(upstream:remotename)%00%(upstream:remoteref) refs/heads/main refs/remotes/main [2ms]
2025-03-07 10:11:45.622 [info] > git status -z -uall [18ms]
2025-03-07 10:11:45.623 [info] > git for-each-ref --sort -committerdate --format %(refname) %(objectname) %(*objectname) [3ms]
2025-03-07 10:11:50.667 [info] > git config --get commit.template [22ms]
2025-03-07 10:11:50.669 [info] > git for-each-ref --format=%(refname)%00%(upstream:short)%00%(objectname)%00%(upstream:track)%00%(upstream:remotename)%00%(upstream:remoteref) refs/heads/main refs/remotes/main [3ms]
2025-03-07 10:11:50.705 [info] > git status -z -uall [19ms]
2025-03-07 10:11:50.708 [info] > git for-each-ref --sort -committerdate --format %(refname) %(objectname) %(*objectname) [4ms]
2025-03-07 10:11:56.896 [info] > git log --format=%H%n%aN%n%aE%n%at%n%ct%n%P%n%D%n%B -z --shortstat --diff-merges=first-parent -n50 --skip=0 --topo-order --decorate=full --stdin [4ms]
2025-03-07 10:11:57.568 [info] > git check-ignore -v -z --stdin [3ms]
2025-03-07 10:12:44.699 [info] > git add -A -- . [156ms]
2025-03-07 10:12:44.726 [info] > git -c user.useConfigOnly=true commit --quiet --allow-empty-message --file - [8ms]
2025-03-07 10:12:44.748 [info] > git config --get commit.template [3ms]
2025-03-07 10:12:44.775 [info] > git config --get commit.template [5ms]
2025-03-07 10:12:44.798 [info] > git for-each-ref --format=%(refname)%00%(upstream:short)%00%(objectname)%00%(upstream:track)%00%(upstream:remotename)%00%(upstream:remoteref) refs/heads/main refs/remotes/main [4ms]
2025-03-07 10:12:44.831 [info] > git status -z -uall [13ms]
2025-03-07 10:12:44.832 [info] > git for-each-ref --sort -committerdate --format %(refname) %(objectname) %(*objectname) [3ms]
2025-03-07 10:12:44.882 [info] > git merge-base refs/heads/main refs/remotes/origin/main [23ms]
2025-03-07 10:12:44.916 [info] > git diff --name-status -z --diff-filter=ADMR df2acc307abde7ece274e3e9633507702d85b375...refs/remotes/origin/main [17ms]
2025-03-07 10:12:44.936 [info] > git config --get --local branch.main.github-pr-owner-number [2ms]
2025-03-07 10:12:44.936 [warning] [Git][config] git config failed: Failed to execute git
2025-03-07 10:12:44.938 [info] > git log --format=%H%n%aN%n%aE%n%at%n%ct%n%P%n%D%n%B -z --shortstat --diff-merges=first-parent -n50 --skip=0 --topo-order --decorate=full --stdin [23ms]
2025-03-07 10:12:54.442 [info] > git push origin main:main [9563ms]
2025-03-07 10:12:54.442 [info] To github.com:DuckyMomo11/DuckyMomo-Hyprland-Dotfiles.git
   df2acc3..6594f58  main -> main
2025-03-07 10:12:54.479 [info] > git config --get commit.template [19ms]
2025-03-07 10:12:54.482 [info] > git for-each-ref --format=%(refname)%00%(upstream:short)%00%(objectname)%00%(upstream:track)%00%(upstream:remotename)%00%(upstream:remoteref) refs/heads/main refs/remotes/main [4ms]
2025-03-07 10:12:54.530 [info] > git status -z -uall [32ms]
2025-03-07 10:12:54.530 [info] > git for-each-ref --sort -committerdate --format %(refname) %(objectname) %(*objectname) [8ms]
2025-03-07 10:12:54.571 [info] > git merge-base refs/heads/main refs/remotes/origin/main [7ms]
2025-03-07 10:12:54.623 [info] > git diff --name-status -z --diff-filter=ADMR 6594f5800231409761a745cfed82e5688ce6a8a3...refs/remotes/origin/main [30ms]
2025-03-07 10:12:54.642 [info] > git config --get --local branch.main.github-pr-owner-number [20ms]
2025-03-07 10:12:54.642 [warning] [Git][config] git config failed: Failed to execute git
2025-03-07 10:12:54.645 [info] > git config --get commit.template [4ms]
2025-03-07 10:12:54.646 [info] > git log --format=%H%n%aN%n%aE%n%at%n%ct%n%P%n%D%n%B -z --shortstat --diff-merges=first-parent -n50 --skip=0 --topo-order --decorate=full --stdin [39ms]
2025-03-07 10:12:54.671 [info] > git for-each-ref --format=%(refname)%00%(upstream:short)%00%(objectname)%00%(upstream:track)%00%(upstream:remotename)%00%(upstream:remoteref) refs/heads/main refs/remotes/main [2ms]
2025-03-07 10:12:54.702 [info] > git status -z -uall [17ms]
2025-03-07 10:12:54.703 [info] > git for-each-ref --sort -committerdate --format %(refname) %(objectname) %(*objectname) [3ms]
2025-03-07 10:12:59.953 [info] > git fetch [607ms]
2025-03-07 10:12:59.953 [info] Missing or invalid credentials.
Skip silent fetch commands
git@github.com: Permission denied (publickey).
fatal: Could not read from remote repository.

Please make sure you have the correct access rights
and the repository exists.
2025-03-07 10:12:59.986 [info] > git config --get commit.template [17ms]
2025-03-07 10:12:59.987 [info] > git for-each-ref --format=%(refname)%00%(upstream:short)%00%(objectname)%00%(upstream:track)%00%(upstream:remotename)%00%(upstream:remoteref) refs/heads/main refs/remotes/main [1ms]
2025-03-07 10:13:00.020 [info] > git status -z -uall [16ms]
2025-03-07 10:13:00.022 [info] > git for-each-ref --sort -committerdate --format %(refname) %(objectname) %(*objectname) [3ms]
2025-03-07 10:16:47.797 [info] > git fetch [662ms]
2025-03-07 10:16:47.797 [info] Missing or invalid credentials.
Skip silent fetch commands
git@github.com: Permission denied (publickey).
fatal: Could not read from remote repository.

Please make sure you have the correct access rights
and the repository exists.
2025-03-07 10:16:47.833 [info] > git config --get commit.template [18ms]
2025-03-07 10:16:47.835 [info] > git for-each-ref --format=%(refname)%00%(upstream:short)%00%(objectname)%00%(upstream:track)%00%(upstream:remotename)%00%(upstream:remoteref) refs/heads/main refs/remotes/main [3ms]
2025-03-07 10:16:47.869 [info] > git status -z -uall [17ms]
2025-03-07 10:16:47.872 [info] > git for-each-ref --sort -committerdate --format %(refname) %(objectname) %(*objectname) [3ms]
2025-03-07 10:19:32.713 [info] > git show --textconv :hypr/hyprland.conf [20ms]
2025-03-07 10:19:32.716 [info] > git ls-files --stage -- /home/maguila/configs/hypr/hyprland.conf [5ms]
2025-03-07 10:19:32.736 [info] > git cat-file -s 0b6a53bdd744148360cc68eef3a0bdad5b655bec [3ms]
2025-03-07 10:19:48.522 [info] > git fetch [618ms]
2025-03-07 10:19:48.522 [info] Missing or invalid credentials.
Skip silent fetch commands
git@github.com: Permission denied (publickey).
fatal: Could not read from remote repository.

Please make sure you have the correct access rights
and the repository exists.
2025-03-07 10:19:48.557 [info] > git config --get commit.template [17ms]
2025-03-07 10:19:48.558 [info] > git for-each-ref --format=%(refname)%00%(upstream:short)%00%(objectname)%00%(upstream:track)%00%(upstream:remotename)%00%(upstream:remoteref) refs/heads/main refs/remotes/main [2ms]
2025-03-07 10:19:48.593 [info] > git status -z -uall [18ms]
2025-03-07 10:19:48.595 [info] > git for-each-ref --sort -committerdate --format %(refname) %(objectname) %(*objectname) [3ms]
2025-03-07 10:20:57.399 [info] > git config --get commit.template [17ms]
2025-03-07 10:20:57.400 [info] > git for-each-ref --format=%(refname)%00%(upstream:short)%00%(objectname)%00%(upstream:track)%00%(upstream:remotename)%00%(upstream:remoteref) refs/heads/main refs/remotes/main [1ms]
2025-03-07 10:20:57.440 [info] > git status -z -uall [24ms]
2025-03-07 10:20:57.448 [info] > git for-each-ref --sort -committerdate --format %(refname) %(objectname) %(*objectname) [11ms]
2025-03-07 10:20:59.510 [info] > git check-ignore -v -z --stdin [1ms]
2025-03-07 10:21:24.251 [info] > git config --get commit.template [18ms]
2025-03-07 10:21:24.254 [info] > git for-each-ref --format=%(refname)%00%(upstream:short)%00%(objectname)%00%(upstream:track)%00%(upstream:remotename)%00%(upstream:remoteref) refs/heads/main refs/remotes/main [4ms]
2025-03-07 10:21:24.294 [info] > git status -z -uall [20ms]
2025-03-07 10:21:24.299 [info] > git for-each-ref --sort -committerdate --format %(refname) %(objectname) %(*objectname) [7ms]
2025-03-07 10:21:24.339 [info] > git check-ignore -v -z --stdin [5ms]
2025-03-07 10:21:50.631 [info] > git config --get commit.template [18ms]
2025-03-07 10:21:50.633 [info] > git for-each-ref --format=%(refname)%00%(upstream:short)%00%(objectname)%00%(upstream:track)%00%(upstream:remotename)%00%(upstream:remoteref) refs/heads/main refs/remotes/main [3ms]
2025-03-07 10:21:50.668 [info] > git status -z -uall [19ms]
2025-03-07 10:21:50.674 [info] > git for-each-ref --sort -committerdate --format %(refname) %(objectname) %(*objectname) [7ms]
2025-03-07 10:21:51.432 [info] > git check-ignore -v -z --stdin [2ms]
2025-03-07 10:21:59.810 [info] > git config --get commit.template [16ms]
2025-03-07 10:21:59.812 [info] > git for-each-ref --format=%(refname)%00%(upstream:short)%00%(objectname)%00%(upstream:track)%00%(upstream:remotename)%00%(upstream:remoteref) refs/heads/main refs/remotes/main [3ms]
2025-03-07 10:21:59.842 [info] > git status -z -uall [15ms]
2025-03-07 10:21:59.846 [info] > git for-each-ref --sort -committerdate --format %(refname) %(objectname) %(*objectname) [5ms]
2025-03-07 10:22:09.305 [info] > git check-ignore -v -z --stdin [2ms]
2025-03-07 10:22:18.076 [info] > git config --get commit.template [17ms]
2025-03-07 10:22:18.077 [info] > git for-each-ref --format=%(refname)%00%(upstream:short)%00%(objectname)%00%(upstream:track)%00%(upstream:remotename)%00%(upstream:remoteref) refs/heads/main refs/remotes/main [2ms]
2025-03-07 10:22:18.112 [info] > git status -z -uall [18ms]
2025-03-07 10:22:18.113 [info] > git for-each-ref --sort -committerdate --format %(refname) %(objectname) %(*objectname) [2ms]
2025-03-07 10:22:34.287 [info] > git check-ignore -v -z --stdin [2ms]
2025-03-07 10:22:50.693 [info] > git config --get commit.template [15ms]
2025-03-07 10:22:50.694 [info] > git for-each-ref --format=%(refname)%00%(upstream:short)%00%(objectname)%00%(upstream:track)%00%(upstream:remotename)%00%(upstream:remoteref) refs/heads/main refs/remotes/main [2ms]
2025-03-07 10:22:50.725 [info] > git status -z -uall [17ms]
2025-03-07 10:22:50.726 [info] > git for-each-ref --sort -committerdate --format %(refname) %(objectname) %(*objectname) [2ms]
2025-03-07 10:22:51.577 [info] > git fetch [921ms]
2025-03-07 10:22:51.577 [info] Missing or invalid credentials.
Skip silent fetch commands
git@github.com: Permission denied (publickey).
fatal: Could not read from remote repository.

Please make sure you have the correct access rights
and the repository exists.
2025-03-07 10:22:51.615 [info] > git config --get commit.template [19ms]
2025-03-07 10:22:51.618 [info] > git for-each-ref --format=%(refname)%00%(upstream:short)%00%(objectname)%00%(upstream:track)%00%(upstream:remotename)%00%(upstream:remoteref) refs/heads/main refs/remotes/main [4ms]
2025-03-07 10:22:51.655 [info] > git status -z -uall [21ms]
2025-03-07 10:22:51.658 [info] > git for-each-ref --sort -committerdate --format %(refname) %(objectname) %(*objectname) [4ms]
2025-03-07 10:22:52.672 [info] > git check-ignore -v -z --stdin [1ms]
2025-03-07 10:23:02.014 [info] > git config --get commit.template [22ms]
2025-03-07 10:23:02.016 [info] > git for-each-ref --format=%(refname)%00%(upstream:short)%00%(objectname)%00%(upstream:track)%00%(upstream:remotename)%00%(upstream:remoteref) refs/heads/main refs/remotes/main [3ms]
2025-03-07 10:23:02.058 [info] > git status -z -uall [20ms]
2025-03-07 10:23:02.060 [info] > git for-each-ref --sort -committerdate --format %(refname) %(objectname) %(*objectname) [3ms]
2025-03-07 10:23:04.110 [info] > git check-ignore -v -z --stdin [3ms]
2025-03-07 10:23:21.615 [info] > git config --get commit.template [38ms]
2025-03-07 10:23:21.618 [info] > git for-each-ref --format=%(refname)%00%(upstream:short)%00%(objectname)%00%(upstream:track)%00%(upstream:remotename)%00%(upstream:remoteref) refs/heads/main refs/remotes/main [7ms]
2025-03-07 10:23:21.662 [info] > git status -z -uall [21ms]
2025-03-07 10:23:21.664 [info] > git for-each-ref --sort -committerdate --format %(refname) %(objectname) %(*objectname) [2ms]
2025-03-07 10:24:03.118 [info] > git config --get commit.template [20ms]
2025-03-07 10:24:03.118 [info] > git for-each-ref --format=%(refname)%00%(upstream:short)%00%(objectname)%00%(upstream:track)%00%(upstream:remotename)%00%(upstream:remoteref) refs/heads/main refs/remotes/main [2ms]
2025-03-07 10:24:03.152 [info] > git status -z -uall [17ms]
2025-03-07 10:24:03.153 [info] > git for-each-ref --sort -committerdate --format %(refname) %(objectname) %(*objectname) [2ms]
2025-03-07 10:24:05.388 [info] > git check-ignore -v -z --stdin [2ms]
2025-03-07 10:24:18.287 [info] > git config --get commit.template [18ms]
2025-03-07 10:24:18.289 [info] > git for-each-ref --format=%(refname)%00%(upstream:short)%00%(objectname)%00%(upstream:track)%00%(upstream:remotename)%00%(upstream:remoteref) refs/heads/main refs/remotes/main [2ms]
2025-03-07 10:24:18.327 [info] > git status -z -uall [18ms]
2025-03-07 10:24:18.329 [info] > git for-each-ref --sort -committerdate --format %(refname) %(objectname) %(*objectname) [3ms]
2025-03-07 10:24:41.413 [info] > git log --format=%H%n%aN%n%aE%n%at%n%ct%n%P%n%D%n%B -z --shortstat --diff-merges=first-parent -n50 --skip=0 --topo-order --decorate=full --stdin [20ms]
2025-03-07 10:24:41.968 [info] > git check-ignore -v -z --stdin [3ms]
2025-03-07 10:25:32.794 [info] > git add -A -- . [55ms]
2025-03-07 10:25:32.828 [info] > git -c user.useConfigOnly=true commit --quiet --allow-empty-message --file - [17ms]
2025-03-07 10:25:32.847 [info] > git config --get commit.template [2ms]
2025-03-07 10:25:32.878 [info] > git config --get commit.template [4ms]
2025-03-07 10:25:32.905 [info] > git for-each-ref --format=%(refname)%00%(upstream:short)%00%(objectname)%00%(upstream:track)%00%(upstream:remotename)%00%(upstream:remoteref) refs/heads/main refs/remotes/main [6ms]
2025-03-07 10:25:32.939 [info] > git status -z -uall [19ms]
2025-03-07 10:25:32.940 [info] > git for-each-ref --sort -committerdate --format %(refname) %(objectname) %(*objectname) [3ms]
2025-03-07 10:25:32.981 [info] > git merge-base refs/heads/main refs/remotes/origin/main [23ms]
2025-03-07 10:25:33.023 [info] > git diff --name-status -z --diff-filter=ADMR 6594f5800231409761a745cfed82e5688ce6a8a3...refs/remotes/origin/main [25ms]
2025-03-07 10:25:33.046 [info] > git config --get --local branch.main.github-pr-owner-number [2ms]
2025-03-07 10:25:33.046 [warning] [Git][config] git config failed: Failed to execute git
2025-03-07 10:25:33.050 [info] > git log --format=%H%n%aN%n%aE%n%at%n%ct%n%P%n%D%n%B -z --shortstat --diff-merges=first-parent -n50 --skip=0 --topo-order --decorate=full --stdin [28ms]
2025-03-07 10:25:41.507 [info] > git push origin main:main [8528ms]
2025-03-07 10:25:41.507 [info] To github.com:DuckyMomo11/DuckyMomo-Hyprland-Dotfiles.git
   6594f58..d85044a  main -> main
2025-03-07 10:25:41.543 [info] > git config --get commit.template [18ms]
2025-03-07 10:25:41.546 [info] > git for-each-ref --format=%(refname)%00%(upstream:short)%00%(objectname)%00%(upstream:track)%00%(upstream:remotename)%00%(upstream:remoteref) refs/heads/main refs/remotes/main [3ms]
2025-03-07 10:25:41.581 [info] > git status -z -uall [18ms]
2025-03-07 10:25:41.585 [info] > git for-each-ref --sort -committerdate --format %(refname) %(objectname) %(*objectname) [5ms]
2025-03-07 10:25:41.632 [info] > git merge-base refs/heads/main refs/remotes/origin/main [22ms]
2025-03-07 10:25:41.686 [info] > git config --get --local branch.main.github-pr-owner-number [17ms]
2025-03-07 10:25:41.686 [warning] [Git][config] git config failed: Failed to execute git
2025-03-07 10:25:41.687 [info] > git diff --name-status -z --diff-filter=ADMR d85044ad7298712da0fecdf205551f51fc9cea3a...refs/remotes/origin/main [36ms]
2025-03-07 10:25:41.688 [info] > git log --format=%H%n%aN%n%aE%n%at%n%ct%n%P%n%D%n%B -z --shortstat --diff-merges=first-parent -n50 --skip=0 --topo-order --decorate=full --stdin [57ms]
2025-03-07 10:25:41.692 [info] > git config --get commit.template [8ms]
2025-03-07 10:25:41.709 [info] > git for-each-ref --format=%(refname)%00%(upstream:short)%00%(objectname)%00%(upstream:track)%00%(upstream:remotename)%00%(upstream:remoteref) refs/heads/main refs/remotes/main [2ms]
2025-03-07 10:25:41.735 [info] > git status -z -uall [13ms]
2025-03-07 10:25:41.738 [info] > git for-each-ref --sort -committerdate --format %(refname) %(objectname) %(*objectname) [4ms]
2025-03-07 10:29:03.286 [info] > git fetch [1057ms]
2025-03-07 10:29:03.286 [info] Missing or invalid credentials.
Skip silent fetch commands
git@github.com: Permission denied (publickey).
fatal: Could not read from remote repository.

Please make sure you have the correct access rights
and the repository exists.
2025-03-07 10:29:03.323 [info] > git config --get commit.template [19ms]
2025-03-07 10:29:03.325 [info] > git for-each-ref --format=%(refname)%00%(upstream:short)%00%(objectname)%00%(upstream:track)%00%(upstream:remotename)%00%(upstream:remoteref) refs/heads/main refs/remotes/main [3ms]
2025-03-07 10:29:03.365 [info] > git status -z -uall [21ms]
2025-03-07 10:29:03.367 [info] > git for-each-ref --sort -committerdate --format %(refname) %(objectname) %(*objectname) [3ms]
2025-03-07 10:33:54.503 [info] > git fetch [1376ms]
2025-03-07 10:33:54.503 [info] Missing or invalid credentials.
Skip silent fetch commands
git@github.com: Permission denied (publickey).
fatal: Could not read from remote repository.

Please make sure you have the correct access rights
and the repository exists.
2025-03-07 10:33:54.551 [info] > git config --get commit.template [24ms]
2025-03-07 10:33:54.552 [info] > git for-each-ref --format=%(refname)%00%(upstream:short)%00%(objectname)%00%(upstream:track)%00%(upstream:remotename)%00%(upstream:remoteref) refs/heads/main refs/remotes/main [2ms]
2025-03-07 10:33:54.591 [info] > git status -z -uall [16ms]
2025-03-07 10:33:54.594 [info] > git for-each-ref --sort -committerdate --format %(refname) %(objectname) %(*objectname) [4ms]
2025-03-07 10:42:14.839 [info] > git fetch [1432ms]
2025-03-07 10:42:14.839 [info] Missing or invalid credentials.
Skip silent fetch commands
git@github.com: Permission denied (publickey).
fatal: Could not read from remote repository.

Please make sure you have the correct access rights
and the repository exists.
2025-03-07 10:42:14.874 [info] > git config --get commit.template [18ms]
2025-03-07 10:42:14.877 [info] > git for-each-ref --format=%(refname)%00%(upstream:short)%00%(objectname)%00%(upstream:track)%00%(upstream:remotename)%00%(upstream:remoteref) refs/heads/main refs/remotes/main [3ms]
2025-03-07 10:42:14.908 [info] > git status -z -uall [15ms]
2025-03-07 10:42:14.910 [info] > git for-each-ref --sort -committerdate --format %(refname) %(objectname) %(*objectname) [3ms]
2025-03-07 10:45:17.345 [info] > git fetch [2406ms]
2025-03-07 10:45:17.350 [info] Missing or invalid credentials.
Skip silent fetch commands
git@github.com: Permission denied (publickey).
fatal: Could not read from remote repository.

Please make sure you have the correct access rights
and the repository exists.
2025-03-07 10:45:17.379 [info] > git config --get commit.template [16ms]
2025-03-07 10:45:17.381 [info] > git for-each-ref --format=%(refname)%00%(upstream:short)%00%(objectname)%00%(upstream:track)%00%(upstream:remotename)%00%(upstream:remoteref) refs/heads/main refs/remotes/main [3ms]
2025-03-07 10:45:17.414 [info] > git status -z -uall [18ms]
2025-03-07 10:45:17.416 [info] > git for-each-ref --sort -committerdate --format %(refname) %(objectname) %(*objectname) [3ms]
2025-03-07 10:48:18.733 [info] > git fetch [1294ms]
2025-03-07 10:48:18.734 [info] Missing or invalid credentials.
Skip silent fetch commands
git@github.com: Permission denied (publickey).
fatal: Could not read from remote repository.

Please make sure you have the correct access rights
and the repository exists.
2025-03-07 10:48:18.768 [info] > git config --get commit.template [19ms]
2025-03-07 10:48:18.770 [info] > git for-each-ref --format=%(refname)%00%(upstream:short)%00%(objectname)%00%(upstream:track)%00%(upstream:remotename)%00%(upstream:remoteref) refs/heads/main refs/remotes/main [2ms]
2025-03-07 10:48:18.798 [info] > git status -z -uall [14ms]
2025-03-07 10:48:18.800 [info] > git for-each-ref --sort -committerdate --format %(refname) %(objectname) %(*objectname) [2ms]
2025-03-07 10:48:22.889 [info] > git config --get commit.template [16ms]
2025-03-07 10:48:22.890 [info] > git for-each-ref --format=%(refname)%00%(upstream:short)%00%(objectname)%00%(upstream:track)%00%(upstream:remotename)%00%(upstream:remoteref) refs/heads/main refs/remotes/main [2ms]
2025-03-07 10:48:22.921 [info] > git status -z -uall [16ms]
2025-03-07 10:48:22.924 [info] > git for-each-ref --sort -committerdate --format %(refname) %(objectname) %(*objectname) [3ms]
2025-03-07 10:49:35.464 [info] > git config --get commit.template [16ms]
2025-03-07 10:49:35.466 [info] > git for-each-ref --format=%(refname)%00%(upstream:short)%00%(objectname)%00%(upstream:track)%00%(upstream:remotename)%00%(upstream:remoteref) refs/heads/main refs/remotes/main [3ms]
2025-03-07 10:49:35.495 [info] > git status -z -uall [15ms]
2025-03-07 10:49:35.498 [info] > git for-each-ref --sort -committerdate --format %(refname) %(objectname) %(*objectname) [3ms]
2025-03-07 10:50:02.352 [info] > git show --textconv :hypr/hyprland.conf [14ms]
2025-03-07 10:50:02.354 [info] > git ls-files --stage -- /home/maguila/configs/hypr/hyprland.conf [3ms]
2025-03-07 10:50:02.367 [info] > git cat-file -s 0b6a53bdd744148360cc68eef3a0bdad5b655bec [2ms]
2025-03-07 10:50:02.399 [info] > git blame --root --incremental d85044ad7298712da0fecdf205551f51fc9cea3a -- /home/maguila/configs/hypr/hyprland.conf [8ms]
2025-03-07 10:50:50.577 [info] > git config --get commit.template [20ms]
2025-03-07 10:50:50.582 [info] > git for-each-ref --format=%(refname)%00%(upstream:short)%00%(objectname)%00%(upstream:track)%00%(upstream:remotename)%00%(upstream:remoteref) refs/heads/main refs/remotes/main [6ms]
2025-03-07 10:50:50.629 [info] > git status -z -uall [25ms]
2025-03-07 10:50:50.632 [info] > git for-each-ref --sort -committerdate --format %(refname) %(objectname) %(*objectname) [5ms]
2025-03-07 10:51:19.729 [info] > git fetch [907ms]
2025-03-07 10:51:19.729 [info] Missing or invalid credentials.
Skip silent fetch commands
git@github.com: Permission denied (publickey).
fatal: Could not read from remote repository.

Please make sure you have the correct access rights
and the repository exists.
2025-03-07 10:51:19.764 [info] > git config --get commit.template [18ms]
2025-03-07 10:51:19.766 [info] > git for-each-ref --format=%(refname)%00%(upstream:short)%00%(objectname)%00%(upstream:track)%00%(upstream:remotename)%00%(upstream:remoteref) refs/heads/main refs/remotes/main [2ms]
2025-03-07 10:51:19.801 [info] > git status -z -uall [16ms]
2025-03-07 10:51:19.802 [info] > git for-each-ref --sort -committerdate --format %(refname) %(objectname) %(*objectname) [2ms]
2025-03-07 10:51:20.020 [info] > git ls-files --stage -- /home/maguila/configs/hypr/hyprland.conf [2ms]
2025-03-07 10:51:20.040 [info] > git cat-file -s 0b6a53bdd744148360cc68eef3a0bdad5b655bec [3ms]
2025-03-07 10:51:20.062 [info] > git show --textconv :hypr/hyprland.conf [3ms]
2025-03-07 10:51:22.564 [info] > git config --get commit.template [16ms]
2025-03-07 10:51:22.564 [info] > git for-each-ref --format=%(refname)%00%(upstream:short)%00%(objectname)%00%(upstream:track)%00%(upstream:remotename)%00%(upstream:remoteref) refs/heads/main refs/remotes/main [1ms]
2025-03-07 10:51:22.596 [info] > git status -z -uall [15ms]
2025-03-07 10:51:22.597 [info] > git for-each-ref --sort -committerdate --format %(refname) %(objectname) %(*objectname) [2ms]
2025-03-07 10:59:46.294 [info] > git config --get commit.template [17ms]
2025-03-07 10:59:46.300 [info] > git for-each-ref --format=%(refname)%00%(upstream:short)%00%(objectname)%00%(upstream:track)%00%(upstream:remotename)%00%(upstream:remoteref) refs/heads/main refs/remotes/main [6ms]
2025-03-07 10:59:46.332 [info] > git status -z -uall [16ms]
2025-03-07 10:59:46.333 [info] > git for-each-ref --sort -committerdate --format %(refname) %(objectname) %(*objectname) [2ms]
2025-03-07 10:59:46.879 [info] > git fetch [622ms]
2025-03-07 10:59:46.879 [info] Missing or invalid credentials.
Skip silent fetch commands
git@github.com: Permission denied (publickey).
fatal: Could not read from remote repository.

Please make sure you have the correct access rights
and the repository exists.
2025-03-07 10:59:46.915 [info] > git config --get commit.template [18ms]
2025-03-07 10:59:46.918 [info] > git for-each-ref --format=%(refname)%00%(upstream:short)%00%(objectname)%00%(upstream:track)%00%(upstream:remotename)%00%(upstream:remoteref) refs/heads/main refs/remotes/main [4ms]
2025-03-07 10:59:46.950 [info] > git status -z -uall [16ms]
2025-03-07 10:59:46.952 [info] > git for-each-ref --sort -committerdate --format %(refname) %(objectname) %(*objectname) [3ms]
2025-03-07 10:59:47.459 [info] > git ls-files --stage -- /home/maguila/configs/hypr/hyprland.conf [2ms]
2025-03-07 10:59:47.472 [info] > git cat-file -s 0b6a53bdd744148360cc68eef3a0bdad5b655bec [2ms]
2025-03-07 10:59:47.489 [info] > git show --textconv :hypr/hyprland.conf [3ms]
2025-03-07 10:59:52.814 [info] > git config --get commit.template [19ms]
2025-03-07 10:59:52.816 [info] > git for-each-ref --format=%(refname)%00%(upstream:short)%00%(objectname)%00%(upstream:track)%00%(upstream:remotename)%00%(upstream:remoteref) refs/heads/main refs/remotes/main [3ms]
2025-03-07 10:59:52.850 [info] > git status -z -uall [17ms]
2025-03-07 10:59:52.851 [info] > git for-each-ref --sort -committerdate --format %(refname) %(objectname) %(*objectname) [2ms]
2025-03-07 11:16:12.041 [info] [main] Log level: Info
2025-03-07 11:16:12.045 [info] [main] Validating found git in: "git"
2025-03-07 11:16:12.045 [info] [main] Using git "2.48.1" from "git"
2025-03-07 11:16:12.045 [info] [Model][doInitialScan] Initial repository scan started
2025-03-07 11:16:12.045 [warning] [Model][getRepositoryExact] Failed to get repository realpath for: "/home/maguila/configs/hypr". Error:Error: ENOENT: no such file or directory, realpath '/home/maguila/configs/hypr'
2025-03-07 11:16:12.045 [info] [Model][doInitialScan] Initial repository scan completed - repositories (0), closed repositories (0), parent repositories (0), unsafe repositories (0)
2025-03-07 11:16:12.045 [warning] [GitFileSystemProvider][stat] Repository not found - git:/home/maguila/configs/hypr/hyprland.conf.git?%7B%22path%22%3A%22%2Fhome%2Fmaguila%2Fconfigs%2Fhypr%2Fhyprland.conf%22%2C%22ref%22%3A%22%22%7D
