2025-03-07 11:35:28.886 [info] [main] Log level: Info
2025-03-07 11:35:28.886 [info] [main] Validating found git in: "git"
2025-03-07 11:35:28.886 [info] [main] Using git "2.48.1" from "git"
2025-03-07 11:35:28.886 [info] [Model][doInitialScan] Initial repository scan started
2025-03-07 11:35:28.886 [warning] [Model][getRepositoryExact] Failed to get repository realpath for: "/home/maguila/configs/hypr". Error:Error: ENOENT: no such file or directory, realpath '/home/maguila/configs/hypr'
2025-03-07 11:35:28.886 [info] [Model][doInitialScan] Initial repository scan completed - repositories (0), closed repositories (0), parent repositories (0), unsafe repositories (0)
2025-03-07 11:35:59.388 [info] [main] Log level: Info
2025-03-07 11:35:59.388 [info] [main] Validating found git in: "git"
2025-03-07 11:35:59.388 [info] [main] Using git "2.48.1" from "git"
2025-03-07 11:35:59.388 [info] [Model][doInitialScan] Initial repository scan started
2025-03-07 11:35:59.388 [info] > git rev-parse --show-toplevel [12ms]
2025-03-07 11:35:59.404 [info] > git rev-parse --git-dir --git-common-dir [3ms]
2025-03-07 11:35:59.434 [info] [Model][openRepository] Opened repository: /home/maguila/dotfiles
2025-03-07 11:35:59.465 [info] > git rev-parse --show-toplevel [7ms]
2025-03-07 11:35:59.465 [info] > git config --get commit.template [19ms]
2025-03-07 11:35:59.521 [info] > git rev-parse --show-toplevel [27ms]
2025-03-07 11:35:59.541 [info] > git rev-parse --show-toplevel [8ms]
2025-03-07 11:35:59.541 [info] > git for-each-ref --format=%(refname)%00%(upstream:short)%00%(objectname)%00%(upstream:track)%00%(upstream:remotename)%00%(upstream:remoteref) refs/heads/main refs/remotes/main [22ms]
2025-03-07 11:35:59.577 [info] > git status -z -uall [12ms]
2025-03-07 11:35:59.578 [info] > git rev-parse --show-toplevel [26ms]
2025-03-07 11:35:59.593 [info] > git for-each-ref --sort -committerdate --format %(refname) %(objectname) %(*objectname) [18ms]
2025-03-07 11:35:59.637 [info] > git for-each-ref --format=%(refname)%00%(upstream:short)%00%(objectname)%00%(upstream:track)%00%(upstream:remotename)%00%(upstream:remoteref) refs/heads/main refs/remotes/main [21ms]
2025-03-07 11:35:59.651 [info] > git rev-parse --show-toplevel [59ms]
2025-03-07 11:35:59.673 [info] > git config --get --local branch.main.vscode-merge-base [21ms]
2025-03-07 11:35:59.673 [warning] [Git][config] git config failed: Failed to execute git
2025-03-07 11:35:59.686 [info] > git config --get commit.template [50ms]
2025-03-07 11:35:59.689 [info] > git rev-parse --show-toplevel [20ms]
2025-03-07 11:35:59.750 [info] > git reflog main --grep-reflog=branch: Created from *. [64ms]
2025-03-07 11:35:59.769 [info] > git rev-parse --show-toplevel [27ms]
2025-03-07 11:35:59.769 [info] [Model][doInitialScan] Initial repository scan completed - repositories (1), closed repositories (0), parent repositories (0), unsafe repositories (0)
2025-03-07 11:35:59.771 [info] > git for-each-ref --format=%(refname)%00%(upstream:short)%00%(objectname)%00%(upstream:track)%00%(upstream:remotename)%00%(upstream:remoteref) refs/heads/main refs/remotes/main [41ms]
2025-03-07 11:35:59.773 [info] > git symbolic-ref --short refs/remotes/origin/HEAD [10ms]
2025-03-07 11:35:59.773 [info] fatal: ref refs/remotes/origin/HEAD is not a symbolic ref
2025-03-07 11:35:59.773 [warning] [Repository][getDefaultBranch] Failed to get default branch details: Failed to execute git.
2025-03-07 11:35:59.805 [info] > git merge-base refs/heads/main refs/remotes/origin/main [17ms]
2025-03-07 11:35:59.852 [info] > git status -z -uall [18ms]
2025-03-07 11:35:59.852 [info] > git config --get --local branch.main.github-pr-owner-number [49ms]
2025-03-07 11:35:59.852 [warning] [Git][config] git config failed: Failed to execute git
2025-03-07 11:35:59.857 [info] > git for-each-ref --sort -committerdate --format %(refname) %(objectname) %(*objectname) [7ms]
2025-03-07 11:35:59.880 [info] > git diff --name-status -z --diff-filter=ADMR d85044ad7298712da0fecdf205551f51fc9cea3a...refs/remotes/origin/main [62ms]
2025-03-07 11:35:59.882 [info] > git merge-base refs/heads/main refs/remotes/origin/main [5ms]
2025-03-07 11:35:59.899 [info] > git diff --name-status -z --diff-filter=ADMR d85044ad7298712da0fecdf205551f51fc9cea3a...refs/remotes/origin/main [3ms]
2025-03-07 11:36:00.047 [info] > git check-ignore -v -z --stdin [67ms]
2025-03-07 11:36:00.139 [info] > git fetch [706ms]
2025-03-07 11:36:00.139 [info] Missing or invalid credentials.
Skip silent fetch commands
git@github.com: Permission denied (publickey).
fatal: Could not read from remote repository.

Please make sure you have the correct access rights
and the repository exists.
2025-03-07 11:36:00.171 [info] > git config --get commit.template [15ms]
2025-03-07 11:36:00.188 [info] > git for-each-ref --format=%(refname)%00%(upstream:short)%00%(objectname)%00%(upstream:track)%00%(upstream:remotename)%00%(upstream:remoteref) refs/heads/main refs/remotes/main [18ms]
2025-03-07 11:36:00.210 [info] > git status -z -uall [9ms]
2025-03-07 11:36:00.212 [info] > git for-each-ref --sort -committerdate --format %(refname) %(objectname) %(*objectname) [3ms]
2025-03-07 11:36:01.996 [info] > git check-ignore -v -z --stdin [2ms]
2025-03-07 11:36:08.629 [info] > git show --textconv :hypr/hyprland.conf [17ms]
2025-03-07 11:36:08.636 [info] > git ls-files --stage -- /home/maguila/dotfiles/hypr/hyprland.conf [8ms]
2025-03-07 11:36:08.653 [info] > git cat-file -s 0b6a53bdd744148360cc68eef3a0bdad5b655bec [3ms]
2025-03-07 11:36:10.494 [info] > git blame --root --incremental d85044ad7298712da0fecdf205551f51fc9cea3a -- /home/maguila/dotfiles/hypr/hyprland.conf [4ms]
2025-03-07 11:36:30.722 [info] > git config --get commit.template [22ms]
2025-03-07 11:36:30.724 [info] > git for-each-ref --format=%(refname)%00%(upstream:short)%00%(objectname)%00%(upstream:track)%00%(upstream:remotename)%00%(upstream:remoteref) refs/heads/main refs/remotes/main [4ms]
2025-03-07 11:36:30.761 [info] > git status -z -uall [19ms]
2025-03-07 11:36:30.764 [info] > git for-each-ref --sort -committerdate --format %(refname) %(objectname) %(*objectname) [5ms]
