2025-02-28 11:59:03.842 [info] [main] Log level: Info
2025-02-28 11:59:03.842 [info] [main] Validating found git in: "git"
2025-02-28 11:59:03.842 [info] [main] Using git "2.48.1" from "git"
2025-02-28 11:59:03.842 [info] [Model][doInitialScan] Initial repository scan started
2025-02-28 11:59:03.842 [info] > git rev-parse --show-toplevel [22ms]
2025-02-28 11:59:03.842 [info] > git rev-parse --git-dir --git-common-dir [82ms]
2025-02-28 11:59:03.842 [info] [Model][openRepository] Opened repository: /home/maguila/gitRepos/Learning-JavaScript
2025-02-28 11:59:03.845 [info] > git rev-parse --show-toplevel [26ms]
2025-02-28 11:59:03.847 [info] > git config --get commit.template [41ms]
2025-02-28 11:59:04.003 [info] > git rev-parse --show-toplevel [125ms]
2025-02-28 11:59:04.004 [info] [Model][doInitialScan] Initial repository scan completed - repositories (1), closed repositories (0), parent repositories (0), unsafe repositories (0)
2025-02-28 11:59:04.041 [info] > git show --textconv :JavaScript Course/JS Files/01_Basics/01_Console/script.js [19ms]
2025-02-28 11:59:04.078 [info] > git ls-files --stage -- /home/maguila/gitRepos/Learning-JavaScript/JavaScript Course/JS Files/01_Basics/01_Console/script.js [42ms]
2025-02-28 11:59:04.108 [info] > git for-each-ref --format=%(refname)%00%(upstream:short)%00%(objectname)%00%(upstream:track)%00%(upstream:remotename)%00%(upstream:remoteref) refs/heads/main refs/remotes/main [111ms]
2025-02-28 11:59:04.127 [info] > git hash-object -t tree /dev/null [19ms]
2025-02-28 11:59:04.127 [warning] [GitFileSystemProvider][readFile] File not found - git:/home/maguila/gitRepos/Learning-JavaScript/JavaScript%20Course/JS%20Files/01_Basics/01_Console/script.js.git?%7B%22path%22%3A%22%2Fhome%2Fmaguila%2FgitRepos%2FLearning-JavaScript%2FJavaScript%20Course%2FJS%20Files%2F01_Basics%2F01_Console%2Fscript.js%22%2C%22ref%22%3A%22%22%7D
2025-02-28 11:59:04.130 [info] > git hash-object -t tree /dev/null [34ms]
2025-02-28 11:59:04.130 [warning] [GitFileSystemProvider][stat] File not found - git:/home/maguila/gitRepos/Learning-JavaScript/JavaScript%20Course/JS%20Files/01_Basics/01_Console/script.js.git?%7B%22path%22%3A%22%2Fhome%2Fmaguila%2FgitRepos%2FLearning-JavaScript%2FJavaScript%20Course%2FJS%20Files%2F01_Basics%2F01_Console%2Fscript.js%22%2C%22ref%22%3A%22%22%7D
2025-02-28 11:59:04.219 [info] > git status -z -uall [25ms]
2025-02-28 11:59:04.220 [info] > git for-each-ref --sort -committerdate --format %(refname) %(objectname) %(*objectname) [7ms]
2025-02-28 11:59:04.276 [info] > git for-each-ref --format=%(refname)%00%(upstream:short)%00%(objectname)%00%(upstream:track)%00%(upstream:remotename)%00%(upstream:remoteref) refs/heads/main refs/remotes/main [25ms]
2025-02-28 11:59:04.299 [info] > git config --get --local branch.main.vscode-merge-base [6ms]
2025-02-28 11:59:04.318 [info] > git config --get commit.template [43ms]
2025-02-28 11:59:04.323 [info] > git for-each-ref --format=%(refname)%00%(upstream:short)%00%(objectname)%00%(upstream:track)%00%(upstream:remotename)%00%(upstream:remoteref) refs/heads/origin/main refs/remotes/origin/main [5ms]
2025-02-28 11:59:04.389 [info] > git check-ignore -v -z --stdin [27ms]
2025-02-28 11:59:04.393 [info] > git merge-base refs/heads/main refs/remotes/origin/main [51ms]
2025-02-28 11:59:04.417 [info] > git for-each-ref --format=%(refname)%00%(upstream:short)%00%(objectname)%00%(upstream:track)%00%(upstream:remotename)%00%(upstream:remoteref) refs/heads/main refs/remotes/main [31ms]
2025-02-28 11:59:04.434 [info] > git diff --name-status -z --diff-filter=ADMR 398c432d93eadcb9064658f837d1da9229831cbb...refs/remotes/origin/main [22ms]
2025-02-28 11:59:04.436 [info] > git blame --root --incremental 398c432d93eadcb9064658f837d1da9229831cbb -- /home/maguila/gitRepos/Learning-JavaScript/JavaScript Course/JS Files/01_Basics/01_Console/script.js [4ms]
2025-02-28 11:59:04.436 [info] fatal: no such path JavaScript Course/JS Files/01_Basics/01_Console/script.js in 398c432d93eadcb9064658f837d1da9229831cbb
2025-02-28 11:59:04.474 [info] > git status -z -uall [21ms]
2025-02-28 11:59:04.475 [info] > git for-each-ref --sort -committerdate --format %(refname) %(objectname) %(*objectname) [5ms]
2025-02-28 11:59:04.583 [info] > git config --get --local branch.main.github-pr-owner-number [11ms]
2025-02-28 11:59:04.583 [warning] [Git][config] git config failed: Failed to execute git
2025-02-28 11:59:37.401 [info] > git show --textconv :JavaScript Course/JS Files/01_Basics/02_Comments-Shortcuts/index.html [15ms]
2025-02-28 11:59:37.401 [warning] [GitFileSystemProvider][readFile] File not found - git:/home/maguila/gitRepos/Learning-JavaScript/JavaScript%20Course/JS%20Files/01_Basics/02_Comments-Shortcuts/index.html.git?%7B%22path%22%3A%22%2Fhome%2Fmaguila%2FgitRepos%2FLearning-JavaScript%2FJavaScript%20Course%2FJS%20Files%2F01_Basics%2F02_Comments-Shortcuts%2Findex.html%22%2C%22ref%22%3A%22%22%7D
2025-02-28 11:59:37.402 [info] > git ls-files --stage -- /home/maguila/gitRepos/Learning-JavaScript/JavaScript Course/JS Files/01_Basics/02_Comments-Shortcuts/index.html [2ms]
2025-02-28 11:59:37.403 [warning] [GitFileSystemProvider][stat] File not found - git:/home/maguila/gitRepos/Learning-JavaScript/JavaScript%20Course/JS%20Files/01_Basics/02_Comments-Shortcuts/index.html.git?%7B%22path%22%3A%22%2Fhome%2Fmaguila%2FgitRepos%2FLearning-JavaScript%2FJavaScript%20Course%2FJS%20Files%2F01_Basics%2F02_Comments-Shortcuts%2Findex.html%22%2C%22ref%22%3A%22%22%7D
2025-02-28 11:59:37.651 [info] > git check-ignore -v -z --stdin [2ms]
2025-02-28 11:59:38.255 [info] > git config --get commit.template [16ms]
2025-02-28 11:59:38.257 [info] > git for-each-ref --format=%(refname)%00%(upstream:short)%00%(objectname)%00%(upstream:track)%00%(upstream:remotename)%00%(upstream:remoteref) refs/heads/main refs/remotes/main [3ms]
2025-02-28 11:59:38.286 [info] > git status -z -uall [16ms]
2025-02-28 11:59:38.288 [info] > git for-each-ref --sort -committerdate --format %(refname) %(objectname) %(*objectname) [3ms]
2025-02-28 12:23:50.131 [info] > git config --get commit.template [18ms]
2025-02-28 12:23:50.132 [info] > git for-each-ref --format=%(refname)%00%(upstream:short)%00%(objectname)%00%(upstream:track)%00%(upstream:remotename)%00%(upstream:remoteref) refs/heads/main refs/remotes/main [3ms]
2025-02-28 12:23:50.168 [info] > git status -z -uall [18ms]
2025-02-28 12:23:50.169 [info] > git for-each-ref --sort -committerdate --format %(refname) %(objectname) %(*objectname) [3ms]
2025-02-28 12:24:21.287 [info] > git config --get commit.template [20ms]
2025-02-28 12:24:21.288 [info] > git for-each-ref --format=%(refname)%00%(upstream:short)%00%(objectname)%00%(upstream:track)%00%(upstream:remotename)%00%(upstream:remoteref) refs/heads/main refs/remotes/main [3ms]
2025-02-28 12:24:21.317 [info] > git status -z -uall [15ms]
2025-02-28 12:24:21.318 [info] > git for-each-ref --sort -committerdate --format %(refname) %(objectname) %(*objectname) [2ms]
2025-02-28 12:24:29.080 [info] > git show --textconv :JavaScript Course/JS Files/01_Basics/01_Console/style.css [20ms]
2025-02-28 12:24:29.082 [warning] [GitFileSystemProvider][readFile] File not found - git:/home/maguila/gitRepos/Learning-JavaScript/JavaScript%20Course/JS%20Files/01_Basics/01_Console/style.css.git?%7B%22path%22%3A%22%2Fhome%2Fmaguila%2FgitRepos%2FLearning-JavaScript%2FJavaScript%20Course%2FJS%20Files%2F01_Basics%2F01_Console%2Fstyle.css%22%2C%22ref%22%3A%22%22%7D
2025-02-28 12:24:29.084 [info] > git ls-files --stage -- /home/maguila/gitRepos/Learning-JavaScript/JavaScript Course/JS Files/01_Basics/01_Console/style.css [6ms]
2025-02-28 12:24:29.085 [warning] [GitFileSystemProvider][stat] File not found - git:/home/maguila/gitRepos/Learning-JavaScript/JavaScript%20Course/JS%20Files/01_Basics/01_Console/style.css.git?%7B%22path%22%3A%22%2Fhome%2Fmaguila%2FgitRepos%2FLearning-JavaScript%2FJavaScript%20Course%2FJS%20Files%2F01_Basics%2F01_Console%2Fstyle.css%22%2C%22ref%22%3A%22%22%7D
2025-02-28 12:24:29.340 [info] > git check-ignore -v -z --stdin [2ms]
2025-02-28 12:24:29.927 [info] > git config --get commit.template [18ms]
2025-02-28 12:24:29.930 [info] > git for-each-ref --format=%(refname)%00%(upstream:short)%00%(objectname)%00%(upstream:track)%00%(upstream:remotename)%00%(upstream:remoteref) refs/heads/main refs/remotes/main [4ms]
2025-02-28 12:24:29.970 [info] > git status -z -uall [21ms]
2025-02-28 12:24:29.973 [info] > git for-each-ref --sort -committerdate --format %(refname) %(objectname) %(*objectname) [4ms]
2025-02-28 12:24:46.133 [info] > git config --get commit.template [18ms]
2025-02-28 12:24:46.134 [info] > git for-each-ref --format=%(refname)%00%(upstream:short)%00%(objectname)%00%(upstream:track)%00%(upstream:remotename)%00%(upstream:remoteref) refs/heads/main refs/remotes/main [3ms]
2025-02-28 12:24:46.168 [info] > git status -z -uall [18ms]
2025-02-28 12:24:46.171 [info] > git for-each-ref --sort -committerdate --format %(refname) %(objectname) %(*objectname) [4ms]
2025-02-28 12:25:59.222 [info] > git config --get commit.template [16ms]
2025-02-28 12:25:59.224 [info] > git for-each-ref --format=%(refname)%00%(upstream:short)%00%(objectname)%00%(upstream:track)%00%(upstream:remotename)%00%(upstream:remoteref) refs/heads/main refs/remotes/main [2ms]
2025-02-28 12:25:59.255 [info] > git status -z -uall [18ms]
2025-02-28 12:25:59.257 [info] > git for-each-ref --sort -committerdate --format %(refname) %(objectname) %(*objectname) [3ms]
2025-02-28 12:42:08.825 [info] > git config --get commit.template [18ms]
2025-02-28 12:42:08.826 [info] > git for-each-ref --format=%(refname)%00%(upstream:short)%00%(objectname)%00%(upstream:track)%00%(upstream:remotename)%00%(upstream:remoteref) refs/heads/main refs/remotes/main [3ms]
2025-02-28 12:42:08.866 [info] > git status -z -uall [19ms]
2025-02-28 12:42:08.868 [info] > git for-each-ref --sort -committerdate --format %(refname) %(objectname) %(*objectname) [4ms]
2025-02-28 12:45:52.044 [info] > git config --get commit.template [18ms]
2025-02-28 12:45:52.045 [info] > git for-each-ref --format=%(refname)%00%(upstream:short)%00%(objectname)%00%(upstream:track)%00%(upstream:remotename)%00%(upstream:remoteref) refs/heads/main refs/remotes/main [4ms]
2025-02-28 12:45:52.079 [info] > git status -z -uall [18ms]
2025-02-28 12:45:52.081 [info] > git for-each-ref --sort -committerdate --format %(refname) %(objectname) %(*objectname) [3ms]
2025-02-28 12:48:17.206 [info] > git config --get commit.template [17ms]
2025-02-28 12:48:17.208 [info] > git for-each-ref --format=%(refname)%00%(upstream:short)%00%(objectname)%00%(upstream:track)%00%(upstream:remotename)%00%(upstream:remoteref) refs/heads/main refs/remotes/main [3ms]
2025-02-28 12:48:17.245 [info] > git status -z -uall [20ms]
2025-02-28 12:48:17.247 [info] > git for-each-ref --sort -committerdate --format %(refname) %(objectname) %(*objectname) [3ms]
2025-02-28 13:06:37.067 [info] > git config --get commit.template [20ms]
2025-02-28 13:06:37.070 [info] > git for-each-ref --format=%(refname)%00%(upstream:short)%00%(objectname)%00%(upstream:track)%00%(upstream:remotename)%00%(upstream:remoteref) refs/heads/main refs/remotes/main [4ms]
2025-02-28 13:06:37.107 [info] > git status -z -uall [19ms]
2025-02-28 13:06:37.110 [info] > git for-each-ref --sort -committerdate --format %(refname) %(objectname) %(*objectname) [4ms]
2025-02-28 13:06:42.153 [info] > git config --get commit.template [18ms]
2025-02-28 13:06:42.155 [info] > git for-each-ref --format=%(refname)%00%(upstream:short)%00%(objectname)%00%(upstream:track)%00%(upstream:remotename)%00%(upstream:remoteref) refs/heads/main refs/remotes/main [3ms]
2025-02-28 13:06:42.189 [info] > git status -z -uall [17ms]
2025-02-28 13:06:42.192 [info] > git for-each-ref --sort -committerdate --format %(refname) %(objectname) %(*objectname) [3ms]
2025-02-28 13:06:47.385 [info] > git config --get commit.template [18ms]
2025-02-28 13:06:47.387 [info] > git for-each-ref --format=%(refname)%00%(upstream:short)%00%(objectname)%00%(upstream:track)%00%(upstream:remotename)%00%(upstream:remoteref) refs/heads/main refs/remotes/main [3ms]
2025-02-28 13:06:47.421 [info] > git status -z -uall [16ms]
2025-02-28 13:06:47.423 [info] > git for-each-ref --sort -committerdate --format %(refname) %(objectname) %(*objectname) [3ms]
2025-02-28 13:09:16.183 [info] > git show --textconv :JavaScript Course/Notes/01_Basics.md [18ms]
2025-02-28 13:09:16.185 [info] > git ls-files --stage -- /home/maguila/gitRepos/Learning-JavaScript/JavaScript Course/Notes/01_Basics.md [3ms]
2025-02-28 13:09:16.203 [info] > git cat-file -s 12c7e403ca106285b18a3b6b43aa82e7186632e0 [3ms]
2025-02-28 13:09:16.723 [info] > git blame --root --incremental 398c432d93eadcb9064658f837d1da9229831cbb -- /home/maguila/gitRepos/Learning-JavaScript/JavaScript Course/Notes/01_Basics.md [19ms]
2025-02-28 13:10:00.295 [info] > git config --get commit.template [16ms]
2025-02-28 13:10:00.297 [info] > git for-each-ref --format=%(refname)%00%(upstream:short)%00%(objectname)%00%(upstream:track)%00%(upstream:remotename)%00%(upstream:remoteref) refs/heads/main refs/remotes/main [3ms]
2025-02-28 13:10:00.325 [info] > git status -z -uall [15ms]
2025-02-28 13:10:00.327 [info] > git for-each-ref --sort -committerdate --format %(refname) %(objectname) %(*objectname) [3ms]
