2025-02-28 09:26:52.795 [warning] /home/maguila/.ssh/config: ENOENT: no such file or directory, open '/home/maguila/.ssh/config'
2025-02-28 09:26:52.795 [info] Activation> Extension version: 0.104.1
2025-02-28 09:26:53.011 [info] Looking for git repository
2025-02-28 09:26:53.011 [info] Found 0 repositories during activation
2025-02-28 09:26:53.011 [info] Git repository found, initializing review manager and pr tree view.
2025-02-28 09:26:53.018 [info] Registering git provider
2025-02-28 09:26:53.018 [info] Review+0> Validate state in progress
2025-02-28 09:26:53.018 [info] Review+0> Validating state...
2025-02-28 09:26:53.071 [info] Repo state for file:///home/maguila/gitRepos/Learning-JavaScript changed.
2025-02-28 09:26:53.071 [info] Repo file:///home/maguila/gitRepos/Learning-JavaScript has already been setup.
2025-02-28 09:26:53.075 [info] Found GitHub remote for folder /home/maguila/gitRepos/Learning-JavaScript
2025-02-28 09:26:53.078 [info] FolderRepositoryManager+0> Trying to use globalState for assignableUsers.
2025-02-28 09:26:53.114 [info] FolderRepositoryManager+0> GlobalState does not exist for assignableUsers.
2025-02-28 09:26:53.117 [info] Review+0> No matching pull request metadata found locally for current branch main
2025-02-28 09:26:53.117 [info] Review+0> No matching pull request metadata found on GitHub for current branch main
2025-02-28 09:46:28.071 [warning] /home/maguila/.ssh/config: ENOENT: no such file or directory, open '/home/maguila/.ssh/config'
2025-02-28 09:46:28.071 [info] Activation> Extension version: 0.104.1
2025-02-28 09:46:28.144 [info] Looking for git repository
2025-02-28 09:46:28.144 [info] Found 0 repositories during activation
2025-02-28 09:46:28.144 [info] Git repository found, initializing review manager and pr tree view.
2025-02-28 09:46:28.151 [info] Registering git provider
2025-02-28 09:46:28.151 [info] Review+0> Validate state in progress
2025-02-28 09:46:28.151 [info] Review+0> Validating state...
2025-02-28 09:46:28.159 [info] Found GitHub remote for folder /home/maguila/gitRepos/Learning-JavaScript
2025-02-28 09:46:28.161 [info] FolderRepositoryManager+0> Trying to use globalState for assignableUsers.
2025-02-28 09:46:28.180 [info] Review+0> No matching pull request metadata found locally for current branch main
2025-02-28 09:46:28.181 [info] Review+0> No matching pull request metadata found on GitHub for current branch main
2025-02-28 09:46:28.182 [info] FolderRepositoryManager+0> GlobalState does not exist for assignableUsers.
2025-02-28 09:49:55.268 [info] Repo state for file:///home/maguila/gitRepos/Learning-JavaScript changed.
2025-02-28 09:49:55.268 [info] Repo file:///home/maguila/gitRepos/Learning-JavaScript has already been setup.
