2025-03-05 09:28:44.262 [info] read schema from vscode: vscode://schemas/workspaceConfig
2025-03-05 09:28:44.336 [info] read schema from vscode: vscode://schemas/extensions
2025-03-05 09:28:44.337 [info] read schema from vscode: vscode://schemas/tasks
2025-03-05 09:28:44.339 [info] read schema from vscode: vscode://schemas/launch
2025-03-05 09:28:44.340 [info] read schema from vscode: vscode://schemas/settings/workspace
2025-03-05 09:28:44.576 [info] read schema from vscode: vscode://schemas/settings/resourceLanguage
2025-03-05 09:28:44.634 [info] read schema from vscode: vscode://schemas/token-styling
2025-03-05 09:28:44.653 [info] read schema from vscode: vscode://schemas/textmate-colors
2025-03-05 09:28:44.655 [info] read schema from vscode: vscode://schemas/workbench-colors
2025-03-05 09:28:45.339 [info] schema change detected vscode://schemas/settings/workspace
2025-03-05 09:28:45.342 [info] read schema from vscode: vscode://schemas/workspaceConfig
2025-03-05 09:28:45.344 [info] read schema from vscode: vscode://schemas/settings/workspace
2025-03-05 09:28:57.663 [info] schema change detected vscode://schemas/launch
2025-03-05 09:29:07.781 [info] read schema from vscode: vscode://schemas/workspaceConfig
2025-03-05 09:29:08.046 [info] read schema from vscode: vscode://schemas/extensions
2025-03-05 09:29:08.052 [info] read schema from vscode: vscode://schemas/tasks
2025-03-05 09:29:08.054 [info] read schema from vscode: vscode://schemas/launch
2025-03-05 09:29:08.055 [info] read schema from vscode: vscode://schemas/settings/workspace
2025-03-05 09:29:08.422 [info] read schema from vscode: vscode://schemas/settings/resourceLanguage
2025-03-05 09:29:08.540 [info] read schema from vscode: vscode://schemas/token-styling
2025-03-05 09:29:08.609 [info] read schema from vscode: vscode://schemas/textmate-colors
2025-03-05 09:29:08.613 [info] read schema from vscode: vscode://schemas/workbench-colors
2025-03-05 09:29:08.614 [info] cancelled
2025-03-05 09:29:09.282 [info] schema change detected vscode://schemas/settings/workspace
2025-03-05 09:29:09.286 [info] read schema from vscode: vscode://schemas/workspaceConfig
2025-03-05 09:29:09.288 [info] read schema from vscode: vscode://schemas/settings/workspace
2025-03-05 09:29:10.548 [info] schema change detected vscode://schemas/settings/workspace
2025-03-05 09:29:11.449 [info] schema change detected vscode://schemas/launch
2025-03-05 09:29:16.560 [info] schema change detected vscode://schemas/launch
