2025-03-07 13:01:13.514 [info] [main] Log level: Info
2025-03-07 13:01:13.514 [info] [main] Validating found git in: "git"
2025-03-07 13:01:13.514 [info] [main] Using git "2.48.1" from "git"
2025-03-07 13:01:13.514 [info] [Model][doInitialScan] Initial repository scan started
2025-03-07 13:01:13.514 [info] > git rev-parse --show-toplevel [4ms]
2025-03-07 13:01:13.527 [info] > git rev-parse --git-dir --git-common-dir [2ms]
2025-03-07 13:01:13.553 [info] [Model][openRepository] Opened repository: /home/maguila/dotfiles
2025-03-07 13:01:13.586 [info] > git rev-parse --show-toplevel [8ms]
2025-03-07 13:01:13.588 [info] > git config --get commit.template [19ms]
2025-03-07 13:01:13.588 [info] > git fetch [36ms]
2025-03-07 13:01:13.588 [info] ssh: Could not resolve hostname github.com: Temporary failure in name resolution
fatal: Could not read from remote repository.

Please make sure you have the correct access rights
and the repository exists.
2025-03-07 13:01:13.617 [info] > git rev-parse --show-toplevel [19ms]
2025-03-07 13:01:13.629 [info] > git config --get commit.template [23ms]
2025-03-07 13:01:13.642 [info] > git rev-parse --show-toplevel [13ms]
2025-03-07 13:01:13.642 [info] > git for-each-ref --format=%(refname)%00%(upstream:short)%00%(objectname)%00%(upstream:track)%00%(upstream:remotename)%00%(upstream:remoteref) refs/heads/main refs/remotes/main [26ms]
2025-03-07 13:01:13.655 [info] > git for-each-ref --format=%(refname)%00%(upstream:short)%00%(objectname)%00%(upstream:track)%00%(upstream:remotename)%00%(upstream:remoteref) refs/heads/main refs/remotes/main [15ms]
2025-03-07 13:01:13.659 [info] > git rev-parse --show-toplevel [5ms]
2025-03-07 13:01:13.703 [info] > git rev-parse --show-toplevel [20ms]
2025-03-07 13:01:13.703 [info] > git for-each-ref --format=%(refname)%00%(upstream:short)%00%(objectname)%00%(upstream:track)%00%(upstream:remotename)%00%(upstream:remoteref) refs/heads/main refs/remotes/main [32ms]
2025-03-07 13:01:14.209 [info] > git config --get --local branch.main.vscode-merge-base [494ms]
2025-03-07 13:01:14.209 [warning] [Git][config] git config failed: Failed to execute git
2025-03-07 13:01:14.220 [info] > git for-each-ref --format=%(refname)%00%(upstream:short)%00%(objectname)%00%(upstream:track)%00%(upstream:remotename)%00%(upstream:remoteref) refs/heads/main refs/remotes/main [519ms]
2025-03-07 13:01:14.231 [info] > git config --get commit.template [539ms]
2025-03-07 13:01:14.337 [info] > git config --get --local branch.main.vscode-merge-base [106ms]
2025-03-07 13:01:14.337 [warning] [Git][config] git config failed: Failed to execute git
2025-03-07 13:01:14.353 [info] > git reflog main --grep-reflog=branch: Created from *. [133ms]
2025-03-07 13:01:14.369 [info] > git rev-parse --show-toplevel [161ms]
2025-03-07 13:01:14.596 [info] > git symbolic-ref --short refs/remotes/origin/HEAD [227ms]
2025-03-07 13:01:14.596 [info] fatal: ref refs/remotes/origin/HEAD is not a symbolic ref
2025-03-07 13:01:14.597 [warning] [Repository][getDefaultBranch] Failed to get default branch details: Failed to execute git.
2025-03-07 13:01:14.608 [info] > git reflog main --grep-reflog=branch: Created from *. [255ms]
2025-03-07 13:01:14.654 [info] > git symbolic-ref --short refs/remotes/origin/HEAD [37ms]
2025-03-07 13:01:14.654 [info] fatal: ref refs/remotes/origin/HEAD is not a symbolic ref
2025-03-07 13:01:14.654 [warning] [Repository][getDefaultBranch] Failed to get default branch details: Failed to execute git.
2025-03-07 13:01:14.665 [info] > git merge-base refs/heads/main refs/remotes/origin/main [58ms]
2025-03-07 13:01:14.677 [info] > git rev-parse --show-toplevel [84ms]
2025-03-07 13:01:14.677 [info] [Model][doInitialScan] Initial repository scan completed - repositories (1), closed repositories (0), parent repositories (0), unsafe repositories (0)
2025-03-07 13:01:14.678 [info] > git for-each-ref --format=%(refname)%00%(upstream:short)%00%(objectname)%00%(upstream:track)%00%(upstream:remotename)%00%(upstream:remoteref) refs/heads/main refs/remotes/main [96ms]
2025-03-07 13:01:14.718 [info] > git diff --name-status -z --diff-filter=ADMR d85044ad7298712da0fecdf205551f51fc9cea3a...refs/remotes/origin/main [42ms]
2025-03-07 13:01:14.718 [info] > git merge-base refs/heads/main refs/remotes/origin/main [53ms]
2025-03-07 13:01:14.759 [info] > git diff --name-status -z --diff-filter=ADMR d85044ad7298712da0fecdf205551f51fc9cea3a...refs/remotes/origin/main [30ms]
2025-03-07 13:01:15.030 [info] > git check-ignore -v -z --stdin [256ms]
2025-03-07 13:01:15.031 [info] > git status -z -uall [14ms]
2025-03-07 13:01:15.035 [info] > git for-each-ref --sort -committerdate --format %(refname) %(objectname) %(*objectname) [6ms]
2025-03-07 13:01:15.161 [info] > git config --get --local branch.main.github-pr-owner-number [2ms]
2025-03-07 13:01:15.161 [warning] [Git][config] git config failed: Failed to execute git
2025-03-07 13:01:17.553 [info] > git check-ignore -v -z --stdin [2ms]
2025-03-07 13:01:19.119 [info] > git show --textconv :hypr/configs/binds.conf [18ms]
2025-03-07 13:01:19.126 [info] > git ls-files --stage -- /home/maguila/dotfiles/hypr/configs/binds.conf [8ms]
2025-03-07 13:01:19.143 [info] > git cat-file -s daad5a658b4c8ee0ac8fed2f35a7dfa9a52764e3 [3ms]
2025-03-07 13:01:22.150 [info] > git show --textconv :hypr/configs/input.conf [17ms]
2025-03-07 13:01:22.152 [info] > git ls-files --stage -- /home/maguila/dotfiles/hypr/configs/input.conf [3ms]
2025-03-07 13:01:22.169 [info] > git cat-file -s a19368c120b901a8abe2b0c46d70e512f432403f [2ms]
2025-03-07 13:01:23.674 [info] > git blame --root --incremental d85044ad7298712da0fecdf205551f51fc9cea3a -- /home/maguila/dotfiles/hypr/configs/input.conf [8ms]
2025-03-07 13:01:29.106 [info] > git config --get commit.template [14ms]
2025-03-07 13:01:29.109 [info] > git for-each-ref --format=%(refname)%00%(upstream:short)%00%(objectname)%00%(upstream:track)%00%(upstream:remotename)%00%(upstream:remoteref) refs/heads/main refs/remotes/main [4ms]
2025-03-07 13:01:29.143 [info] > git status -z -uall [20ms]
2025-03-07 13:01:29.143 [info] > git for-each-ref --sort -committerdate --format %(refname) %(objectname) %(*objectname) [6ms]
2025-03-07 13:03:11.083 [info] > git show --textconv :hypr/hyprland.conf [15ms]
2025-03-07 13:03:11.085 [info] > git ls-files --stage -- /home/maguila/dotfiles/hypr/hyprland.conf [4ms]
2025-03-07 13:03:11.100 [info] > git cat-file -s 0b6a53bdd744148360cc68eef3a0bdad5b655bec [4ms]
2025-03-07 13:03:11.126 [info] > git blame --root --incremental d85044ad7298712da0fecdf205551f51fc9cea3a -- /home/maguila/dotfiles/hypr/hyprland.conf [4ms]
2025-03-07 13:03:16.473 [info] > git show --textconv :hypr/configs/workspaces.conf [20ms]
2025-03-07 13:03:16.475 [info] > git ls-files --stage -- /home/maguila/dotfiles/hypr/configs/workspaces.conf [3ms]
2025-03-07 13:03:16.494 [info] > git cat-file -s 35b13ca36f78f1d3c471541c56febc387ada96c5 [3ms]
2025-03-07 13:03:17.523 [info] > git show --textconv :hypr/configs/monitors.conf [21ms]
2025-03-07 13:03:17.525 [info] > git ls-files --stage -- /home/maguila/dotfiles/hypr/configs/monitors.conf [4ms]
2025-03-07 13:03:17.551 [info] > git cat-file -s 664558c96079157f258a6352cb2068d1fc422e1e [6ms]
2025-03-07 13:03:22.462 [info] > git show --textconv :hypr/configs/binds.conf [20ms]
2025-03-07 13:03:22.465 [info] > git ls-files --stage -- /home/maguila/dotfiles/hypr/configs/binds.conf [5ms]
2025-03-07 13:03:22.487 [info] > git cat-file -s daad5a658b4c8ee0ac8fed2f35a7dfa9a52764e3 [4ms]
2025-03-07 13:04:04.761 [info] > git check-ignore -v -z --stdin [3ms]
2025-03-07 13:04:13.732 [info] > git fetch [14ms]
2025-03-07 13:04:13.732 [info] ssh: Could not resolve hostname github.com: Temporary failure in name resolution
fatal: Could not read from remote repository.

Please make sure you have the correct access rights
and the repository exists.
2025-03-07 13:04:13.759 [info] > git config --get commit.template [14ms]
2025-03-07 13:04:13.759 [info] > git for-each-ref --format=%(refname)%00%(upstream:short)%00%(objectname)%00%(upstream:track)%00%(upstream:remotename)%00%(upstream:remoteref) refs/heads/main refs/remotes/main [2ms]
2025-03-07 13:04:13.792 [info] > git status -z -uall [18ms]
2025-03-07 13:04:13.793 [info] > git for-each-ref --sort -committerdate --format %(refname) %(objectname) %(*objectname) [3ms]
2025-03-07 13:04:14.830 [info] > git config --get commit.template [15ms]
2025-03-07 13:04:14.832 [info] > git for-each-ref --format=%(refname)%00%(upstream:short)%00%(objectname)%00%(upstream:track)%00%(upstream:remotename)%00%(upstream:remoteref) refs/heads/main refs/remotes/main [3ms]
2025-03-07 13:04:14.859 [info] > git status -z -uall [14ms]
2025-03-07 13:04:14.862 [info] > git for-each-ref --sort -committerdate --format %(refname) %(objectname) %(*objectname) [3ms]
2025-03-07 13:04:14.919 [info] > git ls-files --stage -- /home/maguila/dotfiles/hypr/configs/binds.conf [3ms]
2025-03-07 13:04:14.936 [info] > git cat-file -s daad5a658b4c8ee0ac8fed2f35a7dfa9a52764e3 [3ms]
2025-03-07 13:04:14.954 [info] > git show --textconv :hypr/configs/binds.conf [3ms]
2025-03-07 13:04:15.988 [info] > git show --textconv :hypr/configs/input.conf [17ms]
2025-03-07 13:04:15.990 [info] > git ls-files --stage -- /home/maguila/dotfiles/hypr/configs/input.conf [3ms]
2025-03-07 13:04:16.006 [info] > git cat-file -s a19368c120b901a8abe2b0c46d70e512f432403f [2ms]
2025-03-07 13:04:19.903 [info] > git config --get commit.template [17ms]
2025-03-07 13:04:19.906 [info] > git for-each-ref --format=%(refname)%00%(upstream:short)%00%(objectname)%00%(upstream:track)%00%(upstream:remotename)%00%(upstream:remoteref) refs/heads/main refs/remotes/main [3ms]
2025-03-07 13:04:19.937 [info] > git status -z -uall [16ms]
2025-03-07 13:04:19.939 [info] > git for-each-ref --sort -committerdate --format %(refname) %(objectname) %(*objectname) [3ms]
