2025-03-07 11:35:27.939 [info] Marked extension as removed pkief.material-icon-theme-5.19.0
2025-03-07 11:35:28.054 [info] Deleted marked for removal extension from disk pkief.material-icon-theme /home/maguila/.vscode-oss/extensions/pkief.material-icon-theme-5.19.0-universal
2025-03-07 11:35:31.655 [info] Getting Manifest... github.vscode-pull-request-github
2025-03-07 11:35:31.658 [info] Getting Manifest... ms-python.debugpy
2025-03-07 11:35:31.660 [info] Getting Manifest... ms-python.python
2025-03-07 11:35:32.919 [info] Installing extension: ms-python.debugpy {"productVersion":{"version":"1.97.0","date":"2025-02-07T17:57:43.923Z"},"pinned":false,"operation":3,"isApplicationScoped":false,"profileLocation":{"$mid":1,"external":"vscode-userdata:/home/maguila/.vscode-oss/extensions/extensions.json","path":"/home/maguila/.vscode-oss/extensions/extensions.json","scheme":"vscode-userdata"},"installOnlyNewlyAddedFromExtensionPack":true}
2025-03-07 11:35:33.066 [info] Getting Manifest... ms-python.python
2025-03-07 11:35:33.448 [info] Installing extension: ms-python.python {"productVersion":{"version":"1.97.0","date":"2025-02-07T17:57:43.923Z"},"pinned":false,"operation":3,"isApplicationScoped":false,"profileLocation":{"$mid":1,"external":"vscode-userdata:/home/maguila/.vscode-oss/extensions/extensions.json","path":"/home/maguila/.vscode-oss/extensions/extensions.json","scheme":"vscode-userdata"},"installOnlyNewlyAddedFromExtensionPack":true}
2025-03-07 11:35:33.669 [info] Installing extension: github.vscode-pull-request-github {"productVersion":{"version":"1.97.0","date":"2025-02-07T17:57:43.923Z"},"pinned":false,"operation":3,"isApplicationScoped":false,"profileLocation":{"$mid":1,"external":"vscode-userdata:/home/maguila/.vscode-oss/extensions/extensions.json","path":"/home/maguila/.vscode-oss/extensions/extensions.json","scheme":"vscode-userdata"},"installOnlyNewlyAddedFromExtensionPack":true}
2025-03-07 11:35:36.336 [error] Could not load vsce-sign module Cannot find package '@vscode/vsce-sign' imported from /usr/lib/code/out/vs/code/electron-utility/sharedProcess/sharedProcessMain.js
2025-03-07 11:35:36.337 [info] Extension signature verification is not done: ms-python.python
2025-03-07 11:35:38.094 [info] Extracted extension to file:///home/maguila/.vscode-oss/extensions/ms-python.python-2025.2.0-universal: ms-python.python
2025-03-07 11:35:38.193 [info] Renamed to /home/maguila/.vscode-oss/extensions/ms-python.python-2025.2.0-universal
2025-03-07 11:35:38.219 [info] Marked extension as removed ms-python.python-2025.0.0
2025-03-07 11:35:38.238 [info] Extension installed successfully: ms-python.python vscode-userdata:/home/maguila/.vscode-oss/extensions/extensions.json
2025-03-07 11:35:40.879 [error] Could not load vsce-sign module Cannot find package '@vscode/vsce-sign' imported from /usr/lib/code/out/vs/code/electron-utility/sharedProcess/sharedProcessMain.js
2025-03-07 11:35:40.879 [info] Extension signature verification is not done: github.vscode-pull-request-github
2025-03-07 11:35:41.000 [info] Extracted extension to file:///home/maguila/.vscode-oss/extensions/github.vscode-pull-request-github-0.106.0-universal: github.vscode-pull-request-github
2025-03-07 11:35:41.014 [info] Renamed to /home/maguila/.vscode-oss/extensions/github.vscode-pull-request-github-0.106.0-universal
2025-03-07 11:35:41.071 [info] Marked extension as removed github.vscode-pull-request-github-0.104.1
2025-03-07 11:35:41.077 [info] Extension installed successfully: github.vscode-pull-request-github vscode-userdata:/home/maguila/.vscode-oss/extensions/extensions.json
2025-03-07 11:35:58.595 [info] Getting Manifest... ms-python.debugpy
2025-03-07 11:35:58.776 [info] Extension is already requested to install ms-python.debugpy vscode-userdata:/home/maguila/.vscode-oss/extensions/extensions.json
2025-03-07 11:36:00.852 [error] Could not load vsce-sign module Cannot find package '@vscode/vsce-sign' imported from /usr/lib/code/out/vs/code/electron-utility/sharedProcess/sharedProcessMain.js
2025-03-07 11:36:00.852 [info] Extension signature verification is not done: ms-python.debugpy
2025-03-07 11:36:01.567 [info] Extracted extension to file:///home/maguila/.vscode-oss/extensions/ms-python.debugpy-2025.4.0-linux-x64: ms-python.debugpy
2025-03-07 11:36:01.589 [info] Renamed to /home/maguila/.vscode-oss/extensions/ms-python.debugpy-2025.4.0-linux-x64
2025-03-07 11:36:01.610 [info] Marked extension as removed ms-python.debugpy-2025.0.1
2025-03-07 11:36:01.618 [info] Extension installed successfully: ms-python.debugpy vscode-userdata:/home/maguila/.vscode-oss/extensions/extensions.json
