2025-02-28 09:26:52.677 [info] Reading sessions from keychain...
2025-02-28 09:26:52.677 [info] Getting sessions for all scopes...
2025-02-28 09:26:52.677 [info] Getting sessions for all scopes...
2025-02-28 09:26:52.677 [info] Got 0 sessions for ...
2025-02-28 09:26:52.677 [info] Got 0 sessions for ...
2025-02-28 09:26:52.677 [info] Getting sessions for project,read:org,read:user,repo,user:email,workflow...
2025-02-28 09:26:52.677 [info] Got 0 sessions for project,read:org,read:user,repo,user:email,workflow...
2025-02-28 09:26:52.721 [info] Getting sessions for read:user,repo,user:email,workflow...
2025-02-28 09:26:52.721 [info] Got 0 sessions for read:user,repo,user:email,workflow...
2025-02-28 09:26:52.906 [info] Getting sessions for read:user,repo,user:email...
2025-02-28 09:26:52.906 [info] Got 0 sessions for read:user,repo,user:email...
2025-02-28 09:26:52.928 [info] Getting sessions for read:user,repo,user:email,workflow...
2025-02-28 09:26:52.928 [info] Got 0 sessions for read:user,repo,user:email,workflow...
2025-02-28 09:26:52.979 [info] Getting sessions for read:user,repo,user:email,workflow...
2025-02-28 09:26:52.979 [info] Got 0 sessions for read:user,repo,user:email,workflow...
2025-02-28 09:26:53.377 [info] Getting sessions for all scopes...
2025-02-28 09:26:53.377 [info] Got 0 sessions for ...
2025-02-28 09:46:28.067 [info] Reading sessions from keychain...
2025-02-28 09:46:28.067 [info] Getting sessions for all scopes...
2025-02-28 09:46:28.067 [info] Got 0 sessions for ...
2025-02-28 09:46:28.067 [info] Getting sessions for all scopes...
2025-02-28 09:46:28.067 [info] Got 0 sessions for ...
2025-02-28 09:46:28.067 [info] Getting sessions for project,read:org,read:user,repo,user:email,workflow...
2025-02-28 09:46:28.067 [info] Got 0 sessions for project,read:org,read:user,repo,user:email,workflow...
2025-02-28 09:46:28.115 [info] Getting sessions for read:user,repo,user:email,workflow...
2025-02-28 09:46:28.115 [info] Got 0 sessions for read:user,repo,user:email,workflow...
2025-02-28 09:46:28.116 [info] Getting sessions for read:user,repo,user:email,workflow...
2025-02-28 09:46:28.116 [info] Got 0 sessions for read:user,repo,user:email,workflow...
2025-02-28 09:46:28.126 [info] Getting sessions for read:user,repo,user:email...
2025-02-28 09:46:28.126 [info] Got 0 sessions for read:user,repo,user:email...
2025-02-28 09:46:28.129 [info] Getting sessions for read:user,repo,user:email,workflow...
2025-02-28 09:46:28.129 [info] Got 0 sessions for read:user,repo,user:email,workflow...
