2025-02-10 17:30:09 Loading main app package /usr/lib/obsidian/obsidian.asar
2025-02-10 17:30:09 Checking for update using Github
2025-02-10 17:30:09 Failed to check for update using Github (net::ERR_INTERNET_DISCONNECTED)
2025-02-10 17:30:09 Checking for update using obsidian.md
2025-02-10 17:30:09 Failed to check for update using obsidian.md (net::ERR_INTERNET_DISCONNECTED)
2025-02-10 18:38:28 Loading main app package /usr/lib/obsidian/obsidian.asar
2025-02-10 18:38:28 Checking for update using Github
2025-02-10 18:38:29 Success.
2025-02-10 18:38:29 Latest version is 1.8.4
2025-02-10 18:38:29 App is up to date.
2025-02-10 19:38:28 Checking for update using Github
2025-02-10 19:38:28 Success.
2025-02-10 19:38:28 Latest version is 1.8.4
2025-02-10 19:38:28 App is up to date.
2025-02-10 20:49:11 Loading main app package /usr/lib/obsidian/obsidian.asar
2025-02-10 20:49:12 Checking for update using Github
2025-02-10 20:49:12 Success.
2025-02-10 20:49:12 Latest version is 1.8.4
2025-02-10 20:49:12 App is up to date.
2025-02-11 21:22:44 Loading main app package /usr/lib/obsidian/obsidian.asar
2025-02-11 21:22:44 Checking for update using Github
2025-02-11 21:22:44 Failed to check for update using Github (net::ERR_INTERNET_DISCONNECTED)
2025-02-11 21:22:44 Checking for update using obsidian.md
2025-02-11 21:22:44 Failed to check for update using obsidian.md (net::ERR_INTERNET_DISCONNECTED)
2025-02-11 22:22:43 Checking for update using Github
2025-02-11 22:22:44 Success.
2025-02-11 22:22:44 Latest version is 1.8.4
2025-02-11 22:22:44 App is up to date.
2025-02-14 15:20:51 Loading main app package /usr/lib/obsidian/obsidian.asar
2025-02-14 15:20:51 Checking for update using Github
2025-02-14 15:20:51 Failed to check for update using Github (net::ERR_INTERNET_DISCONNECTED)
2025-02-14 15:20:51 Checking for update using obsidian.md
2025-02-14 15:20:51 Failed to check for update using obsidian.md (net::ERR_INTERNET_DISCONNECTED)
2025-02-14 15:21:16 Loading main app package /usr/lib/obsidian/obsidian.asar
2025-02-14 15:21:16 Checking for update using Github
2025-02-14 15:21:17 Success.
2025-02-14 15:21:17 Latest version is 1.8.4
2025-02-14 15:21:17 App is up to date.
2025-02-14 16:21:16 Checking for update using Github
2025-02-14 16:21:16 Success.
2025-02-14 16:21:16 Latest version is 1.8.4
2025-02-14 16:21:16 App is up to date.
2025-02-14 17:21:16 Checking for update using Github
2025-02-14 17:21:16 Success.
2025-02-14 17:21:16 Latest version is 1.8.4
2025-02-14 17:21:16 App is up to date.
2025-02-14 19:47:49 Loading main app package /usr/lib/obsidian/obsidian.asar
2025-02-14 19:47:49 Checking for update using Github
2025-02-14 19:47:50 Success.
2025-02-14 19:47:50 Latest version is 1.8.4
2025-02-14 19:47:50 App is up to date.
2025-02-15 23:21:21 Loading main app package /usr/lib/obsidian/obsidian.asar
2025-02-15 23:21:22 Checking for update using Github
2025-02-15 23:21:22 Success.
2025-02-15 23:21:22 Latest version is 1.8.4
2025-02-15 23:21:22 App is up to date.
2025-02-16 00:21:20 Checking for update using Github
2025-02-16 00:21:20 Success.
2025-02-16 00:21:20 Latest version is 1.8.4
2025-02-16 00:21:20 App is up to date.
2025-02-16 01:21:20 Checking for update using Github
2025-02-16 01:21:20 Success.
2025-02-16 01:21:20 Latest version is 1.8.4
2025-02-16 01:21:20 App is up to date.
2025-02-18 01:34:24 Loading main app package /usr/lib/obsidian/obsidian.asar
2025-02-18 01:34:24 Checking for update using Github
2025-02-18 01:34:24 Success.
2025-02-18 01:34:24 Latest version is 1.8.4
2025-02-18 01:34:24 App is up to date.
2025-02-18 01:44:13 Loading main app package /usr/lib/obsidian/obsidian.asar
2025-02-18 01:44:13 Checking for update using Github
2025-02-18 01:44:13 Success.
2025-02-18 01:44:13 Latest version is 1.8.4
2025-02-18 01:44:13 App is up to date.
2025-02-24 03:56:15 Loading main app package /usr/lib/obsidian/obsidian.asar
2025-02-24 03:56:15 Checking for update using Github
2025-02-24 03:56:16 Success.
2025-02-24 03:56:16 Latest version is 1.8.7
2025-02-24 03:56:16 Downloading update from https://github.com/obsidianmd/obsidian-releases/releases/download/v1.8.7/obsidian-1.8.7.asar.gz
2025-02-24 03:56:17 Verifying hash & signature. Size= 8128038
2025-02-24 03:56:17 Saving file
2025-02-24 03:56:17 Update complete.
2025-02-24 16:16:44 Checking for update using Github
2025-02-24 16:16:45 Success.
2025-02-24 16:16:45 Latest version is 1.8.7
2025-02-24 16:16:45 An update is already downloaded.
2025-02-24 17:16:44 Checking for update using Github
2025-02-24 17:16:45 Success.
2025-02-24 17:16:45 Latest version is 1.8.7
2025-02-24 17:16:45 An update is already downloaded.
2025-02-24 18:15:54 Loading updated app package /home/maguila/.config/obsidian/obsidian-1.8.7.asar
2025-02-24 18:15:54 Checking for update using Github
2025-02-24 18:15:54 Success.
2025-02-24 18:15:54 Latest version is 1.8.7
2025-02-24 18:15:54 App is up to date.
2025-02-26 16:26:02 Checking for update using Github
2025-02-26 16:26:02 Success.
2025-02-26 16:26:02 Latest version is 1.8.7
2025-02-26 16:26:02 App is up to date.
2025-02-26 17:26:02 Checking for update using Github
2025-02-26 17:26:02 Success.
2025-02-26 17:26:02 Latest version is 1.8.7
2025-02-26 17:26:02 App is up to date.
2025-02-27 05:53:04 Checking for update using Github
2025-02-27 05:53:04 Success.
2025-02-27 05:53:04 Latest version is 1.8.7
2025-02-27 05:53:04 App is up to date.
2025-02-27 06:33:26 Loading updated app package /home/maguila/.config/obsidian/obsidian-1.8.7.asar
2025-02-27 06:33:27 Checking for update using Github
2025-02-27 06:33:27 Success.
2025-02-27 06:33:27 Latest version is 1.8.7
2025-02-27 06:33:27 App is up to date.
2025-02-28 04:48:46 Loading updated app package /home/maguila/.config/obsidian/obsidian-1.8.7.asar
2025-02-28 04:48:46 Checking for update using Github
2025-02-28 04:48:46 Success.
2025-02-28 04:48:46 Latest version is 1.8.7
2025-02-28 04:48:46 App is up to date.
2025-02-28 05:39:00 Loading updated app package /home/maguila/.config/obsidian/obsidian-1.8.7.asar
2025-02-28 05:39:01 Checking for update using Github
2025-02-28 05:39:01 Success.
2025-02-28 05:39:01 Latest version is 1.8.7
2025-02-28 05:39:01 App is up to date.
2025-02-28 06:02:45 Loading updated app package /home/maguila/.config/obsidian/obsidian-1.8.7.asar
2025-02-28 06:02:46 Checking for update using Github
2025-02-28 06:02:46 Success.
2025-02-28 06:02:46 Latest version is 1.8.7
2025-02-28 06:02:46 App is up to date.
2025-02-28 06:05:25 Loading updated app package /home/maguila/.config/obsidian/obsidian-1.8.7.asar
2025-02-28 06:05:25 Checking for update using Github
2025-02-28 06:05:25 Success.
2025-02-28 06:05:25 Latest version is 1.8.7
2025-02-28 06:05:25 App is up to date.
2025-02-28 15:22:42 Loading updated app package /home/maguila/.config/obsidian/obsidian-1.8.7.asar
2025-02-28 15:22:42 Checking for update using Github
2025-02-28 15:22:42 Failed to check for update using Github (net::ERR_INTERNET_DISCONNECTED)
2025-02-28 15:22:42 Checking for update using obsidian.md
2025-02-28 15:22:42 Failed to check for update using obsidian.md (net::ERR_INTERNET_DISCONNECTED)
2025-02-28 16:01:28 Loading updated app package /home/maguila/.config/obsidian/obsidian-1.8.7.asar
2025-02-28 16:01:29 Checking for update using Github
2025-02-28 16:01:29 Success.
2025-02-28 16:01:29 Latest version is 1.8.7
2025-02-28 16:01:29 App is up to date.
2025-02-28 17:47:45 Loading updated app package /home/maguila/.config/obsidian/obsidian-1.8.7.asar
2025-02-28 17:47:45 Checking for update using Github
2025-02-28 17:47:45 Failed to check for update using Github (net::ERR_INTERNET_DISCONNECTED)
2025-02-28 17:47:45 Checking for update using obsidian.md
2025-02-28 17:47:45 Failed to check for update using obsidian.md (net::ERR_INTERNET_DISCONNECTED)
2025-03-03 15:48:26 Loading updated app package /home/maguila/.config/obsidian/obsidian-1.8.7.asar
2025-03-03 15:48:27 Checking for update using Github
2025-03-03 15:48:27 Failed to check for update using Github (net::ERR_INTERNET_DISCONNECTED)
2025-03-03 15:48:27 Checking for update using obsidian.md
2025-03-03 15:48:27 Failed to check for update using obsidian.md (net::ERR_INTERNET_DISCONNECTED)
2025-03-03 17:43:43 Loading updated app package /home/maguila/.config/obsidian/obsidian-1.8.7.asar
2025-03-03 17:43:43 Checking for update using Github
2025-03-03 17:43:43 Success.
2025-03-03 17:43:43 Latest version is 1.8.7
2025-03-03 17:43:43 App is up to date.
2025-03-03 17:43:50 Loading updated app package /home/maguila/.config/obsidian/obsidian-1.8.7.asar
2025-03-03 17:43:50 Checking for update using Github
2025-03-03 18:43:43 Checking for update using Github
2025-03-03 18:43:43 Success.
2025-03-03 18:43:43 Latest version is 1.8.7
2025-03-03 18:43:43 App is up to date.
2025-03-03 19:43:43 Checking for update using Github
2025-03-03 19:43:43 Success.
2025-03-03 19:43:43 Latest version is 1.8.7
2025-03-03 19:43:43 App is up to date.
2025-03-05 14:51:10 Loading updated app package /home/maguila/.config/obsidian/obsidian-1.8.7.asar
2025-03-05 14:51:11 Checking for update using Github
2025-03-05 14:51:11 Failed to check for update using Github (net::ERR_INTERNET_DISCONNECTED)
2025-03-05 14:51:11 Checking for update using obsidian.md
2025-03-05 14:51:11 Failed to check for update using obsidian.md (net::ERR_INTERNET_DISCONNECTED)
2025-03-05 16:26:41 Loading updated app package /home/maguila/.config/obsidian/obsidian-1.8.7.asar
2025-03-05 16:26:41 Checking for update using Github
2025-03-05 16:26:41 Success.
2025-03-05 16:26:41 Latest version is 1.8.9
2025-03-05 16:26:41 Downloading update from https://github.com/obsidianmd/obsidian-releases/releases/download/v1.8.9/obsidian-1.8.9.asar.gz
2025-03-05 16:26:43 Verifying hash & signature. Size= 8125625
2025-03-05 16:26:44 Saving file
2025-03-05 16:26:44 Update complete.
2025-03-05 18:07:51 Loading updated app package /home/maguila/.config/obsidian/obsidian-1.8.9.asar
2025-03-05 18:07:51 Checking for update using Github
2025-03-05 18:07:52 Success.
2025-03-05 18:07:52 Latest version is 1.8.9
2025-03-05 18:07:52 App is up to date.
2025-03-05 19:07:51 Checking for update using Github
2025-03-05 19:07:51 Success.
2025-03-05 19:07:51 Latest version is 1.8.9
2025-03-05 19:07:51 App is up to date.
2025-03-05 20:07:51 Checking for update using Github
2025-03-05 20:07:51 Success.
2025-03-05 20:07:51 Latest version is 1.8.9
2025-03-05 20:07:51 App is up to date.
2025-03-05 21:07:51 Checking for update using Github
2025-03-05 21:07:51 Success.
2025-03-05 21:07:51 Latest version is 1.8.9
2025-03-05 21:07:51 App is up to date.
2025-03-07 17:04:10 Loading updated app package /home/maguila/.config/obsidian/obsidian-1.8.9.asar
2025-03-07 17:04:11 Checking for update using Github
2025-03-07 17:04:11 Success.
2025-03-07 17:04:11 Latest version is 1.8.9
2025-03-07 17:04:11 App is up to date.
2025-03-07 17:06:08 Loading updated app package /home/maguila/.config/obsidian/obsidian-1.8.9.asar
2025-03-07 17:06:08 Checking for update using Github
2025-03-07 17:06:09 Success.
2025-03-07 17:06:09 Latest version is 1.8.9
2025-03-07 17:06:09 App is up to date.
2025-03-07 17:07:39 Loading updated app package /home/maguila/.config/obsidian/obsidian-1.8.9.asar
2025-03-07 17:07:39 Checking for update using Github
2025-03-07 17:07:39 Success.
2025-03-07 17:07:39 Latest version is 1.8.9
2025-03-07 17:07:39 App is up to date.
2025-03-07 17:08:46 Loading updated app package /home/maguila/.config/obsidian/obsidian-1.8.9.asar
2025-03-07 17:08:47 Checking for update using Github
2025-03-07 17:08:47 Success.
2025-03-07 17:08:47 Latest version is 1.8.9
2025-03-07 17:08:47 App is up to date.
2025-03-07 17:10:05 Loading updated app package /home/maguila/.config/obsidian/obsidian-1.8.9.asar
2025-03-07 17:10:05 Checking for update using Github
2025-03-07 17:10:05 Success.
2025-03-07 17:10:05 Latest version is 1.8.9
2025-03-07 17:10:05 App is up to date.
2025-03-07 17:10:40 Loading updated app package /home/maguila/.config/obsidian/obsidian-1.8.9.asar
2025-03-07 17:10:40 Checking for update using Github
2025-03-07 17:10:40 Success.
2025-03-07 17:10:40 Latest version is 1.8.9
2025-03-07 17:10:40 App is up to date.
2025-03-07 17:32:37 Loading updated app package /home/maguila/.config/obsidian/obsidian-1.8.9.asar
2025-03-07 17:32:38 Checking for update using Github
2025-03-07 17:32:38 Success.
2025-03-07 17:32:38 Latest version is 1.8.9
2025-03-07 17:32:38 App is up to date.
2025-03-07 18:06:39 Loading updated app package /home/maguila/.config/obsidian/obsidian-1.8.9.asar
2025-03-07 18:06:40 Checking for update using Github
2025-03-07 18:06:40 Success.
2025-03-07 18:06:40 Latest version is 1.8.9
2025-03-07 18:06:40 App is up to date.
2025-03-07 19:09:10 Loading updated app package /home/maguila/.config/obsidian/obsidian-1.8.9.asar
2025-03-07 19:09:11 Checking for update using Github
2025-03-07 19:09:11 Failed to check for update using Github (net::ERR_INTERNET_DISCONNECTED)
2025-03-07 19:09:11 Checking for update using obsidian.md
2025-03-07 19:09:11 Failed to check for update using obsidian.md (net::ERR_INTERNET_DISCONNECTED)
2025-03-07 20:14:25 Loading updated app package /home/maguila/.config/obsidian/obsidian-1.8.9.asar
2025-03-07 20:14:25 Checking for update using Github
2025-03-07 20:14:25 Success.
2025-03-07 20:14:25 Latest version is 1.8.9
2025-03-07 20:14:25 App is up to date.
2025-03-10 18:30:39 Loading updated app package /home/maguila/.config/obsidian/obsidian-1.8.9.asar
2025-03-10 18:30:39 Checking for update using Github
2025-03-10 18:30:40 Success.
2025-03-10 18:30:40 Latest version is 1.8.9
2025-03-10 18:30:40 App is up to date.
2025-03-12 16:29:35 Loading updated app package /home/maguila/.config/obsidian/obsidian-1.8.9.asar
2025-03-12 16:29:35 Checking for update using Github
2025-03-12 16:29:35 Failed to check for update using Github (net::ERR_INTERNET_DISCONNECTED)
2025-03-12 16:29:35 Checking for update using obsidian.md
2025-03-12 16:29:35 Failed to check for update using obsidian.md (net::ERR_INTERNET_DISCONNECTED)
2025-03-12 17:29:34 Checking for update using Github
2025-03-12 17:29:34 Success.
2025-03-12 17:29:34 Latest version is 1.8.9
2025-03-12 17:29:34 App is up to date.
2025-03-12 20:22:10 Loading updated app package /home/maguila/.config/obsidian/obsidian-1.8.9.asar
2025-03-12 20:22:10 Checking for update using Github
2025-03-12 20:22:10 Success.
2025-03-12 20:22:10 Latest version is 1.8.9
2025-03-12 20:22:10 App is up to date.
2025-03-14 14:18:19 Loading updated app package /home/maguila/.config/obsidian/obsidian-1.8.9.asar
2025-03-14 14:18:19 Checking for update using Github
2025-03-14 14:18:19 Failed to check for update using Github (net::ERR_INTERNET_DISCONNECTED)
2025-03-14 14:18:19 Checking for update using obsidian.md
2025-03-14 14:18:19 Failed to check for update using obsidian.md (net::ERR_INTERNET_DISCONNECTED)
