2025-02-28 10:01:47.370 [info] [main] Log level: Info
2025-02-28 10:01:47.370 [info] [main] Validating found git in: "git"
2025-02-28 10:01:47.370 [info] [main] Using git "2.48.1" from "git"
2025-02-28 10:01:47.370 [info] [Model][doInitialScan] Initial repository scan started
2025-02-28 10:01:47.370 [info] > git rev-parse --show-toplevel [3ms]
2025-02-28 10:01:47.370 [info] > git rev-parse --git-dir --git-common-dir [2ms]
2025-02-28 10:01:47.370 [info] [Model][openRepository] Opened repository: /home/maguila/gitRepos/Learning-JavaScript
2025-02-28 10:01:47.370 [info] > git config --get commit.template [11ms]
2025-02-28 10:01:47.370 [info] > git rev-parse --show-toplevel [3ms]
2025-02-28 10:01:47.370 [info] [Model][doInitialScan] Initial repository scan completed - repositories (1), closed repositories (0), parent repositories (0), unsafe repositories (0)
2025-02-28 10:01:47.370 [info] > git for-each-ref --format=%(refname)%00%(upstream:short)%00%(objectname)%00%(upstream:track)%00%(upstream:remotename)%00%(upstream:remoteref) refs/heads/main refs/remotes/main [10ms]
2025-02-28 10:01:47.401 [info] > git status -z -uall [14ms]
2025-02-28 10:01:47.413 [info] > git for-each-ref --sort -committerdate --format %(refname) %(objectname) %(*objectname) [15ms]
2025-02-28 10:01:47.975 [info] > git for-each-ref --format=%(refname)%00%(upstream:short)%00%(objectname)%00%(upstream:track)%00%(upstream:remotename)%00%(upstream:remoteref) refs/heads/main refs/remotes/main [532ms]
2025-02-28 10:01:48.102 [info] > git config --get --local branch.main.vscode-merge-base [115ms]
2025-02-28 10:01:48.116 [info] > git config --get commit.template [141ms]
2025-02-28 10:01:48.284 [info] > git for-each-ref --format=%(refname)%00%(upstream:short)%00%(objectname)%00%(upstream:track)%00%(upstream:remotename)%00%(upstream:remoteref) refs/heads/origin/main refs/remotes/origin/main [169ms]
2025-02-28 10:01:48.330 [info] > git merge-base refs/heads/main refs/remotes/origin/main [32ms]
2025-02-28 10:01:48.344 [info] > git for-each-ref --format=%(refname)%00%(upstream:short)%00%(objectname)%00%(upstream:track)%00%(upstream:remotename)%00%(upstream:remoteref) refs/heads/main refs/remotes/main [16ms]
2025-02-28 10:01:48.349 [info] > git diff --name-status -z --diff-filter=ADMR 398c432d93eadcb9064658f837d1da9229831cbb...refs/remotes/origin/main [9ms]
2025-02-28 10:01:48.387 [info] > git status -z -uall [22ms]
2025-02-28 10:01:48.387 [info] > git for-each-ref --sort -committerdate --format %(refname) %(objectname) %(*objectname) [8ms]
2025-02-28 10:01:48.642 [info] > git check-ignore -v -z --stdin [40ms]
2025-02-28 10:01:48.745 [info] > git config --get --local branch.main.github-pr-owner-number [3ms]
2025-02-28 10:01:48.745 [warning] [Git][config] git config failed: Failed to execute git
2025-02-28 10:06:19.743 [info] > git config --get commit.template [17ms]
2025-02-28 10:06:19.744 [info] > git for-each-ref --format=%(refname)%00%(upstream:short)%00%(objectname)%00%(upstream:track)%00%(upstream:remotename)%00%(upstream:remoteref) refs/heads/main refs/remotes/main [5ms]
2025-02-28 10:06:19.776 [info] > git status -z -uall [14ms]
2025-02-28 10:06:19.779 [info] > git for-each-ref --sort -committerdate --format %(refname) %(objectname) %(*objectname) [5ms]
2025-02-28 10:06:24.816 [info] > git config --get commit.template [16ms]
2025-02-28 10:06:24.818 [info] > git for-each-ref --format=%(refname)%00%(upstream:short)%00%(objectname)%00%(upstream:track)%00%(upstream:remotename)%00%(upstream:remoteref) refs/heads/main refs/remotes/main [3ms]
2025-02-28 10:06:24.847 [info] > git status -z -uall [15ms]
2025-02-28 10:06:24.850 [info] > git for-each-ref --sort -committerdate --format %(refname) %(objectname) %(*objectname) [4ms]
2025-02-28 10:06:39.331 [info] > git check-ignore -v -z --stdin [4ms]
2025-02-28 10:06:39.890 [info] > git for-each-ref --format=%(refname)%00%(upstream:short)%00%(objectname)%00%(upstream:track)%00%(upstream:remotename)%00%(upstream:remoteref) refs/heads/main refs/remotes/main [3ms]
2025-02-28 10:06:39.891 [info] > git config --get commit.template [19ms]
2025-02-28 10:06:39.919 [info] > git status -z -uall [13ms]
2025-02-28 10:06:39.921 [info] > git for-each-ref --sort -committerdate --format %(refname) %(objectname) %(*objectname) [3ms]
2025-02-28 10:06:55.015 [info] > git check-ignore -v -z --stdin [3ms]
2025-02-28 10:06:55.585 [info] > git config --get commit.template [16ms]
2025-02-28 10:06:55.587 [info] > git for-each-ref --format=%(refname)%00%(upstream:short)%00%(objectname)%00%(upstream:track)%00%(upstream:remotename)%00%(upstream:remoteref) refs/heads/main refs/remotes/main [3ms]
2025-02-28 10:06:55.619 [info] > git status -z -uall [17ms]
2025-02-28 10:06:55.621 [info] > git for-each-ref --sort -committerdate --format %(refname) %(objectname) %(*objectname) [4ms]
2025-02-28 10:07:01.128 [info] > git config --get commit.template [14ms]
2025-02-28 10:07:01.129 [info] > git for-each-ref --format=%(refname)%00%(upstream:short)%00%(objectname)%00%(upstream:track)%00%(upstream:remotename)%00%(upstream:remoteref) refs/heads/main refs/remotes/main [2ms]
2025-02-28 10:07:01.162 [info] > git status -z -uall [20ms]
2025-02-28 10:07:01.167 [info] > git for-each-ref --sort -committerdate --format %(refname) %(objectname) %(*objectname) [6ms]
2025-02-28 10:07:01.683 [info] > git check-ignore -v -z --stdin [2ms]
2025-02-28 10:07:10.887 [info] > git check-ignore -v -z --stdin [2ms]
2025-02-28 10:07:11.446 [info] > git config --get commit.template [13ms]
2025-02-28 10:07:11.448 [info] > git for-each-ref --format=%(refname)%00%(upstream:short)%00%(objectname)%00%(upstream:track)%00%(upstream:remotename)%00%(upstream:remoteref) refs/heads/main refs/remotes/main [3ms]
2025-02-28 10:07:11.473 [info] > git status -z -uall [13ms]
2025-02-28 10:07:11.474 [info] > git for-each-ref --sort -committerdate --format %(refname) %(objectname) %(*objectname) [2ms]
2025-02-28 10:07:20.450 [info] > git check-ignore -v -z --stdin [1ms]
2025-02-28 10:07:21.018 [info] > git config --get commit.template [14ms]
2025-02-28 10:07:21.020 [info] > git for-each-ref --format=%(refname)%00%(upstream:short)%00%(objectname)%00%(upstream:track)%00%(upstream:remotename)%00%(upstream:remoteref) refs/heads/main refs/remotes/main [2ms]
2025-02-28 10:07:21.044 [info] > git status -z -uall [13ms]
2025-02-28 10:07:21.047 [info] > git for-each-ref --sort -committerdate --format %(refname) %(objectname) %(*objectname) [4ms]
2025-02-28 10:07:30.214 [info] > git check-ignore -v -z --stdin [2ms]
2025-02-28 10:07:30.777 [info] > git config --get commit.template [14ms]
2025-02-28 10:07:30.780 [info] > git for-each-ref --format=%(refname)%00%(upstream:short)%00%(objectname)%00%(upstream:track)%00%(upstream:remotename)%00%(upstream:remoteref) refs/heads/main refs/remotes/main [3ms]
2025-02-28 10:07:30.804 [info] > git status -z -uall [13ms]
2025-02-28 10:07:30.807 [info] > git for-each-ref --sort -committerdate --format %(refname) %(objectname) %(*objectname) [3ms]
2025-02-28 10:08:28.424 [info] > git check-ignore -v -z --stdin [2ms]
2025-02-28 10:08:28.999 [info] > git config --get commit.template [14ms]
2025-02-28 10:08:29.001 [info] > git for-each-ref --format=%(refname)%00%(upstream:short)%00%(objectname)%00%(upstream:track)%00%(upstream:remotename)%00%(upstream:remoteref) refs/heads/main refs/remotes/main [3ms]
2025-02-28 10:08:29.028 [info] > git status -z -uall [13ms]
2025-02-28 10:08:29.031 [info] > git for-each-ref --sort -committerdate --format %(refname) %(objectname) %(*objectname) [3ms]
2025-02-28 10:08:42.768 [info] > git check-ignore -v -z --stdin [3ms]
2025-02-28 10:08:43.337 [info] > git config --get commit.template [15ms]
2025-02-28 10:08:43.339 [info] > git for-each-ref --format=%(refname)%00%(upstream:short)%00%(objectname)%00%(upstream:track)%00%(upstream:remotename)%00%(upstream:remoteref) refs/heads/main refs/remotes/main [3ms]
2025-02-28 10:08:43.369 [info] > git status -z -uall [16ms]
2025-02-28 10:08:43.371 [info] > git for-each-ref --sort -committerdate --format %(refname) %(objectname) %(*objectname) [3ms]
2025-02-28 10:08:46.862 [info] > git check-ignore -v -z --stdin [3ms]
2025-02-28 10:08:48.405 [info] > git config --get commit.template [14ms]
2025-02-28 10:08:48.406 [info] > git for-each-ref --format=%(refname)%00%(upstream:short)%00%(objectname)%00%(upstream:track)%00%(upstream:remotename)%00%(upstream:remoteref) refs/heads/main refs/remotes/main [2ms]
2025-02-28 10:08:48.432 [info] > git status -z -uall [13ms]
2025-02-28 10:08:48.433 [info] > git for-each-ref --sort -committerdate --format %(refname) %(objectname) %(*objectname) [2ms]
2025-02-28 10:09:11.421 [info] > git check-ignore -v -z --stdin [3ms]
2025-02-28 10:09:11.987 [info] > git config --get commit.template [17ms]
2025-02-28 10:09:11.989 [info] > git for-each-ref --format=%(refname)%00%(upstream:short)%00%(objectname)%00%(upstream:track)%00%(upstream:remotename)%00%(upstream:remoteref) refs/heads/main refs/remotes/main [3ms]
2025-02-28 10:09:12.013 [info] > git status -z -uall [11ms]
2025-02-28 10:09:12.015 [info] > git for-each-ref --sort -committerdate --format %(refname) %(objectname) %(*objectname) [3ms]
2025-02-28 10:09:23.684 [info] > git show --textconv :JavaScript Course/JS Files/01_Basics/01_Console/index.html [24ms]
2025-02-28 10:09:23.705 [info] > git ls-files --stage -- /home/maguila/gitRepos/Learning-JavaScript/JavaScript Course/JS Files/01_Basics/01_Console/index.html [22ms]
2025-02-28 10:09:23.724 [info] > git hash-object -t tree /dev/null [21ms]
2025-02-28 10:09:23.724 [warning] [GitFileSystemProvider][readFile] File not found - git:/home/maguila/gitRepos/Learning-JavaScript/JavaScript%20Course/JS%20Files/01_Basics/01_Console/index.html.git?%7B%22path%22%3A%22%2Fhome%2Fmaguila%2FgitRepos%2FLearning-JavaScript%2FJavaScript%20Course%2FJS%20Files%2F01_Basics%2F01_Console%2Findex.html%22%2C%22ref%22%3A%22%22%7D
2025-02-28 10:09:23.727 [info] > git hash-object -t tree /dev/null [4ms]
2025-02-28 10:09:23.727 [warning] [GitFileSystemProvider][stat] File not found - git:/home/maguila/gitRepos/Learning-JavaScript/JavaScript%20Course/JS%20Files/01_Basics/01_Console/index.html.git?%7B%22path%22%3A%22%2Fhome%2Fmaguila%2FgitRepos%2FLearning-JavaScript%2FJavaScript%20Course%2FJS%20Files%2F01_Basics%2F01_Console%2Findex.html%22%2C%22ref%22%3A%22%22%7D
2025-02-28 10:09:23.830 [info] > git check-ignore -v -z --stdin [1ms]
2025-02-28 10:09:24.418 [info] > git config --get commit.template [4ms]
2025-02-28 10:09:24.440 [info] > git for-each-ref --format=%(refname)%00%(upstream:short)%00%(objectname)%00%(upstream:track)%00%(upstream:remotename)%00%(upstream:remoteref) refs/heads/main refs/remotes/main [4ms]
2025-02-28 10:09:24.478 [info] > git status -z -uall [20ms]
2025-02-28 10:09:24.481 [info] > git for-each-ref --sort -committerdate --format %(refname) %(objectname) %(*objectname) [4ms]
2025-02-28 10:09:32.303 [info] > git show --textconv :JavaScript Course/JS Files/01_Basics/01_Console/script.js [35ms]
2025-02-28 10:09:32.304 [warning] [GitFileSystemProvider][readFile] File not found - git:/home/maguila/gitRepos/Learning-JavaScript/JavaScript%20Course/JS%20Files/01_Basics/01_Console/script.js.git?%7B%22path%22%3A%22%2Fhome%2Fmaguila%2FgitRepos%2FLearning-JavaScript%2FJavaScript%20Course%2FJS%20Files%2F01_Basics%2F01_Console%2Fscript.js%22%2C%22ref%22%3A%22%22%7D
2025-02-28 10:09:32.310 [info] > git ls-files --stage -- /home/maguila/gitRepos/Learning-JavaScript/JavaScript Course/JS Files/01_Basics/01_Console/script.js [9ms]
2025-02-28 10:09:32.311 [warning] [GitFileSystemProvider][stat] File not found - git:/home/maguila/gitRepos/Learning-JavaScript/JavaScript%20Course/JS%20Files/01_Basics/01_Console/script.js.git?%7B%22path%22%3A%22%2Fhome%2Fmaguila%2FgitRepos%2FLearning-JavaScript%2FJavaScript%20Course%2FJS%20Files%2F01_Basics%2F01_Console%2Fscript.js%22%2C%22ref%22%3A%22%22%7D
2025-02-28 10:09:32.434 [info] > git check-ignore -v -z --stdin [2ms]
2025-02-28 10:09:32.966 [info] > git config --get commit.template [24ms]
2025-02-28 10:09:32.970 [info] > git for-each-ref --format=%(refname)%00%(upstream:short)%00%(objectname)%00%(upstream:track)%00%(upstream:remotename)%00%(upstream:remoteref) refs/heads/main refs/remotes/main [6ms]
2025-02-28 10:09:33.009 [info] > git status -z -uall [20ms]
2025-02-28 10:09:33.011 [info] > git for-each-ref --sort -committerdate --format %(refname) %(objectname) %(*objectname) [3ms]
2025-02-28 10:11:45.819 [info] > git config --get commit.template [22ms]
2025-02-28 10:11:45.825 [info] > git for-each-ref --format=%(refname)%00%(upstream:short)%00%(objectname)%00%(upstream:track)%00%(upstream:remotename)%00%(upstream:remoteref) refs/heads/main refs/remotes/main [7ms]
2025-02-28 10:11:45.868 [info] > git status -z -uall [19ms]
2025-02-28 10:11:45.869 [info] > git for-each-ref --sort -committerdate --format %(refname) %(objectname) %(*objectname) [2ms]
2025-02-28 10:12:10.916 [info] > git config --get commit.template [15ms]
2025-02-28 10:12:10.917 [info] > git for-each-ref --format=%(refname)%00%(upstream:short)%00%(objectname)%00%(upstream:track)%00%(upstream:remotename)%00%(upstream:remoteref) refs/heads/main refs/remotes/main [2ms]
2025-02-28 10:12:10.944 [info] > git status -z -uall [15ms]
2025-02-28 10:12:10.947 [info] > git for-each-ref --sort -committerdate --format %(refname) %(objectname) %(*objectname) [3ms]
2025-02-28 10:20:45.155 [info] > git show --textconv :JavaScript Course/Notes/01_Basics.md [14ms]
2025-02-28 10:20:45.158 [info] > git ls-files --stage -- /home/maguila/gitRepos/Learning-JavaScript/JavaScript Course/Notes/01_Basics.md [3ms]
2025-02-28 10:20:45.300 [info] > git cat-file -s 12c7e403ca106285b18a3b6b43aa82e7186632e0 [131ms]
2025-02-28 10:20:46.815 [info] > git blame --root --incremental 398c432d93eadcb9064658f837d1da9229831cbb -- /home/maguila/gitRepos/Learning-JavaScript/JavaScript Course/Notes/01_Basics.md [6ms]
2025-02-28 10:24:40.650 [info] > git show --textconv :JavaScript Course/Notes/01_Basics.md [25ms]
2025-02-28 10:24:40.655 [info] > git ls-files --stage -- /home/maguila/gitRepos/Learning-JavaScript/JavaScript Course/Notes/01_Basics.md [8ms]
2025-02-28 10:24:40.690 [info] > git cat-file -s 12c7e403ca106285b18a3b6b43aa82e7186632e0 [5ms]
2025-02-28 10:24:41.471 [info] > git config --get commit.template [4ms]
2025-02-28 10:24:41.494 [info] > git for-each-ref --format=%(refname)%00%(upstream:short)%00%(objectname)%00%(upstream:track)%00%(upstream:remotename)%00%(upstream:remoteref) refs/heads/main refs/remotes/main [3ms]
2025-02-28 10:24:41.529 [info] > git status -z -uall [19ms]
2025-02-28 10:24:41.533 [info] > git for-each-ref --sort -committerdate --format %(refname) %(objectname) %(*objectname) [6ms]
2025-02-28 10:25:20.928 [info] > git show --textconv :JavaScript Course/Notes/01_Basics.md [15ms]
2025-02-28 10:25:20.930 [info] > git ls-files --stage -- /home/maguila/gitRepos/Learning-JavaScript/JavaScript Course/Notes/01_Basics.md [3ms]
2025-02-28 10:25:20.942 [info] > git cat-file -s 12c7e403ca106285b18a3b6b43aa82e7186632e0 [2ms]
2025-02-28 10:30:51.971 [info] > git show --textconv :JavaScript Course/Notes/01_Basics.md [14ms]
2025-02-28 10:30:51.972 [info] > git ls-files --stage -- /home/maguila/gitRepos/Learning-JavaScript/JavaScript Course/Notes/01_Basics.md [2ms]
2025-02-28 10:30:51.987 [info] > git cat-file -s 12c7e403ca106285b18a3b6b43aa82e7186632e0 [2ms]
2025-02-28 10:42:18.638 [info] > git config --get commit.template [16ms]
2025-02-28 10:42:18.643 [info] > git for-each-ref --format=%(refname)%00%(upstream:short)%00%(objectname)%00%(upstream:track)%00%(upstream:remotename)%00%(upstream:remoteref) refs/heads/main refs/remotes/main [5ms]
2025-02-28 10:42:18.675 [info] > git status -z -uall [17ms]
2025-02-28 10:42:18.678 [info] > git for-each-ref --sort -committerdate --format %(refname) %(objectname) %(*objectname) [3ms]
2025-02-28 10:42:56.163 [info] > git config --get commit.template [14ms]
2025-02-28 10:42:56.164 [info] > git for-each-ref --format=%(refname)%00%(upstream:short)%00%(objectname)%00%(upstream:track)%00%(upstream:remotename)%00%(upstream:remoteref) refs/heads/main refs/remotes/main [2ms]
2025-02-28 10:42:56.196 [info] > git status -z -uall [15ms]
2025-02-28 10:42:56.198 [info] > git for-each-ref --sort -committerdate --format %(refname) %(objectname) %(*objectname) [3ms]
2025-02-28 10:44:10.580 [info] > git show --textconv :JavaScript Course/Notes/01_Basics.md [14ms]
2025-02-28 10:44:10.582 [info] > git ls-files --stage -- /home/maguila/gitRepos/Learning-JavaScript/JavaScript Course/Notes/01_Basics.md [3ms]
2025-02-28 10:44:10.595 [info] > git cat-file -s 12c7e403ca106285b18a3b6b43aa82e7186632e0 [3ms]
2025-02-28 10:45:56.574 [info] > git config --get commit.template [18ms]
2025-02-28 10:45:56.576 [info] > git for-each-ref --format=%(refname)%00%(upstream:short)%00%(objectname)%00%(upstream:track)%00%(upstream:remotename)%00%(upstream:remoteref) refs/heads/main refs/remotes/main [3ms]
2025-02-28 10:45:56.609 [info] > git status -z -uall [15ms]
2025-02-28 10:45:56.610 [info] > git for-each-ref --sort -committerdate --format %(refname) %(objectname) %(*objectname) [2ms]
