2025-03-05 09:20:42.487 [info] Reading sessions from keychain...
2025-03-05 09:20:42.487 [info] Getting sessions for all scopes...
2025-03-05 09:20:42.487 [info] Getting sessions for all scopes...
2025-03-05 09:20:42.487 [info] Got 0 sessions for ...
2025-03-05 09:20:42.487 [info] Got 0 sessions for ...
2025-03-05 09:20:42.487 [info] Getting sessions for project,read:org,read:user,repo,user:email,workflow...
2025-03-05 09:20:42.487 [info] Got 0 sessions for project,read:org,read:user,repo,user:email,workflow...
2025-03-05 09:20:42.487 [info] Getting sessions for all scopes...
2025-03-05 09:20:42.487 [info] Got 0 sessions for ...
2025-03-05 09:20:42.492 [info] Getting sessions for read:user,repo,user:email,workflow...
2025-03-05 09:20:42.492 [info] Got 0 sessions for read:user,repo,user:email,workflow...
2025-03-05 09:20:42.497 [info] Getting sessions for read:user,repo,user:email...
2025-03-05 09:20:42.497 [info] Got 0 sessions for read:user,repo,user:email...
2025-03-05 09:20:42.499 [info] Getting sessions for read:user,repo,user:email,workflow...
2025-03-05 09:20:42.499 [info] Got 0 sessions for read:user,repo,user:email,workflow...
2025-03-05 09:21:30.455 [info] Getting sessions for read:user,repo,user:email,workflow...
2025-03-05 09:21:30.455 [info] Got 0 sessions for read:user,repo,user:email,workflow...
2025-03-05 09:21:32.139 [info] Logging in with 'any' account...
2025-03-05 09:21:32.139 [info] Logging in for the following scopes: read:user repo user:email workflow
2025-03-05 09:21:32.162 [info] Trying device code flow... (read:user repo user:email workflow)
2025-03-05 09:22:18.612 [info] Getting user info...
2025-03-05 09:22:19.104 [info] Got account info!
2025-03-05 09:22:19.104 [info] Storing 1 sessions...
2025-03-05 09:22:25.956 [info] Reading sessions from keychain...
2025-03-05 09:22:25.956 [info] Stored 1 sessions!
2025-03-05 09:22:25.956 [info] Login success!
2025-03-05 09:22:26.023 [info] Got stored sessions!
2025-03-05 09:22:26.023 [info] Got 1 verified sessions.
2025-03-05 09:22:26.024 [info] Getting sessions for project,read:org,read:user,repo,user:email,workflow...
2025-03-05 09:22:26.024 [info] Got 0 sessions for project,read:org,read:user,repo,user:email,workflow...
2025-03-05 09:22:26.026 [info] Getting sessions for read:user,repo,user:email,workflow...
2025-03-05 09:22:26.026 [info] Got 1 sessions for read:user,repo,user:email,workflow...
2025-03-05 09:22:26.028 [info] Getting sessions for read:user,repo,user:email...
2025-03-05 09:22:26.028 [info] Got 0 sessions for read:user,repo,user:email...
2025-03-05 09:22:26.033 [info] Getting sessions for read:user,repo,user:email,workflow...
2025-03-05 09:22:26.033 [info] Got 1 sessions for read:user,repo,user:email,workflow...
2025-03-05 09:22:26.036 [info] Getting sessions for project,read:org,read:user,repo,user:email,workflow...
2025-03-05 09:22:26.036 [info] Got 0 sessions for project,read:org,read:user,repo,user:email,workflow...
2025-03-05 09:22:26.038 [info] Getting sessions for read:user,repo,user:email,workflow...
2025-03-05 09:22:26.038 [info] Got 1 sessions for read:user,repo,user:email,workflow...
2025-03-05 09:22:26.039 [info] Getting sessions for read:user,repo,user:email...
2025-03-05 09:22:26.039 [info] Got 0 sessions for read:user,repo,user:email...
2025-03-05 09:22:26.041 [info] Getting sessions for read:user,repo,user:email,workflow...
2025-03-05 09:22:26.041 [info] Got 1 sessions for read:user,repo,user:email,workflow...
2025-03-05 09:22:59.458 [info] Reading sessions from keychain...
2025-03-05 09:22:59.458 [info] Getting sessions for all scopes...
2025-03-05 09:22:59.458 [info] Getting sessions for all scopes...
2025-03-05 09:22:59.458 [info] Got stored sessions!
2025-03-05 09:22:59.458 [info] Got 1 verified sessions.
2025-03-05 09:22:59.458 [info] Got 1 sessions for ...
2025-03-05 09:22:59.458 [info] Got 1 sessions for ...
2025-03-05 09:22:59.460 [info] Getting sessions for project,read:org,read:user,repo,user:email,workflow...
2025-03-05 09:22:59.460 [info] Got 0 sessions for project,read:org,read:user,repo,user:email,workflow...
2025-03-05 09:22:59.463 [info] Getting sessions for read:user,repo,user:email,workflow...
2025-03-05 09:22:59.463 [info] Got 1 sessions for read:user,repo,user:email,workflow...
2025-03-05 09:22:59.464 [info] Getting sessions for read:user,repo,user:email...
2025-03-05 09:22:59.465 [info] Got 0 sessions for read:user,repo,user:email...
2025-03-05 09:22:59.467 [info] Getting sessions for read:user,repo,user:email,workflow...
2025-03-05 09:22:59.467 [info] Got 1 sessions for read:user,repo,user:email,workflow...
2025-03-05 09:23:00.226 [info] Getting sessions for all scopes...
2025-03-05 09:23:00.226 [info] Got 1 sessions for ...
2025-03-05 09:23:03.263 [info] Getting sessions for read:user,repo,user:email,workflow...
2025-03-05 09:23:03.263 [info] Got 1 sessions for read:user,repo,user:email,workflow...
2025-03-05 09:23:03.897 [info] Getting sessions for read:user,repo,user:email,workflow...
2025-03-05 09:23:03.897 [info] Got 1 sessions for read:user,repo,user:email,workflow...
2025-03-05 09:24:20.191 [info] Reading sessions from keychain...
2025-03-05 09:24:20.191 [info] Getting sessions for all scopes...
2025-03-05 09:24:20.191 [info] Getting sessions for all scopes...
2025-03-05 09:24:20.191 [info] Got stored sessions!
2025-03-05 09:24:20.191 [info] Got 1 verified sessions.
2025-03-05 09:24:20.191 [info] Got 1 sessions for ...
2025-03-05 09:24:20.191 [info] Got 1 sessions for ...
2025-03-05 09:24:20.194 [info] Getting sessions for project,read:org,read:user,repo,user:email,workflow...
2025-03-05 09:24:20.194 [info] Got 0 sessions for project,read:org,read:user,repo,user:email,workflow...
2025-03-05 09:24:20.199 [info] Getting sessions for read:user,repo,user:email,workflow...
2025-03-05 09:24:20.199 [info] Got 1 sessions for read:user,repo,user:email,workflow...
2025-03-05 09:24:20.204 [info] Getting sessions for read:user,repo,user:email...
2025-03-05 09:24:20.204 [info] Got 0 sessions for read:user,repo,user:email...
2025-03-05 09:24:20.207 [info] Getting sessions for read:user,repo,user:email,workflow...
2025-03-05 09:24:20.207 [info] Got 1 sessions for read:user,repo,user:email,workflow...
2025-03-05 09:24:25.028 [info] Reading sessions from keychain...
2025-03-05 09:24:25.028 [info] Getting sessions for all scopes...
2025-03-05 09:24:25.028 [info] Getting sessions for all scopes...
2025-03-05 09:24:25.028 [info] Got stored sessions!
2025-03-05 09:24:25.028 [info] Got 1 verified sessions.
2025-03-05 09:24:25.028 [info] Got 1 sessions for ...
2025-03-05 09:24:25.028 [info] Got 1 sessions for ...
2025-03-05 09:24:25.036 [info] Getting sessions for project,read:org,read:user,repo,user:email,workflow...
2025-03-05 09:24:25.036 [info] Got 0 sessions for project,read:org,read:user,repo,user:email,workflow...
2025-03-05 09:24:25.133 [info] Getting sessions for read:user,repo,user:email,workflow...
2025-03-05 09:24:25.133 [info] Got 1 sessions for read:user,repo,user:email,workflow...
2025-03-05 09:24:25.150 [info] Getting sessions for read:user,repo,user:email,workflow...
2025-03-05 09:24:25.150 [info] Got 1 sessions for read:user,repo,user:email,workflow...
2025-03-05 09:24:25.242 [info] Getting sessions for read:user,repo,user:email...
2025-03-05 09:24:25.242 [info] Got 0 sessions for read:user,repo,user:email...
2025-03-05 09:24:25.368 [info] Getting sessions for read:user,repo,user:email,workflow...
2025-03-05 09:24:25.369 [info] Got 1 sessions for read:user,repo,user:email,workflow...
2025-03-05 09:24:25.716 [info] Getting sessions for read:user,repo,user:email,workflow...
2025-03-05 09:24:25.716 [info] Got 1 sessions for read:user,repo,user:email,workflow...
2025-03-05 09:28:24.859 [info] Reading sessions from keychain...
2025-03-05 09:28:24.859 [info] Getting sessions for all scopes...
2025-03-05 09:28:24.859 [info] Getting sessions for all scopes...
2025-03-05 09:28:24.859 [info] Got stored sessions!
2025-03-05 09:28:24.859 [info] Got 1 verified sessions.
2025-03-05 09:28:24.859 [info] Got 1 sessions for ...
2025-03-05 09:28:24.859 [info] Got 1 sessions for ...
2025-03-05 09:28:24.861 [info] Getting sessions for project,read:org,read:user,repo,user:email,workflow...
2025-03-05 09:28:24.861 [info] Got 0 sessions for project,read:org,read:user,repo,user:email,workflow...
2025-03-05 09:28:24.865 [info] Getting sessions for read:user,repo,user:email,workflow...
2025-03-05 09:28:24.865 [info] Got 1 sessions for read:user,repo,user:email,workflow...
2025-03-05 09:28:24.868 [info] Getting sessions for read:user,repo,user:email...
2025-03-05 09:28:24.868 [info] Got 0 sessions for read:user,repo,user:email...
2025-03-05 09:28:24.871 [info] Getting sessions for read:user,repo,user:email,workflow...
2025-03-05 09:28:24.871 [info] Got 1 sessions for read:user,repo,user:email,workflow...
2025-03-05 09:28:25.709 [info] Getting sessions for all scopes...
2025-03-05 09:28:25.709 [info] Got 1 sessions for ...
2025-03-05 09:28:37.904 [info] Reading sessions from keychain...
2025-03-05 09:28:37.904 [info] Getting sessions for all scopes...
2025-03-05 09:28:37.904 [info] Getting sessions for all scopes...
2025-03-05 09:28:37.904 [info] Got stored sessions!
2025-03-05 09:28:37.904 [info] Got 1 verified sessions.
2025-03-05 09:28:37.904 [info] Got 1 sessions for ...
2025-03-05 09:28:37.904 [info] Got 1 sessions for ...
2025-03-05 09:28:38.204 [info] Getting sessions for project,read:org,read:user,repo,user:email,workflow...
2025-03-05 09:28:38.204 [info] Got 0 sessions for project,read:org,read:user,repo,user:email,workflow...
2025-03-05 09:28:38.299 [info] Getting sessions for all scopes...
2025-03-05 09:28:38.299 [info] Got 1 sessions for ...
2025-03-05 09:28:38.318 [info] Getting sessions for read:user,repo,user:email,workflow...
2025-03-05 09:28:38.318 [info] Got 1 sessions for read:user,repo,user:email,workflow...
2025-03-05 09:28:38.717 [info] Getting sessions for read:user,repo,user:email,workflow...
2025-03-05 09:28:38.717 [info] Got 1 sessions for read:user,repo,user:email,workflow...
2025-03-05 09:28:39.035 [info] Getting sessions for read:user,repo,user:email...
2025-03-05 09:28:39.035 [info] Got 0 sessions for read:user,repo,user:email...
2025-03-05 09:28:39.062 [info] Getting sessions for read:user,repo,user:email,workflow...
2025-03-05 09:28:39.062 [info] Got 1 sessions for read:user,repo,user:email,workflow...
2025-03-05 09:28:39.484 [info] Getting sessions for read:user,repo,user:email,workflow...
2025-03-05 09:28:39.484 [info] Got 1 sessions for read:user,repo,user:email,workflow...
2025-03-05 09:29:00.003 [info] Reading sessions from keychain...
2025-03-05 09:29:00.003 [info] Getting sessions for all scopes...
2025-03-05 09:29:00.003 [info] Getting sessions for all scopes...
2025-03-05 09:29:00.003 [info] Got stored sessions!
2025-03-05 09:29:00.003 [info] Got 1 verified sessions.
2025-03-05 09:29:00.003 [info] Got 1 sessions for ...
2025-03-05 09:29:00.003 [info] Got 1 sessions for ...
2025-03-05 09:29:00.015 [info] Getting sessions for project,read:org,read:user,repo,user:email,workflow...
2025-03-05 09:29:00.016 [info] Got 0 sessions for project,read:org,read:user,repo,user:email,workflow...
2025-03-05 09:29:00.024 [info] Getting sessions for read:user,repo,user:email,workflow...
2025-03-05 09:29:00.024 [info] Got 1 sessions for read:user,repo,user:email,workflow...
2025-03-05 09:29:00.027 [info] Getting sessions for read:user,repo,user:email...
2025-03-05 09:29:00.028 [info] Got 0 sessions for read:user,repo,user:email...
2025-03-05 09:29:00.033 [info] Getting sessions for read:user,repo,user:email,workflow...
2025-03-05 09:29:00.033 [info] Got 1 sessions for read:user,repo,user:email,workflow...
2025-03-05 09:29:07.998 [info] Reading sessions from keychain...
2025-03-05 09:29:07.998 [info] Getting sessions for all scopes...
2025-03-05 09:29:07.998 [info] Getting sessions for all scopes...
2025-03-05 09:29:07.998 [info] Got stored sessions!
2025-03-05 09:29:07.998 [info] Got 1 verified sessions.
2025-03-05 09:29:07.998 [info] Got 1 sessions for ...
2025-03-05 09:29:07.998 [info] Got 1 sessions for ...
2025-03-05 09:29:08.034 [info] Getting sessions for project,read:org,read:user,repo,user:email,workflow...
2025-03-05 09:29:08.035 [info] Got 0 sessions for project,read:org,read:user,repo,user:email,workflow...
2025-03-05 09:29:08.074 [info] Getting sessions for read:user,repo,user:email,workflow...
2025-03-05 09:29:08.074 [info] Got 1 sessions for read:user,repo,user:email,workflow...
2025-03-05 09:29:08.075 [info] Getting sessions for read:user,repo,user:email,workflow...
2025-03-05 09:29:08.075 [info] Got 1 sessions for read:user,repo,user:email,workflow...
2025-03-05 09:29:08.325 [info] Getting sessions for read:user,repo,user:email...
2025-03-05 09:29:08.325 [info] Got 0 sessions for read:user,repo,user:email...
2025-03-05 09:29:08.329 [info] Getting sessions for read:user,repo,user:email,workflow...
2025-03-05 09:29:08.329 [info] Got 1 sessions for read:user,repo,user:email,workflow...
2025-03-05 09:29:08.758 [info] Getting sessions for read:user,repo,user:email,workflow...
2025-03-05 09:29:08.758 [info] Got 1 sessions for read:user,repo,user:email,workflow...
2025-03-05 09:29:19.197 [info] Reading sessions from keychain...
2025-03-05 09:29:19.197 [info] Getting sessions for all scopes...
2025-03-05 09:29:19.197 [info] Getting sessions for all scopes...
2025-03-05 09:29:19.197 [info] Got stored sessions!
2025-03-05 09:29:19.197 [info] Got 1 verified sessions.
2025-03-05 09:29:19.197 [info] Got 1 sessions for ...
2025-03-05 09:29:19.197 [info] Got 1 sessions for ...
2025-03-05 09:29:19.197 [info] Getting sessions for project,read:org,read:user,repo,user:email,workflow...
2025-03-05 09:29:19.197 [info] Got 0 sessions for project,read:org,read:user,repo,user:email,workflow...
2025-03-05 09:29:19.200 [info] Getting sessions for read:user,repo,user:email,workflow...
2025-03-05 09:29:19.200 [info] Got 1 sessions for read:user,repo,user:email,workflow...
2025-03-05 09:29:19.202 [info] Getting sessions for read:user,repo,user:email...
2025-03-05 09:29:19.203 [info] Got 0 sessions for read:user,repo,user:email...
2025-03-05 09:29:19.205 [info] Getting sessions for read:user,repo,user:email,workflow...
2025-03-05 09:29:19.205 [info] Got 1 sessions for read:user,repo,user:email,workflow...
2025-03-05 09:29:32.466 [info] Getting sessions for read:user,repo,user:email,workflow...
2025-03-05 09:29:32.466 [info] Got 1 sessions for read:user,repo,user:email,workflow...
2025-03-05 09:29:33.123 [info] Getting sessions for read:user,repo,user:email,workflow...
2025-03-05 09:29:33.123 [info] Got 1 sessions for read:user,repo,user:email,workflow...
2025-03-05 09:29:51.686 [info] Reading sessions from keychain...
2025-03-05 09:29:51.686 [info] Getting sessions for all scopes...
2025-03-05 09:29:51.686 [info] Getting sessions for all scopes...
2025-03-05 09:29:51.686 [info] Got stored sessions!
2025-03-05 09:29:51.686 [info] Got 1 verified sessions.
2025-03-05 09:29:51.686 [info] Got 1 sessions for ...
2025-03-05 09:29:51.686 [info] Got 1 sessions for ...
2025-03-05 09:29:51.717 [info] Getting sessions for project,read:org,read:user,repo,user:email,workflow...
2025-03-05 09:29:51.718 [info] Got 0 sessions for project,read:org,read:user,repo,user:email,workflow...
2025-03-05 09:29:51.733 [info] Getting sessions for read:user,repo,user:email,workflow...
2025-03-05 09:29:51.734 [info] Got 1 sessions for read:user,repo,user:email,workflow...
2025-03-05 09:29:51.737 [info] Getting sessions for read:user,repo,user:email,workflow...
2025-03-05 09:29:51.737 [info] Got 1 sessions for read:user,repo,user:email,workflow...
2025-03-05 09:29:51.789 [info] Getting sessions for read:user,repo,user:email...
2025-03-05 09:29:51.789 [info] Got 0 sessions for read:user,repo,user:email...
2025-03-05 09:29:51.793 [info] Getting sessions for read:user,repo,user:email,workflow...
2025-03-05 09:29:51.793 [info] Got 1 sessions for read:user,repo,user:email,workflow...
2025-03-05 09:29:52.267 [info] Getting sessions for read:user,repo,user:email,workflow...
2025-03-05 09:29:52.267 [info] Got 1 sessions for read:user,repo,user:email,workflow...
2025-03-07 10:11:57.078 [info] Getting sessions for read:user,repo,user:email,workflow...
2025-03-07 10:11:57.083 [info] Got 1 sessions for read:user,repo,user:email,workflow...
2025-03-07 10:11:58.120 [info] Getting sessions for read:user,repo,user:email,workflow...
2025-03-07 10:11:58.120 [info] Got 1 sessions for read:user,repo,user:email,workflow...
2025-03-07 11:16:12.974 [info] Reading sessions from keychain...
2025-03-07 11:16:12.975 [info] Getting sessions for all scopes...
2025-03-07 11:16:12.975 [info] Getting sessions for all scopes...
2025-03-07 11:16:12.975 [info] Got stored sessions!
2025-03-07 11:16:12.975 [info] Got 1 verified sessions.
2025-03-07 11:16:12.975 [info] Got 1 sessions for ...
2025-03-07 11:16:12.975 [info] Got 1 sessions for ...
2025-03-07 11:16:12.979 [info] Getting sessions for project,read:org,read:user,repo,user:email,workflow...
2025-03-07 11:16:12.979 [info] Got 0 sessions for project,read:org,read:user,repo,user:email,workflow...
2025-03-07 11:16:13.001 [info] Getting sessions for read:user,repo,user:email,workflow...
2025-03-07 11:16:13.001 [info] Got 1 sessions for read:user,repo,user:email,workflow...
2025-03-07 11:16:13.008 [info] Getting sessions for read:user,repo,user:email...
2025-03-07 11:16:13.008 [info] Got 0 sessions for read:user,repo,user:email...
2025-03-07 11:16:13.011 [info] Getting sessions for read:user,repo,user:email,workflow...
2025-03-07 11:16:13.011 [info] Got 1 sessions for read:user,repo,user:email,workflow...
