2025-02-28 00:05:39.797 [info] [main] Log level: Info
2025-02-28 00:05:39.797 [info] [main] Validating found git in: "git"
2025-02-28 00:05:39.797 [info] [main] Using git "2.48.1" from "git"
2025-02-28 00:05:39.797 [info] [Model][doInitialScan] Initial repository scan started
2025-02-28 00:05:39.797 [info] > git rev-parse --show-toplevel [5ms]
2025-02-28 00:05:39.797 [info] > git rev-parse --git-dir --git-common-dir [4ms]
2025-02-28 00:05:39.797 [info] [Model][openRepository] Opened repository: /home/maguila/gitRepos/Learning-JavaScript
2025-02-28 00:05:39.797 [info] > git rev-parse --show-toplevel [7ms]
2025-02-28 00:05:39.797 [info] > git config --get commit.template [23ms]
2025-02-28 00:05:39.797 [info] > git rev-parse --show-toplevel [30ms]
2025-02-28 00:05:39.797 [info] [Model][doInitialScan] Initial repository scan completed - repositories (1), closed repositories (0), parent repositories (0), unsafe repositories (0)
2025-02-28 00:05:39.797 [info] > git for-each-ref --format=%(refname)%00%(upstream:short)%00%(objectname)%00%(upstream:track)%00%(upstream:remotename)%00%(upstream:remoteref) refs/heads/main refs/remotes/main [33ms]
2025-02-28 00:05:39.797 [info] > git status -z -uall [33ms]
2025-02-28 00:05:39.797 [info] > git for-each-ref --sort -committerdate --format %(refname) %(objectname) %(*objectname) [18ms]
2025-02-28 00:05:39.846 [info] > git for-each-ref --format=%(refname)%00%(upstream:short)%00%(objectname)%00%(upstream:track)%00%(upstream:remotename)%00%(upstream:remoteref) refs/heads/main refs/remotes/main [52ms]
2025-02-28 00:05:39.888 [info] > git config --get --local branch.main.vscode-merge-base [26ms]
2025-02-28 00:05:39.907 [info] > git config --get commit.template [93ms]
2025-02-28 00:05:40.618 [info] > git for-each-ref --format=%(refname)%00%(upstream:short)%00%(objectname)%00%(upstream:track)%00%(upstream:remotename)%00%(upstream:remoteref) refs/heads/origin/main refs/remotes/origin/main [712ms]
2025-02-28 00:05:40.823 [info] > git check-ignore -v -z --stdin [172ms]
2025-02-28 00:05:40.827 [info] > git merge-base refs/heads/main refs/remotes/origin/main [191ms]
2025-02-28 00:05:40.937 [info] > git show --textconv :JavaScript Course/JS Files/index.html [66ms]
2025-02-28 00:05:40.942 [info] > git diff --name-status -z --diff-filter=ADMR 398c432d93eadcb9064658f837d1da9229831cbb...refs/remotes/origin/main [101ms]
2025-02-28 00:05:40.946 [info] > git for-each-ref --format=%(refname)%00%(upstream:short)%00%(objectname)%00%(upstream:track)%00%(upstream:remotename)%00%(upstream:remoteref) refs/heads/main refs/remotes/main [150ms]
2025-02-28 00:05:41.393 [info] > git ls-files --stage -- /home/maguila/gitRepos/Learning-JavaScript/JavaScript Course/JS Files/index.html [486ms]
2025-02-28 00:05:41.552 [info] > git cat-file -s bd7ac0001d7cfd3ce7da2e4d21880c35a20dc574 [120ms]
2025-02-28 00:05:42.101 [info] > git status -z -uall [130ms]
2025-02-28 00:05:42.104 [info] > git for-each-ref --sort -committerdate --format %(refname) %(objectname) %(*objectname) [121ms]
2025-02-28 00:05:42.224 [info] > git blame --root --incremental 398c432d93eadcb9064658f837d1da9229831cbb -- /home/maguila/gitRepos/Learning-JavaScript/JavaScript Course/JS Files/index.html [7ms]
2025-02-28 00:05:42.352 [info] > git config --get --local branch.main.github-pr-owner-number [4ms]
2025-02-28 00:05:42.352 [warning] [Git][config] git config failed: Failed to execute git
2025-02-28 00:07:42.719 [info] > git show --textconv :JavaScript Course/JS Files/index.html [27ms]
2025-02-28 00:07:42.722 [info] > git ls-files --stage -- /home/maguila/gitRepos/Learning-JavaScript/JavaScript Course/JS Files/index.html [4ms]
2025-02-28 00:07:42.746 [info] > git cat-file -s bd7ac0001d7cfd3ce7da2e4d21880c35a20dc574 [5ms]
2025-02-28 00:08:10.418 [info] > git show --textconv :JavaScript Course/JS Files/index.html [29ms]
2025-02-28 00:08:10.419 [info] > git ls-files --stage -- /home/maguila/gitRepos/Learning-JavaScript/JavaScript Course/JS Files/index.html [8ms]
2025-02-28 00:08:10.447 [info] > git cat-file -s bd7ac0001d7cfd3ce7da2e4d21880c35a20dc574 [6ms]
2025-02-28 00:08:31.586 [info] > git check-ignore -v -z --stdin [3ms]
2025-02-28 00:08:32.138 [info] > git config --get commit.template [18ms]
2025-02-28 00:08:32.139 [info] > git for-each-ref --format=%(refname)%00%(upstream:short)%00%(objectname)%00%(upstream:track)%00%(upstream:remotename)%00%(upstream:remoteref) refs/heads/main refs/remotes/main [3ms]
2025-02-28 00:08:32.175 [info] > git status -z -uall [20ms]
2025-02-28 00:08:32.178 [info] > git for-each-ref --sort -committerdate --format %(refname) %(objectname) %(*objectname) [3ms]
2025-02-28 00:08:32.909 [info] > git show --textconv :JavaScript Course/JS Files/index.html [45ms]
2025-02-28 00:08:32.911 [info] > git ls-files --stage -- /home/maguila/gitRepos/Learning-JavaScript/JavaScript Course/JS Files/index.html [12ms]
2025-02-28 00:08:32.940 [info] > git cat-file -s bd7ac0001d7cfd3ce7da2e4d21880c35a20dc574 [7ms]
2025-02-28 00:09:00.782 [info] > git check-ignore -v -z --stdin [2ms]
2025-02-28 00:09:19.660 [info] > git config --get commit.template [20ms]
2025-02-28 00:09:19.661 [info] > git for-each-ref --format=%(refname)%00%(upstream:short)%00%(objectname)%00%(upstream:track)%00%(upstream:remotename)%00%(upstream:remoteref) refs/heads/main refs/remotes/main [2ms]
2025-02-28 00:09:19.701 [info] > git status -z -uall [21ms]
2025-02-28 00:09:19.705 [info] > git for-each-ref --sort -committerdate --format %(refname) %(objectname) %(*objectname) [5ms]
2025-02-28 00:09:20.462 [info] > git show --textconv :JavaScript Course/JS Files/index.html [29ms]
2025-02-28 00:09:20.467 [info] > git ls-files --stage -- /home/maguila/gitRepos/Learning-JavaScript/JavaScript Course/JS Files/index.html [8ms]
2025-02-28 00:09:20.495 [info] > git cat-file -s bd7ac0001d7cfd3ce7da2e4d21880c35a20dc574 [4ms]
2025-02-28 00:09:24.750 [info] > git config --get commit.template [19ms]
2025-02-28 00:09:24.752 [info] > git for-each-ref --format=%(refname)%00%(upstream:short)%00%(objectname)%00%(upstream:track)%00%(upstream:remotename)%00%(upstream:remoteref) refs/heads/main refs/remotes/main [3ms]
2025-02-28 00:09:24.790 [info] > git status -z -uall [19ms]
2025-02-28 00:09:24.793 [info] > git for-each-ref --sort -committerdate --format %(refname) %(objectname) %(*objectname) [4ms]
2025-02-28 00:09:44.722 [info] > git show --textconv :JavaScript Course/JS Files/index.html [28ms]
2025-02-28 00:09:44.724 [info] > git ls-files --stage -- /home/maguila/gitRepos/Learning-JavaScript/JavaScript Course/JS Files/index.html [3ms]
2025-02-28 00:09:44.746 [info] > git cat-file -s bd7ac0001d7cfd3ce7da2e4d21880c35a20dc574 [3ms]
2025-02-28 00:12:01.461 [info] > git config --get commit.template [19ms]
2025-02-28 00:12:01.462 [info] > git for-each-ref --format=%(refname)%00%(upstream:short)%00%(objectname)%00%(upstream:track)%00%(upstream:remotename)%00%(upstream:remoteref) refs/heads/main refs/remotes/main [3ms]
2025-02-28 00:12:01.507 [info] > git status -z -uall [26ms]
2025-02-28 00:12:01.510 [info] > git for-each-ref --sort -committerdate --format %(refname) %(objectname) %(*objectname) [4ms]
2025-02-28 00:12:46.925 [info] > git show --textconv :JavaScript Course/JS Files/index.html [24ms]
2025-02-28 00:12:46.932 [info] > git ls-files --stage -- /home/maguila/gitRepos/Learning-JavaScript/JavaScript Course/JS Files/index.html [10ms]
2025-02-28 00:12:46.961 [info] > git cat-file -s bd7ac0001d7cfd3ce7da2e4d21880c35a20dc574 [6ms]
2025-02-28 00:15:14.886 [info] > git show --textconv :JavaScript Course/JS Files/index.html [25ms]
2025-02-28 00:15:14.892 [info] > git ls-files --stage -- /home/maguila/gitRepos/Learning-JavaScript/JavaScript Course/JS Files/index.html [7ms]
2025-02-28 00:15:14.919 [info] > git cat-file -s bd7ac0001d7cfd3ce7da2e4d21880c35a20dc574 [3ms]
2025-02-28 00:16:00.838 [info] > git show --textconv :JavaScript Course/JS Files/index.html [26ms]
2025-02-28 00:16:00.842 [info] > git ls-files --stage -- /home/maguila/gitRepos/Learning-JavaScript/JavaScript Course/JS Files/index.html [6ms]
2025-02-28 00:16:00.871 [info] > git cat-file -s bd7ac0001d7cfd3ce7da2e4d21880c35a20dc574 [7ms]
2025-02-28 00:16:16.038 [info] > git show --textconv :JavaScript Course/JS Files/index.html [50ms]
2025-02-28 00:16:16.039 [info] > git ls-files --stage -- /home/maguila/gitRepos/Learning-JavaScript/JavaScript Course/JS Files/index.html [21ms]
2025-02-28 00:16:16.074 [info] > git cat-file -s bd7ac0001d7cfd3ce7da2e4d21880c35a20dc574 [8ms]
2025-02-28 00:16:48.440 [info] > git show --textconv :JavaScript Course/JS Files/index.html [42ms]
2025-02-28 00:16:48.446 [info] > git ls-files --stage -- /home/maguila/gitRepos/Learning-JavaScript/JavaScript Course/JS Files/index.html [7ms]
2025-02-28 00:16:48.479 [info] > git cat-file -s bd7ac0001d7cfd3ce7da2e4d21880c35a20dc574 [6ms]
2025-02-28 00:17:12.466 [info] > git config --get commit.template [8ms]
2025-02-28 00:17:12.501 [info] > git for-each-ref --format=%(refname)%00%(upstream:short)%00%(objectname)%00%(upstream:track)%00%(upstream:remotename)%00%(upstream:remoteref) refs/heads/main refs/remotes/main [15ms]
2025-02-28 00:17:12.545 [info] > git status -z -uall [21ms]
2025-02-28 00:17:12.547 [info] > git for-each-ref --sort -committerdate --format %(refname) %(objectname) %(*objectname) [4ms]
2025-02-28 00:17:12.981 [info] > git show --textconv :JavaScript Course/JS Files/index.html [25ms]
2025-02-28 00:17:12.983 [info] > git ls-files --stage -- /home/maguila/gitRepos/Learning-JavaScript/JavaScript Course/JS Files/index.html [3ms]
2025-02-28 00:17:13.006 [info] > git cat-file -s bd7ac0001d7cfd3ce7da2e4d21880c35a20dc574 [2ms]
2025-02-28 00:19:22.711 [info] > git show --textconv :JavaScript Course/JS Files/index.html [27ms]
2025-02-28 00:19:22.715 [info] > git ls-files --stage -- /home/maguila/gitRepos/Learning-JavaScript/JavaScript Course/JS Files/index.html [8ms]
2025-02-28 00:19:22.741 [info] > git cat-file -s bd7ac0001d7cfd3ce7da2e4d21880c35a20dc574 [3ms]
2025-02-28 00:20:22.152 [info] > git show --textconv :JavaScript Course/JS Files/index.html [26ms]
2025-02-28 00:20:22.155 [info] > git ls-files --stage -- /home/maguila/gitRepos/Learning-JavaScript/JavaScript Course/JS Files/index.html [6ms]
2025-02-28 00:20:22.185 [info] > git cat-file -s bd7ac0001d7cfd3ce7da2e4d21880c35a20dc574 [5ms]
2025-02-28 00:21:16.235 [info] > git show --textconv :JavaScript Course/JS Files/index.html [44ms]
2025-02-28 00:21:16.238 [info] > git ls-files --stage -- /home/maguila/gitRepos/Learning-JavaScript/JavaScript Course/JS Files/index.html [5ms]
2025-02-28 00:21:16.281 [info] > git cat-file -s bd7ac0001d7cfd3ce7da2e4d21880c35a20dc574 [6ms]
2025-02-28 00:21:27.219 [info] > git show --textconv :JavaScript Course/JS Files/index.html [28ms]
2025-02-28 00:21:27.222 [info] > git ls-files --stage -- /home/maguila/gitRepos/Learning-JavaScript/JavaScript Course/JS Files/index.html [4ms]
2025-02-28 00:21:27.246 [info] > git cat-file -s bd7ac0001d7cfd3ce7da2e4d21880c35a20dc574 [4ms]
2025-02-28 00:27:16.943 [info] > git show --textconv :JavaScript Course/JS Files/index.html [24ms]
2025-02-28 00:27:16.946 [info] > git ls-files --stage -- /home/maguila/gitRepos/Learning-JavaScript/JavaScript Course/JS Files/index.html [4ms]
2025-02-28 00:27:16.974 [info] > git cat-file -s bd7ac0001d7cfd3ce7da2e4d21880c35a20dc574 [4ms]
2025-02-28 00:27:21.278 [info] > git config --get commit.template [23ms]
2025-02-28 00:27:21.279 [info] > git for-each-ref --format=%(refname)%00%(upstream:short)%00%(objectname)%00%(upstream:track)%00%(upstream:remotename)%00%(upstream:remoteref) refs/heads/main refs/remotes/main [4ms]
2025-02-28 00:27:21.328 [info] > git status -z -uall [24ms]
2025-02-28 00:27:21.331 [info] > git for-each-ref --sort -committerdate --format %(refname) %(objectname) %(*objectname) [5ms]
2025-02-28 00:27:25.725 [info] > git show --textconv :JavaScript Course/JS Files/index.html [22ms]
2025-02-28 00:27:25.726 [info] > git ls-files --stage -- /home/maguila/gitRepos/Learning-JavaScript/JavaScript Course/JS Files/index.html [2ms]
2025-02-28 00:27:25.752 [info] > git cat-file -s bd7ac0001d7cfd3ce7da2e4d21880c35a20dc574 [7ms]
2025-02-28 00:27:30.295 [info] > git show --textconv :JavaScript Course/JS Files/index.html [28ms]
2025-02-28 00:27:30.298 [info] > git ls-files --stage -- /home/maguila/gitRepos/Learning-JavaScript/JavaScript Course/JS Files/index.html [5ms]
2025-02-28 00:27:30.325 [info] > git cat-file -s bd7ac0001d7cfd3ce7da2e4d21880c35a20dc574 [2ms]
2025-02-28 00:29:55.796 [info] > git show --textconv :JavaScript Course/JS Files/index.html [28ms]
2025-02-28 00:29:55.799 [info] > git ls-files --stage -- /home/maguila/gitRepos/Learning-JavaScript/JavaScript Course/JS Files/index.html [5ms]
2025-02-28 00:29:55.824 [info] > git cat-file -s bd7ac0001d7cfd3ce7da2e4d21880c35a20dc574 [3ms]
2025-02-28 00:32:02.276 [info] > git config --get commit.template [21ms]
2025-02-28 00:32:02.277 [info] > git for-each-ref --format=%(refname)%00%(upstream:short)%00%(objectname)%00%(upstream:track)%00%(upstream:remotename)%00%(upstream:remoteref) refs/heads/main refs/remotes/main [3ms]
2025-02-28 00:32:02.319 [info] > git status -z -uall [21ms]
2025-02-28 00:32:02.320 [info] > git for-each-ref --sort -committerdate --format %(refname) %(objectname) %(*objectname) [4ms]
2025-02-28 00:32:17.083 [info] > git config --get commit.template [26ms]
2025-02-28 00:32:17.087 [info] > git for-each-ref --format=%(refname)%00%(upstream:short)%00%(objectname)%00%(upstream:track)%00%(upstream:remotename)%00%(upstream:remoteref) refs/heads/main refs/remotes/main [6ms]
2025-02-28 00:32:17.137 [info] > git status -z -uall [28ms]
2025-02-28 00:32:17.140 [info] > git for-each-ref --sort -committerdate --format %(refname) %(objectname) %(*objectname) [4ms]
