2025-03-07 13:06:10.509 [warning] /home/maguila/.ssh/config: ENOENT: no such file or directory, open '/home/maguila/.ssh/config'
2025-03-07 13:06:10.509 [info] [Activation] Extension version: 0.106.0
2025-03-07 13:06:10.609 [info] [Activation] Looking for git repository
2025-03-07 13:06:10.609 [info] [Activation] Found 0 repositories during activation
2025-03-07 13:06:10.609 [info] [Activation] Git repository found, initializing review manager and pr tree view.
2025-03-07 13:06:10.618 [info] [GitAPI] Registering git provider
2025-03-07 13:06:10.618 [info] [Review+0] Validate state in progress
2025-03-07 13:06:10.618 [info] [Review+0] Validating state...
2025-03-07 13:06:10.654 [info] [FolderRepositoryManager+0] Found GitHub remote for folder /home/maguila/dotfiles
2025-03-07 13:06:10.657 [info] [FolderRepositoryManager+0] Trying to use globalState for assignableUsers.
2025-03-07 13:06:10.730 [info] [Review+0] No matching pull request metadata found locally for current branch main
2025-03-07 13:06:10.730 [info] [Review+0] No matching pull request metadata found on GitHub for current branch main
2025-03-07 13:06:10.731 [info] [FolderRepositoryManager+0] GlobalState does not exist for assignableUsers.
2025-03-07 13:06:27.721 [warning] /home/maguila/.ssh/config: ENOENT: no such file or directory, open '/home/maguila/.ssh/config'
2025-03-07 13:06:27.721 [info] [Activation] Extension version: 0.106.0
2025-03-07 13:06:28.055 [info] [Activation] Looking for git repository
2025-03-07 13:06:28.055 [info] [Activation] Found 0 repositories during activation
2025-03-07 13:06:28.055 [info] [Activation] Git repository found, initializing review manager and pr tree view.
2025-03-07 13:06:28.056 [info] [GitAPI] Registering git provider
2025-03-07 13:06:48.768 [warning] /home/maguila/.ssh/config: ENOENT: no such file or directory, open '/home/maguila/.ssh/config'
2025-03-07 13:06:48.768 [info] [Activation] Extension version: 0.106.0
2025-03-07 13:06:49.115 [info] [Activation] Looking for git repository
2025-03-07 13:06:49.115 [info] [Activation] Found 0 repositories during activation
2025-03-07 13:06:49.115 [info] [Activation] Git repository found, initializing review manager and pr tree view.
2025-03-07 13:06:49.116 [info] [GitAPI] Registering git provider
