2025-03-03 10:00:19.646 [warning] /home/maguila/.ssh/config: ENOENT: no such file or directory, open '/home/maguila/.ssh/config'
2025-03-03 10:00:19.646 [info] Activation> Extension version: 0.104.1
2025-03-03 10:00:19.845 [info] Looking for git repository
2025-03-03 10:00:19.845 [info] Found 0 repositories during activation
2025-03-03 10:00:19.845 [info] Git repository found, initializing review manager and pr tree view.
2025-03-03 10:00:19.854 [info] Registering git provider
2025-03-03 10:00:19.854 [info] Review+0> Validate state in progress
2025-03-03 10:00:19.854 [info] Review+0> Validating state...
2025-03-03 10:00:19.873 [info] Found GitHub remote for folder /home/maguila/gitRepos/Learning-JavaScript
2025-03-03 10:00:19.875 [info] FolderRepositoryManager+0> Trying to use globalState for assignableUsers.
2025-03-03 10:00:19.891 [info] FolderRepositoryManager+0> GlobalState does not exist for assignableUsers.
2025-03-03 10:00:19.893 [info] Review+0> No matching pull request metadata found locally for current branch main
2025-03-03 10:00:19.894 [info] Review+0> No matching pull request metadata found on GitHub for current branch main
2025-03-03 11:50:29.164 [info] Review+0> Validate state in progress
2025-03-03 11:50:29.164 [info] Review+0> Validating state...
2025-03-03 11:50:29.165 [info] Repo state for file:///home/maguila/gitRepos/Learning-JavaScript changed.
2025-03-03 11:50:29.165 [info] Repo file:///home/maguila/gitRepos/Learning-JavaScript has already been setup.
2025-03-03 11:50:29.200 [info] Found GitHub remote for folder /home/maguila/gitRepos/Learning-JavaScript
2025-03-03 11:50:29.201 [info] Using in-memory cached assignable users.
2025-03-03 11:50:29.214 [info] Review+0> No matching pull request metadata found locally for current branch main
2025-03-03 11:50:29.214 [info] Review+0> No matching pull request metadata found on GitHub for current branch main
