2025-03-05 09:20:39.905 [info] Started local extension host with pid 3251.
2025-03-05 09:20:40.333 [error] Extension 'GitHub.vscode-pull-request-github CANNOT USE these API proposals 'activeComment, codiconDecoration, codeActionRanges, commentingRangeHint, commentReactor, commentReveal, commentThreadApplicability, contribAccessibilityHelpContent, contribCommentEditorActionsMenu, contribCommentPeekContext, contribCommentThreadAdditionalMenu, contribCommentsViewThreadMenus, contribEditorContentMenu, contribShareMenu, diffCommand, quickDiffProvider, shareProvider, tokenInformation, treeViewMarkdownMessage'. You MUST start in extension development mode or use the --enable-proposed-api command line flag
2025-03-05 09:20:40.333 [error] Extension 'ms-python.debugpy CANNOT USE these API proposals 'portsAttributes, debugVisualization, contribViewsWelcome'. You MUST start in extension development mode or use the --enable-proposed-api command line flag
2025-03-05 09:20:40.333 [error] Extension 'ms-python.python CANNOT USE these API proposals 'contribEditorContentMenu, quickPickSortByLabel, testObserver, quickPickItemTooltip, terminalDataWriteEvent, terminalExecuteCommandEvent, codeActionAI, notebookReplDocument, notebookVariableProvider'. You MUST start in extension development mode or use the --enable-proposed-api command line flag
2025-03-05 09:20:40.370 [error] [GitHub.vscode-pull-request-github]: commentsView/commentThread/context is a proposed menu identifier. It requires 'package.json#enabledApiProposals: ["contribCommentsViewThreadMenus"]' and is only available when running out of dev or with the following command line switch: --enable-proposed-api GitHub.vscode-pull-request-github
2025-03-05 09:20:40.370 [error] [GitHub.vscode-pull-request-github]: editor/content is a proposed menu identifier. It requires 'package.json#enabledApiProposals: ["contribEditorContentMenu"]' and is only available when running out of dev or with the following command line switch: --enable-proposed-api GitHub.vscode-pull-request-github
2025-03-05 09:20:40.371 [error] [GitHub.vscode-pull-request-github]: comments/comment/editorActions is a proposed menu identifier. It requires 'package.json#enabledApiProposals: ["contribCommentEditorActionsMenu"]' and is only available when running out of dev or with the following command line switch: --enable-proposed-api GitHub.vscode-pull-request-github
2025-03-05 09:20:40.371 [error] [GitHub.vscode-pull-request-github]: comments/commentThread/additionalActions is a proposed menu identifier. It requires 'package.json#enabledApiProposals: ["contribCommentThreadAdditionalMenu"]' and is only available when running out of dev or with the following command line switch: --enable-proposed-api GitHub.vscode-pull-request-github
2025-03-05 09:20:40.371 [error] [GitHub.vscode-pull-request-github]: comments/commentThread/title/context is a proposed menu identifier. It requires 'package.json#enabledApiProposals: ["contribCommentPeekContext"]' and is only available when running out of dev or with the following command line switch: --enable-proposed-api GitHub.vscode-pull-request-github
2025-03-05 09:20:40.372 [error] [GitHub.vscode-pull-request-github]: comments/commentThread/comment/context is a proposed menu identifier. It requires 'package.json#enabledApiProposals: ["contribCommentPeekContext"]' and is only available when running out of dev or with the following command line switch: --enable-proposed-api GitHub.vscode-pull-request-github
2025-03-05 09:20:40.372 [error] [GitHub.vscode-pull-request-github]: editor/context/share is a proposed menu identifier. It requires 'package.json#enabledApiProposals: ["contribShareMenu"]' and is only available when running out of dev or with the following command line switch: --enable-proposed-api GitHub.vscode-pull-request-github
2025-03-05 09:20:40.373 [error] [GitHub.vscode-pull-request-github]: file/share is a proposed menu identifier. It requires 'package.json#enabledApiProposals: ["contribShareMenu"]' and is only available when running out of dev or with the following command line switch: --enable-proposed-api GitHub.vscode-pull-request-github
2025-03-05 09:20:40.373 [error] [GitHub.vscode-pull-request-github]: editor/title/context/share is a proposed menu identifier. It requires 'package.json#enabledApiProposals: ["contribShareMenu"]' and is only available when running out of dev or with the following command line switch: --enable-proposed-api GitHub.vscode-pull-request-github
2025-03-05 09:20:40.373 [error] [GitHub.vscode-pull-request-github]: explorer/context/share is a proposed menu identifier. It requires 'package.json#enabledApiProposals: ["contribShareMenu"]' and is only available when running out of dev or with the following command line switch: --enable-proposed-api GitHub.vscode-pull-request-github
2025-03-05 09:20:40.374 [error] [ms-python.python]: editor/content is a proposed menu identifier. It requires 'package.json#enabledApiProposals: ["contribEditorContentMenu"]' and is only available when running out of dev or with the following command line switch: --enable-proposed-api ms-python.python
2025-03-05 09:20:42.301 [error] Error while getting the latest version for the extension auiworks.amvim. Cannot read properties of undefined (reading 'replace')
2025-03-05 09:20:42.302 [error] Error while getting the latest version for the extension catppuccin.catppuccin-vsc. Cannot read properties of undefined (reading 'replace')
2025-03-05 09:20:42.302 [error] Error while getting the latest version for the extension catppuccin.catppuccin-vsc-icons. Cannot read properties of undefined (reading 'replace')
2025-03-05 09:20:42.303 [error] Error while getting the latest version for the extension currybab.hybrid-line-numbers. Cannot read properties of undefined (reading 'replace')
2025-03-05 09:20:42.303 [error] Error while getting the latest version for the extension esbenp.prettier-vscode. Cannot read properties of undefined (reading 'replace')
2025-03-05 09:20:42.304 [error] Error while getting the latest version for the extension formulahendry.code-runner. Cannot read properties of undefined (reading 'replace')
2025-03-05 09:20:42.304 [error] Error while getting the latest version for the extension github.vscode-pull-request-github. Cannot read properties of undefined (reading 'replace')
2025-03-05 09:20:42.304 [error] Error while getting the latest version for the extension llvm-vs-code-extensions.vscode-clangd. Cannot read properties of undefined (reading 'replace')
2025-03-05 09:20:42.305 [error] Error while getting the latest version for the extension ms-python.debugpy. Cannot read properties of undefined (reading 'replace')
2025-03-05 09:20:42.305 [error] Error while getting the latest version for the extension ms-python.python. Cannot read properties of undefined (reading 'replace')
2025-03-05 09:20:42.305 [error] Error while getting the latest version for the extension ms-vscode.live-server. Cannot read properties of undefined (reading 'replace')
2025-03-05 09:20:42.306 [error] Error while getting the latest version for the extension pkief.material-icon-theme. Cannot read properties of undefined (reading 'replace')
2025-03-05 09:20:42.306 [error] Error while getting the latest version for the extension streetsidesoftware.code-spell-checker. Cannot read properties of undefined (reading 'replace')
2025-03-05 09:20:42.723 [info] [perf] Render performance baseline is 36ms
2025-03-05 09:22:53.462 [error] [Extension Host] (node:3251) [DEP0005] DeprecationWarning: Buffer() is deprecated due to security and usability issues. Please use the Buffer.alloc(), Buffer.allocUnsafe(), or Buffer.from() methods instead.
(Use `exe --trace-deprecation ...` to show where the warning was created)
2025-03-05 09:22:57.755 [info] Started local extension host with pid 3725.
2025-03-05 09:22:58.222 [error] Extension 'GitHub.vscode-pull-request-github CANNOT USE these API proposals 'activeComment, codiconDecoration, codeActionRanges, commentingRangeHint, commentReactor, commentReveal, commentThreadApplicability, contribAccessibilityHelpContent, contribCommentEditorActionsMenu, contribCommentPeekContext, contribCommentThreadAdditionalMenu, contribCommentsViewThreadMenus, contribEditorContentMenu, contribShareMenu, diffCommand, quickDiffProvider, shareProvider, tokenInformation, treeViewMarkdownMessage'. You MUST start in extension development mode or use the --enable-proposed-api command line flag
2025-03-05 09:22:58.223 [error] Extension 'ms-python.debugpy CANNOT USE these API proposals 'portsAttributes, debugVisualization, contribViewsWelcome'. You MUST start in extension development mode or use the --enable-proposed-api command line flag
2025-03-05 09:22:58.223 [error] Extension 'ms-python.python CANNOT USE these API proposals 'contribEditorContentMenu, quickPickSortByLabel, testObserver, quickPickItemTooltip, terminalDataWriteEvent, terminalExecuteCommandEvent, codeActionAI, notebookReplDocument, notebookVariableProvider'. You MUST start in extension development mode or use the --enable-proposed-api command line flag
2025-03-05 09:22:58.244 [error] [GitHub.vscode-pull-request-github]: commentsView/commentThread/context is a proposed menu identifier. It requires 'package.json#enabledApiProposals: ["contribCommentsViewThreadMenus"]' and is only available when running out of dev or with the following command line switch: --enable-proposed-api GitHub.vscode-pull-request-github
2025-03-05 09:22:58.244 [error] [GitHub.vscode-pull-request-github]: editor/content is a proposed menu identifier. It requires 'package.json#enabledApiProposals: ["contribEditorContentMenu"]' and is only available when running out of dev or with the following command line switch: --enable-proposed-api GitHub.vscode-pull-request-github
2025-03-05 09:22:58.245 [error] [GitHub.vscode-pull-request-github]: comments/comment/editorActions is a proposed menu identifier. It requires 'package.json#enabledApiProposals: ["contribCommentEditorActionsMenu"]' and is only available when running out of dev or with the following command line switch: --enable-proposed-api GitHub.vscode-pull-request-github
2025-03-05 09:22:58.245 [error] [GitHub.vscode-pull-request-github]: comments/commentThread/additionalActions is a proposed menu identifier. It requires 'package.json#enabledApiProposals: ["contribCommentThreadAdditionalMenu"]' and is only available when running out of dev or with the following command line switch: --enable-proposed-api GitHub.vscode-pull-request-github
2025-03-05 09:22:58.245 [error] [GitHub.vscode-pull-request-github]: comments/commentThread/title/context is a proposed menu identifier. It requires 'package.json#enabledApiProposals: ["contribCommentPeekContext"]' and is only available when running out of dev or with the following command line switch: --enable-proposed-api GitHub.vscode-pull-request-github
2025-03-05 09:22:58.246 [error] [GitHub.vscode-pull-request-github]: comments/commentThread/comment/context is a proposed menu identifier. It requires 'package.json#enabledApiProposals: ["contribCommentPeekContext"]' and is only available when running out of dev or with the following command line switch: --enable-proposed-api GitHub.vscode-pull-request-github
2025-03-05 09:22:58.246 [error] [GitHub.vscode-pull-request-github]: editor/context/share is a proposed menu identifier. It requires 'package.json#enabledApiProposals: ["contribShareMenu"]' and is only available when running out of dev or with the following command line switch: --enable-proposed-api GitHub.vscode-pull-request-github
2025-03-05 09:22:58.246 [error] [GitHub.vscode-pull-request-github]: file/share is a proposed menu identifier. It requires 'package.json#enabledApiProposals: ["contribShareMenu"]' and is only available when running out of dev or with the following command line switch: --enable-proposed-api GitHub.vscode-pull-request-github
2025-03-05 09:22:58.247 [error] [GitHub.vscode-pull-request-github]: editor/title/context/share is a proposed menu identifier. It requires 'package.json#enabledApiProposals: ["contribShareMenu"]' and is only available when running out of dev or with the following command line switch: --enable-proposed-api GitHub.vscode-pull-request-github
2025-03-05 09:22:58.247 [error] [GitHub.vscode-pull-request-github]: explorer/context/share is a proposed menu identifier. It requires 'package.json#enabledApiProposals: ["contribShareMenu"]' and is only available when running out of dev or with the following command line switch: --enable-proposed-api GitHub.vscode-pull-request-github
2025-03-05 09:22:58.247 [error] [ms-python.python]: editor/content is a proposed menu identifier. It requires 'package.json#enabledApiProposals: ["contribEditorContentMenu"]' and is only available when running out of dev or with the following command line switch: --enable-proposed-api ms-python.python
2025-03-05 09:23:00.170 [error] Error while getting the latest version for the extension auiworks.amvim. Cannot read properties of undefined (reading 'replace')
2025-03-05 09:23:00.171 [error] Error while getting the latest version for the extension catppuccin.catppuccin-vsc. Cannot read properties of undefined (reading 'replace')
2025-03-05 09:23:00.171 [error] Error while getting the latest version for the extension catppuccin.catppuccin-vsc-icons. Cannot read properties of undefined (reading 'replace')
2025-03-05 09:23:00.171 [error] Error while getting the latest version for the extension currybab.hybrid-line-numbers. Cannot read properties of undefined (reading 'replace')
2025-03-05 09:23:00.172 [error] Error while getting the latest version for the extension esbenp.prettier-vscode. Cannot read properties of undefined (reading 'replace')
2025-03-05 09:23:00.172 [error] Error while getting the latest version for the extension formulahendry.code-runner. Cannot read properties of undefined (reading 'replace')
2025-03-05 09:23:00.173 [error] Error while getting the latest version for the extension github.vscode-pull-request-github. Cannot read properties of undefined (reading 'replace')
2025-03-05 09:23:00.173 [error] Error while getting the latest version for the extension llvm-vs-code-extensions.vscode-clangd. Cannot read properties of undefined (reading 'replace')
2025-03-05 09:23:00.174 [error] Error while getting the latest version for the extension ms-python.debugpy. Cannot read properties of undefined (reading 'replace')
2025-03-05 09:23:00.174 [error] Error while getting the latest version for the extension ms-python.python. Cannot read properties of undefined (reading 'replace')
2025-03-05 09:23:00.175 [error] Error while getting the latest version for the extension ms-vscode.live-server. Cannot read properties of undefined (reading 'replace')
2025-03-05 09:23:00.175 [error] Error while getting the latest version for the extension pkief.material-icon-theme. Cannot read properties of undefined (reading 'replace')
2025-03-05 09:23:00.175 [error] Error while getting the latest version for the extension streetsidesoftware.code-spell-checker. Cannot read properties of undefined (reading 'replace')
2025-03-05 09:23:00.460 [info] [perf] Render performance baseline is 35ms
2025-03-05 09:23:02.562 [error] Extension 'ms-python.debugpy CANNOT USE these API proposals 'portsAttributes, debugVisualization, contribViewsWelcome'. You MUST start in extension development mode or use the --enable-proposed-api command line flag
2025-03-05 09:23:02.588 [error] [GitHub.vscode-pull-request-github]: commentsView/commentThread/context is a proposed menu identifier. It requires 'package.json#enabledApiProposals: ["contribCommentsViewThreadMenus"]' and is only available when running out of dev or with the following command line switch: --enable-proposed-api GitHub.vscode-pull-request-github
2025-03-05 09:23:02.588 [error] [GitHub.vscode-pull-request-github]: editor/content is a proposed menu identifier. It requires 'package.json#enabledApiProposals: ["contribEditorContentMenu"]' and is only available when running out of dev or with the following command line switch: --enable-proposed-api GitHub.vscode-pull-request-github
2025-03-05 09:23:02.589 [error] [GitHub.vscode-pull-request-github]: comments/comment/editorActions is a proposed menu identifier. It requires 'package.json#enabledApiProposals: ["contribCommentEditorActionsMenu"]' and is only available when running out of dev or with the following command line switch: --enable-proposed-api GitHub.vscode-pull-request-github
2025-03-05 09:23:02.589 [error] [GitHub.vscode-pull-request-github]: comments/commentThread/additionalActions is a proposed menu identifier. It requires 'package.json#enabledApiProposals: ["contribCommentThreadAdditionalMenu"]' and is only available when running out of dev or with the following command line switch: --enable-proposed-api GitHub.vscode-pull-request-github
2025-03-05 09:23:02.590 [error] [GitHub.vscode-pull-request-github]: comments/commentThread/title/context is a proposed menu identifier. It requires 'package.json#enabledApiProposals: ["contribCommentPeekContext"]' and is only available when running out of dev or with the following command line switch: --enable-proposed-api GitHub.vscode-pull-request-github
2025-03-05 09:23:02.590 [error] [GitHub.vscode-pull-request-github]: comments/commentThread/comment/context is a proposed menu identifier. It requires 'package.json#enabledApiProposals: ["contribCommentPeekContext"]' and is only available when running out of dev or with the following command line switch: --enable-proposed-api GitHub.vscode-pull-request-github
2025-03-05 09:23:02.591 [error] [GitHub.vscode-pull-request-github]: editor/context/share is a proposed menu identifier. It requires 'package.json#enabledApiProposals: ["contribShareMenu"]' and is only available when running out of dev or with the following command line switch: --enable-proposed-api GitHub.vscode-pull-request-github
2025-03-05 09:23:02.591 [error] [GitHub.vscode-pull-request-github]: file/share is a proposed menu identifier. It requires 'package.json#enabledApiProposals: ["contribShareMenu"]' and is only available when running out of dev or with the following command line switch: --enable-proposed-api GitHub.vscode-pull-request-github
2025-03-05 09:23:02.591 [error] [GitHub.vscode-pull-request-github]: editor/title/context/share is a proposed menu identifier. It requires 'package.json#enabledApiProposals: ["contribShareMenu"]' and is only available when running out of dev or with the following command line switch: --enable-proposed-api GitHub.vscode-pull-request-github
2025-03-05 09:23:02.592 [error] [GitHub.vscode-pull-request-github]: explorer/context/share is a proposed menu identifier. It requires 'package.json#enabledApiProposals: ["contribShareMenu"]' and is only available when running out of dev or with the following command line switch: --enable-proposed-api GitHub.vscode-pull-request-github
2025-03-05 09:23:02.592 [error] [ms-python.python]: editor/content is a proposed menu identifier. It requires 'package.json#enabledApiProposals: ["contribEditorContentMenu"]' and is only available when running out of dev or with the following command line switch: --enable-proposed-api ms-python.python
2025-03-05 09:23:27.312 [warning] [File Watcher (node.js)] Watcher shutdown because watched path got deleted
2025-03-05 09:23:28.392 [error] [Extension Host] Error: Repository not initialized
	at L.run (/usr/lib/code/extensions/git/dist/main.js:2:1084707)
	at L.checkIgnore (/usr/lib/code/extensions/git/dist/main.js:2:1083514)
	at m.checkIgnoreSoon (/usr/lib/code/extensions/git/dist/main.js:2:918929)
	at Timeout._onTimeout (/usr/lib/code/extensions/git/dist/main.js:2:924128)
	at listOnTimeout (node:internal/timers:581:17)
	at process.processTimers (node:internal/timers:519:7)
2025-03-05 09:23:29.394 [error] An unknown error occurred. Please consult the log for more details.
2025-03-05 09:24:17.785 [info] Started local extension host with pid 3868.
2025-03-05 09:24:22.612 [info] Started local extension host with pid 3925.
2025-03-05 09:24:23.775 [error] No registered selector for ID: ms-vscode.npm-command
2025-03-05 09:28:19.997 [warning] [lifecycle] onBeforeShutdown is taking a long time, pending operations: veto.untitledWorkspace
2025-03-05 09:28:23.324 [info] Started local extension host with pid 4610.
2025-03-05 09:28:23.721 [error] Extension 'GitHub.vscode-pull-request-github CANNOT USE these API proposals 'activeComment, codiconDecoration, codeActionRanges, commentingRangeHint, commentReactor, commentReveal, commentThreadApplicability, contribAccessibilityHelpContent, contribCommentEditorActionsMenu, contribCommentPeekContext, contribCommentThreadAdditionalMenu, contribCommentsViewThreadMenus, contribEditorContentMenu, contribShareMenu, diffCommand, quickDiffProvider, shareProvider, tokenInformation, treeViewMarkdownMessage'. You MUST start in extension development mode or use the --enable-proposed-api command line flag
2025-03-05 09:28:23.722 [error] Extension 'ms-python.debugpy CANNOT USE these API proposals 'portsAttributes, debugVisualization, contribViewsWelcome'. You MUST start in extension development mode or use the --enable-proposed-api command line flag
2025-03-05 09:28:23.722 [error] Extension 'ms-python.python CANNOT USE these API proposals 'contribEditorContentMenu, quickPickSortByLabel, testObserver, quickPickItemTooltip, terminalDataWriteEvent, terminalExecuteCommandEvent, codeActionAI, notebookReplDocument, notebookVariableProvider'. You MUST start in extension development mode or use the --enable-proposed-api command line flag
2025-03-05 09:28:23.745 [error] [GitHub.vscode-pull-request-github]: commentsView/commentThread/context is a proposed menu identifier. It requires 'package.json#enabledApiProposals: ["contribCommentsViewThreadMenus"]' and is only available when running out of dev or with the following command line switch: --enable-proposed-api GitHub.vscode-pull-request-github
2025-03-05 09:28:23.746 [error] [GitHub.vscode-pull-request-github]: editor/content is a proposed menu identifier. It requires 'package.json#enabledApiProposals: ["contribEditorContentMenu"]' and is only available when running out of dev or with the following command line switch: --enable-proposed-api GitHub.vscode-pull-request-github
2025-03-05 09:28:23.746 [error] [GitHub.vscode-pull-request-github]: comments/comment/editorActions is a proposed menu identifier. It requires 'package.json#enabledApiProposals: ["contribCommentEditorActionsMenu"]' and is only available when running out of dev or with the following command line switch: --enable-proposed-api GitHub.vscode-pull-request-github
2025-03-05 09:28:23.747 [error] [GitHub.vscode-pull-request-github]: comments/commentThread/additionalActions is a proposed menu identifier. It requires 'package.json#enabledApiProposals: ["contribCommentThreadAdditionalMenu"]' and is only available when running out of dev or with the following command line switch: --enable-proposed-api GitHub.vscode-pull-request-github
2025-03-05 09:28:23.747 [error] [GitHub.vscode-pull-request-github]: comments/commentThread/title/context is a proposed menu identifier. It requires 'package.json#enabledApiProposals: ["contribCommentPeekContext"]' and is only available when running out of dev or with the following command line switch: --enable-proposed-api GitHub.vscode-pull-request-github
2025-03-05 09:28:23.747 [error] [GitHub.vscode-pull-request-github]: comments/commentThread/comment/context is a proposed menu identifier. It requires 'package.json#enabledApiProposals: ["contribCommentPeekContext"]' and is only available when running out of dev or with the following command line switch: --enable-proposed-api GitHub.vscode-pull-request-github
2025-03-05 09:28:23.747 [error] [GitHub.vscode-pull-request-github]: editor/context/share is a proposed menu identifier. It requires 'package.json#enabledApiProposals: ["contribShareMenu"]' and is only available when running out of dev or with the following command line switch: --enable-proposed-api GitHub.vscode-pull-request-github
2025-03-05 09:28:23.748 [error] [GitHub.vscode-pull-request-github]: file/share is a proposed menu identifier. It requires 'package.json#enabledApiProposals: ["contribShareMenu"]' and is only available when running out of dev or with the following command line switch: --enable-proposed-api GitHub.vscode-pull-request-github
2025-03-05 09:28:23.748 [error] [GitHub.vscode-pull-request-github]: editor/title/context/share is a proposed menu identifier. It requires 'package.json#enabledApiProposals: ["contribShareMenu"]' and is only available when running out of dev or with the following command line switch: --enable-proposed-api GitHub.vscode-pull-request-github
2025-03-05 09:28:23.748 [error] [GitHub.vscode-pull-request-github]: explorer/context/share is a proposed menu identifier. It requires 'package.json#enabledApiProposals: ["contribShareMenu"]' and is only available when running out of dev or with the following command line switch: --enable-proposed-api GitHub.vscode-pull-request-github
2025-03-05 09:28:23.749 [error] [ms-python.python]: editor/content is a proposed menu identifier. It requires 'package.json#enabledApiProposals: ["contribEditorContentMenu"]' and is only available when running out of dev or with the following command line switch: --enable-proposed-api ms-python.python
2025-03-05 09:28:25.643 [error] Error while getting the latest version for the extension auiworks.amvim. Cannot read properties of undefined (reading 'replace')
2025-03-05 09:28:25.644 [error] Error while getting the latest version for the extension catppuccin.catppuccin-vsc. Cannot read properties of undefined (reading 'replace')
2025-03-05 09:28:25.644 [error] Error while getting the latest version for the extension catppuccin.catppuccin-vsc-icons. Cannot read properties of undefined (reading 'replace')
2025-03-05 09:28:25.645 [error] Error while getting the latest version for the extension currybab.hybrid-line-numbers. Cannot read properties of undefined (reading 'replace')
2025-03-05 09:28:25.645 [error] Error while getting the latest version for the extension esbenp.prettier-vscode. Cannot read properties of undefined (reading 'replace')
2025-03-05 09:28:25.646 [error] Error while getting the latest version for the extension formulahendry.code-runner. Cannot read properties of undefined (reading 'replace')
2025-03-05 09:28:25.646 [error] Error while getting the latest version for the extension github.vscode-pull-request-github. Cannot read properties of undefined (reading 'replace')
2025-03-05 09:28:25.647 [error] Error while getting the latest version for the extension llvm-vs-code-extensions.vscode-clangd. Cannot read properties of undefined (reading 'replace')
2025-03-05 09:28:25.647 [error] Error while getting the latest version for the extension ms-python.debugpy. Cannot read properties of undefined (reading 'replace')
2025-03-05 09:28:25.648 [error] Error while getting the latest version for the extension ms-python.python. Cannot read properties of undefined (reading 'replace')
2025-03-05 09:28:25.648 [error] Error while getting the latest version for the extension ms-vscode.live-server. Cannot read properties of undefined (reading 'replace')
2025-03-05 09:28:25.648 [error] Error while getting the latest version for the extension pkief.material-icon-theme. Cannot read properties of undefined (reading 'replace')
2025-03-05 09:28:25.649 [error] Error while getting the latest version for the extension streetsidesoftware.code-spell-checker. Cannot read properties of undefined (reading 'replace')
2025-03-05 09:28:25.939 [error] Extension 'ms-python.debugpy CANNOT USE these API proposals 'portsAttributes, debugVisualization, contribViewsWelcome'. You MUST start in extension development mode or use the --enable-proposed-api command line flag
2025-03-05 09:28:25.963 [error] [GitHub.vscode-pull-request-github]: commentsView/commentThread/context is a proposed menu identifier. It requires 'package.json#enabledApiProposals: ["contribCommentsViewThreadMenus"]' and is only available when running out of dev or with the following command line switch: --enable-proposed-api GitHub.vscode-pull-request-github
2025-03-05 09:28:25.964 [error] [GitHub.vscode-pull-request-github]: editor/content is a proposed menu identifier. It requires 'package.json#enabledApiProposals: ["contribEditorContentMenu"]' and is only available when running out of dev or with the following command line switch: --enable-proposed-api GitHub.vscode-pull-request-github
2025-03-05 09:28:25.964 [error] [GitHub.vscode-pull-request-github]: comments/comment/editorActions is a proposed menu identifier. It requires 'package.json#enabledApiProposals: ["contribCommentEditorActionsMenu"]' and is only available when running out of dev or with the following command line switch: --enable-proposed-api GitHub.vscode-pull-request-github
2025-03-05 09:28:25.965 [error] [GitHub.vscode-pull-request-github]: comments/commentThread/additionalActions is a proposed menu identifier. It requires 'package.json#enabledApiProposals: ["contribCommentThreadAdditionalMenu"]' and is only available when running out of dev or with the following command line switch: --enable-proposed-api GitHub.vscode-pull-request-github
2025-03-05 09:28:25.965 [error] [GitHub.vscode-pull-request-github]: comments/commentThread/title/context is a proposed menu identifier. It requires 'package.json#enabledApiProposals: ["contribCommentPeekContext"]' and is only available when running out of dev or with the following command line switch: --enable-proposed-api GitHub.vscode-pull-request-github
2025-03-05 09:28:25.965 [error] [GitHub.vscode-pull-request-github]: comments/commentThread/comment/context is a proposed menu identifier. It requires 'package.json#enabledApiProposals: ["contribCommentPeekContext"]' and is only available when running out of dev or with the following command line switch: --enable-proposed-api GitHub.vscode-pull-request-github
2025-03-05 09:28:25.966 [error] [GitHub.vscode-pull-request-github]: editor/context/share is a proposed menu identifier. It requires 'package.json#enabledApiProposals: ["contribShareMenu"]' and is only available when running out of dev or with the following command line switch: --enable-proposed-api GitHub.vscode-pull-request-github
2025-03-05 09:28:25.966 [error] [GitHub.vscode-pull-request-github]: file/share is a proposed menu identifier. It requires 'package.json#enabledApiProposals: ["contribShareMenu"]' and is only available when running out of dev or with the following command line switch: --enable-proposed-api GitHub.vscode-pull-request-github
2025-03-05 09:28:25.967 [error] [GitHub.vscode-pull-request-github]: editor/title/context/share is a proposed menu identifier. It requires 'package.json#enabledApiProposals: ["contribShareMenu"]' and is only available when running out of dev or with the following command line switch: --enable-proposed-api GitHub.vscode-pull-request-github
2025-03-05 09:28:25.967 [error] [GitHub.vscode-pull-request-github]: explorer/context/share is a proposed menu identifier. It requires 'package.json#enabledApiProposals: ["contribShareMenu"]' and is only available when running out of dev or with the following command line switch: --enable-proposed-api GitHub.vscode-pull-request-github
2025-03-05 09:28:25.968 [error] [ms-python.python]: editor/content is a proposed menu identifier. It requires 'package.json#enabledApiProposals: ["contribEditorContentMenu"]' and is only available when running out of dev or with the following command line switch: --enable-proposed-api ms-python.python
2025-03-05 09:28:26.117 [info] [perf] Render performance baseline is 30ms
2025-03-05 09:28:35.721 [info] Started local extension host with pid 4674.
2025-03-05 09:28:36.127 [error] Extension 'GitHub.vscode-pull-request-github CANNOT USE these API proposals 'activeComment, codiconDecoration, codeActionRanges, commentingRangeHint, commentReactor, commentReveal, commentThreadApplicability, contribAccessibilityHelpContent, contribCommentEditorActionsMenu, contribCommentPeekContext, contribCommentThreadAdditionalMenu, contribCommentsViewThreadMenus, contribEditorContentMenu, contribShareMenu, diffCommand, quickDiffProvider, shareProvider, tokenInformation, treeViewMarkdownMessage'. You MUST start in extension development mode or use the --enable-proposed-api command line flag
2025-03-05 09:28:36.127 [error] Extension 'ms-python.debugpy CANNOT USE these API proposals 'portsAttributes, debugVisualization, contribViewsWelcome'. You MUST start in extension development mode or use the --enable-proposed-api command line flag
2025-03-05 09:28:36.128 [error] Extension 'ms-python.python CANNOT USE these API proposals 'contribEditorContentMenu, quickPickSortByLabel, testObserver, quickPickItemTooltip, terminalDataWriteEvent, terminalExecuteCommandEvent, codeActionAI, notebookReplDocument, notebookVariableProvider'. You MUST start in extension development mode or use the --enable-proposed-api command line flag
2025-03-05 09:28:36.146 [error] [GitHub.vscode-pull-request-github]: commentsView/commentThread/context is a proposed menu identifier. It requires 'package.json#enabledApiProposals: ["contribCommentsViewThreadMenus"]' and is only available when running out of dev or with the following command line switch: --enable-proposed-api GitHub.vscode-pull-request-github
2025-03-05 09:28:36.146 [error] [GitHub.vscode-pull-request-github]: editor/content is a proposed menu identifier. It requires 'package.json#enabledApiProposals: ["contribEditorContentMenu"]' and is only available when running out of dev or with the following command line switch: --enable-proposed-api GitHub.vscode-pull-request-github
2025-03-05 09:28:36.147 [error] [GitHub.vscode-pull-request-github]: comments/comment/editorActions is a proposed menu identifier. It requires 'package.json#enabledApiProposals: ["contribCommentEditorActionsMenu"]' and is only available when running out of dev or with the following command line switch: --enable-proposed-api GitHub.vscode-pull-request-github
2025-03-05 09:28:36.147 [error] [GitHub.vscode-pull-request-github]: comments/commentThread/additionalActions is a proposed menu identifier. It requires 'package.json#enabledApiProposals: ["contribCommentThreadAdditionalMenu"]' and is only available when running out of dev or with the following command line switch: --enable-proposed-api GitHub.vscode-pull-request-github
2025-03-05 09:28:36.148 [error] [GitHub.vscode-pull-request-github]: comments/commentThread/title/context is a proposed menu identifier. It requires 'package.json#enabledApiProposals: ["contribCommentPeekContext"]' and is only available when running out of dev or with the following command line switch: --enable-proposed-api GitHub.vscode-pull-request-github
2025-03-05 09:28:36.148 [error] [GitHub.vscode-pull-request-github]: comments/commentThread/comment/context is a proposed menu identifier. It requires 'package.json#enabledApiProposals: ["contribCommentPeekContext"]' and is only available when running out of dev or with the following command line switch: --enable-proposed-api GitHub.vscode-pull-request-github
2025-03-05 09:28:36.149 [error] [GitHub.vscode-pull-request-github]: editor/context/share is a proposed menu identifier. It requires 'package.json#enabledApiProposals: ["contribShareMenu"]' and is only available when running out of dev or with the following command line switch: --enable-proposed-api GitHub.vscode-pull-request-github
2025-03-05 09:28:36.149 [error] [GitHub.vscode-pull-request-github]: file/share is a proposed menu identifier. It requires 'package.json#enabledApiProposals: ["contribShareMenu"]' and is only available when running out of dev or with the following command line switch: --enable-proposed-api GitHub.vscode-pull-request-github
2025-03-05 09:28:36.149 [error] [GitHub.vscode-pull-request-github]: editor/title/context/share is a proposed menu identifier. It requires 'package.json#enabledApiProposals: ["contribShareMenu"]' and is only available when running out of dev or with the following command line switch: --enable-proposed-api GitHub.vscode-pull-request-github
2025-03-05 09:28:36.150 [error] [GitHub.vscode-pull-request-github]: explorer/context/share is a proposed menu identifier. It requires 'package.json#enabledApiProposals: ["contribShareMenu"]' and is only available when running out of dev or with the following command line switch: --enable-proposed-api GitHub.vscode-pull-request-github
2025-03-05 09:28:36.151 [error] [ms-python.python]: editor/content is a proposed menu identifier. It requires 'package.json#enabledApiProposals: ["contribEditorContentMenu"]' and is only available when running out of dev or with the following command line switch: --enable-proposed-api ms-python.python
2025-03-05 09:28:38.093 [error] Error while getting the latest version for the extension auiworks.amvim. Cannot read properties of undefined (reading 'replace')
2025-03-05 09:28:38.094 [error] Error while getting the latest version for the extension catppuccin.catppuccin-vsc. Cannot read properties of undefined (reading 'replace')
2025-03-05 09:28:38.095 [error] Error while getting the latest version for the extension catppuccin.catppuccin-vsc-icons. Cannot read properties of undefined (reading 'replace')
2025-03-05 09:28:38.096 [error] Error while getting the latest version for the extension currybab.hybrid-line-numbers. Cannot read properties of undefined (reading 'replace')
2025-03-05 09:28:38.097 [error] Error while getting the latest version for the extension esbenp.prettier-vscode. Cannot read properties of undefined (reading 'replace')
2025-03-05 09:28:38.098 [error] Error while getting the latest version for the extension formulahendry.code-runner. Cannot read properties of undefined (reading 'replace')
2025-03-05 09:28:38.098 [error] Error while getting the latest version for the extension github.vscode-pull-request-github. Cannot read properties of undefined (reading 'replace')
2025-03-05 09:28:38.100 [error] Error while getting the latest version for the extension llvm-vs-code-extensions.vscode-clangd. Cannot read properties of undefined (reading 'replace')
2025-03-05 09:28:38.100 [error] Error while getting the latest version for the extension ms-python.debugpy. Cannot read properties of undefined (reading 'replace')
2025-03-05 09:28:38.101 [error] Error while getting the latest version for the extension ms-python.python. Cannot read properties of undefined (reading 'replace')
2025-03-05 09:28:38.101 [error] Error while getting the latest version for the extension ms-vscode.live-server. Cannot read properties of undefined (reading 'replace')
2025-03-05 09:28:38.101 [error] Error while getting the latest version for the extension pkief.material-icon-theme. Cannot read properties of undefined (reading 'replace')
2025-03-05 09:28:38.102 [error] Error while getting the latest version for the extension streetsidesoftware.code-spell-checker. Cannot read properties of undefined (reading 'replace')
2025-03-05 09:28:39.019 [info] [perf] Render performance baseline is 45ms
2025-03-05 09:28:57.697 [warning] [File Watcher (node.js)] Watcher shutdown because watched path got deleted
2025-03-05 09:28:57.735 [info] Started local extension host with pid 4796.
2025-03-05 09:29:05.310 [info] Started local extension host with pid 4853.
2025-03-05 09:29:16.636 [error] [File Watcher (node.js)] Failed to watch /home/maguila/configs/hypr/configs.code-workspace for changes using fs.watch() (Error: ENOENT: no such file or directory, watch '/home/maguila/configs/hypr/configs.code-workspace')
2025-03-05 09:29:16.645 [info] Started local extension host with pid 4944.
2025-03-05 09:29:49.124 [info] Started local extension host with pid 5020.
2025-03-05 10:11:19.106 [error] An unknown error occurred. Please consult the log for more details.
2025-03-05 10:26:30.971 [error] cannot open webview-panel:webview-panel/webview-3a81deda-709f-49de-82c4-5c75e83b775a. Detail: Unable to resolve resource webview-panel:webview-panel/webview-3a81deda-709f-49de-82c4-5c75e83b775a
2025-03-05 10:38:21.035 [error] An unknown error occurred. Please consult the log for more details.
2025-03-05 10:42:16.972 [error] An unknown error occurred. Please consult the log for more details.
2025-03-07 10:19:49.278 [error] lock() request could not be registered.: Error: lock() request could not be registered.
2025-03-07 11:16:10.402 [warning] [File Watcher] Watcher shutdown because watched path got deleted (path: /home/maguila/configs)
2025-03-07 11:16:10.403 [error] [File Watcher (node.js)] Failed to watch /home/maguila/configs/hypr/configs.code-workspace for changes using fs.watch() (Error: ENOENT: no such file or directory, watch '/home/maguila/configs/hypr/configs.code-workspace')
2025-03-07 11:16:10.404 [error] [File Watcher (node.js)] Failed to watch /home/maguila/configs/.git/refs/remotes/origin/main for changes using fs.watch() (Error: ENOENT: no such file or directory, watch '/home/maguila/configs/.git/refs/remotes/origin/main')
2025-03-07 11:16:10.544 [error] [File Watcher (node.js)] Failed to watch /home/maguila/configs/hypr/configs.code-workspace for changes using fs.watch() (Error: ENOENT: no such file or directory, watch '/home/maguila/configs/hypr/configs.code-workspace')
2025-03-07 11:16:10.574 [error] [File Watcher (node.js)] Failed to watch /home/maguila/configs/.git/refs/remotes/origin/main for changes using fs.watch() (Error: ENOENT: no such file or directory, watch '/home/maguila/configs/.git/refs/remotes/origin/main')
2025-03-07 11:16:10.624 [info] Started local extension host with pid 26033.
2025-03-07 11:22:07.456 [error] An unknown error occurred. Please consult the log for more details.
