2025-02-28 09:26:52.363 [info] [main] Log level: Info
2025-02-28 09:26:52.363 [info] [main] Validating found git in: "git"
2025-02-28 09:26:52.363 [info] [main] Using git "2.48.1" from "git"
2025-02-28 09:26:52.363 [info] [Model][doInitialScan] Initial repository scan started
2025-02-28 09:26:52.363 [info] > git rev-parse --show-toplevel [16ms]
2025-02-28 09:26:52.363 [info] > git rev-parse --git-dir --git-common-dir [190ms]
2025-02-28 09:26:52.363 [info] [Model][openRepository] Opened repository: /home/maguila/gitRepos/Learning-JavaScript
2025-02-28 09:26:52.366 [info] > git rev-parse --show-toplevel [34ms]
2025-02-28 09:26:52.367 [info] > git config --get commit.template [52ms]
2025-02-28 09:26:52.630 [info] > git rev-parse --show-toplevel [232ms]
2025-02-28 09:26:52.631 [info] [Model][doInitialScan] Initial repository scan completed - repositories (1), closed repositories (0), parent repositories (0), unsafe repositories (0)
2025-02-28 09:26:52.659 [info] > git for-each-ref --format=%(refname)%00%(upstream:short)%00%(objectname)%00%(upstream:track)%00%(upstream:remotename)%00%(upstream:remoteref) refs/heads/main refs/remotes/main [63ms]
2025-02-28 09:26:52.709 [info] > git show --textconv :JavaScript Course/JS Files/style.css [16ms]
2025-02-28 09:26:52.735 [info] > git ls-files --stage -- /home/maguila/gitRepos/Learning-JavaScript/JavaScript Course/JS Files/style.css [28ms]
2025-02-28 09:26:52.796 [info] > git hash-object -t tree /dev/null [76ms]
2025-02-28 09:26:52.797 [warning] [GitFileSystemProvider][readFile] File not found - git:/home/maguila/gitRepos/Learning-JavaScript/JavaScript%20Course/JS%20Files/style.css.git?%7B%22path%22%3A%22%2Fhome%2Fmaguila%2FgitRepos%2FLearning-JavaScript%2FJavaScript%20Course%2FJS%20Files%2Fstyle.css%22%2C%22ref%22%3A%22%22%7D
2025-02-28 09:26:52.803 [info] > git status -z -uall [24ms]
2025-02-28 09:26:52.805 [info] > git for-each-ref --sort -committerdate --format %(refname) %(objectname) %(*objectname) [11ms]
2025-02-28 09:26:52.847 [info] > git hash-object -t tree /dev/null [100ms]
2025-02-28 09:26:52.847 [warning] [GitFileSystemProvider][stat] File not found - git:/home/maguila/gitRepos/Learning-JavaScript/JavaScript%20Course/JS%20Files/style.css.git?%7B%22path%22%3A%22%2Fhome%2Fmaguila%2FgitRepos%2FLearning-JavaScript%2FJavaScript%20Course%2FJS%20Files%2Fstyle.css%22%2C%22ref%22%3A%22%22%7D
2025-02-28 09:26:52.869 [info] > git for-each-ref --format=%(refname)%00%(upstream:short)%00%(objectname)%00%(upstream:track)%00%(upstream:remotename)%00%(upstream:remoteref) refs/heads/main refs/remotes/main [28ms]
2025-02-28 09:26:52.908 [info] > git check-ignore -v -z --stdin [7ms]
2025-02-28 09:26:52.911 [info] > git config --get --local branch.main.vscode-merge-base [24ms]
2025-02-28 09:26:52.924 [info] > git config --get commit.template [56ms]
2025-02-28 09:26:52.930 [info] > git for-each-ref --format=%(refname)%00%(upstream:short)%00%(objectname)%00%(upstream:track)%00%(upstream:remotename)%00%(upstream:remoteref) refs/heads/origin/main refs/remotes/origin/main [7ms]
2025-02-28 09:26:52.961 [info] > git merge-base refs/heads/main refs/remotes/origin/main [16ms]
2025-02-28 09:26:52.977 [info] > git for-each-ref --format=%(refname)%00%(upstream:short)%00%(objectname)%00%(upstream:track)%00%(upstream:remotename)%00%(upstream:remoteref) refs/heads/main refs/remotes/main [19ms]
2025-02-28 09:26:52.978 [info] > git diff --name-status -z --diff-filter=ADMR 398c432d93eadcb9064658f837d1da9229831cbb...refs/remotes/origin/main [5ms]
2025-02-28 09:26:53.053 [info] > git status -z -uall [14ms]
2025-02-28 09:26:53.054 [info] > git blame --root --incremental 398c432d93eadcb9064658f837d1da9229831cbb -- /home/maguila/gitRepos/Learning-JavaScript/JavaScript Course/JS Files/style.css [59ms]
2025-02-28 09:26:53.054 [info] fatal: no such path JavaScript Course/JS Files/style.css in 398c432d93eadcb9064658f837d1da9229831cbb
2025-02-28 09:26:53.066 [info] > git for-each-ref --sort -committerdate --format %(refname) %(objectname) %(*objectname) [14ms]
2025-02-28 09:26:53.116 [info] > git config --get --local branch.main.github-pr-owner-number [25ms]
2025-02-28 09:26:53.116 [warning] [Git][config] git config failed: Failed to execute git
2025-02-28 09:27:08.489 [info] > git show --textconv :JavaScript Course/JS Files/index.html [19ms]
2025-02-28 09:27:08.489 [info] > git ls-files --stage -- /home/maguila/gitRepos/Learning-JavaScript/JavaScript Course/JS Files/index.html [3ms]
2025-02-28 09:27:08.510 [info] > git cat-file -s bd7ac0001d7cfd3ce7da2e4d21880c35a20dc574 [3ms]
2025-02-28 09:27:08.579 [info] > git blame --root --incremental 398c432d93eadcb9064658f837d1da9229831cbb -- /home/maguila/gitRepos/Learning-JavaScript/JavaScript Course/JS Files/index.html [10ms]
2025-02-28 09:27:56.398 [info] > git config --get commit.template [16ms]
2025-02-28 09:27:56.398 [info] > git for-each-ref --format=%(refname)%00%(upstream:short)%00%(objectname)%00%(upstream:track)%00%(upstream:remotename)%00%(upstream:remoteref) refs/heads/main refs/remotes/main [2ms]
2025-02-28 09:27:56.423 [info] > git status -z -uall [13ms]
2025-02-28 09:27:56.425 [info] > git for-each-ref --sort -committerdate --format %(refname) %(objectname) %(*objectname) [3ms]
2025-02-28 09:28:00.516 [info] > git check-ignore -v -z --stdin [2ms]
2025-02-28 09:30:08.871 [info] > git config --get commit.template [18ms]
2025-02-28 09:30:08.873 [info] > git for-each-ref --format=%(refname)%00%(upstream:short)%00%(objectname)%00%(upstream:track)%00%(upstream:remotename)%00%(upstream:remoteref) refs/heads/main refs/remotes/main [3ms]
2025-02-28 09:30:08.909 [info] > git status -z -uall [17ms]
2025-02-28 09:30:08.911 [info] > git for-each-ref --sort -committerdate --format %(refname) %(objectname) %(*objectname) [3ms]
2025-02-28 09:30:13.949 [info] > git config --get commit.template [14ms]
2025-02-28 09:30:13.950 [info] > git for-each-ref --format=%(refname)%00%(upstream:short)%00%(objectname)%00%(upstream:track)%00%(upstream:remotename)%00%(upstream:remoteref) refs/heads/main refs/remotes/main [2ms]
2025-02-28 09:30:13.981 [info] > git status -z -uall [16ms]
2025-02-28 09:30:13.984 [info] > git for-each-ref --sort -committerdate --format %(refname) %(objectname) %(*objectname) [4ms]
2025-02-28 09:30:17.785 [info] > git check-ignore -v -z --stdin [2ms]
2025-02-28 09:30:18.658 [info] > git show --textconv :JavaScript Course/Notes/01_Basics.md [19ms]
2025-02-28 09:30:18.665 [info] > git ls-files --stage -- /home/maguila/gitRepos/Learning-JavaScript/JavaScript Course/Notes/01_Basics.md [7ms]
2025-02-28 09:30:18.687 [info] > git cat-file -s 12c7e403ca106285b18a3b6b43aa82e7186632e0 [4ms]
2025-02-28 09:30:22.733 [info] > git blame --root --incremental 398c432d93eadcb9064658f837d1da9229831cbb -- /home/maguila/gitRepos/Learning-JavaScript/JavaScript Course/Notes/01_Basics.md [5ms]
2025-02-28 09:42:23.450 [info] > git config --get commit.template [18ms]
2025-02-28 09:42:23.451 [info] > git for-each-ref --format=%(refname)%00%(upstream:short)%00%(objectname)%00%(upstream:track)%00%(upstream:remotename)%00%(upstream:remoteref) refs/heads/main refs/remotes/main [3ms]
2025-02-28 09:42:23.482 [info] > git status -z -uall [15ms]
2025-02-28 09:42:23.484 [info] > git for-each-ref --sort -committerdate --format %(refname) %(objectname) %(*objectname) [3ms]
2025-02-28 09:46:26.695 [info] [main] Log level: Info
2025-02-28 09:46:26.695 [info] [main] Validating found git in: "git"
2025-02-28 09:46:26.695 [info] [main] Using git "2.48.1" from "git"
2025-02-28 09:46:26.695 [info] [Model][doInitialScan] Initial repository scan started
2025-02-28 09:46:26.695 [info] > git rev-parse --show-toplevel [11ms]
2025-02-28 09:46:26.707 [info] > git rev-parse --git-dir --git-common-dir [3ms]
2025-02-28 09:46:26.726 [info] [Model][openRepository] Opened repository: /home/maguila/gitRepos/Learning-JavaScript
2025-02-28 09:46:26.806 [info] > git config --get commit.template [61ms]
2025-02-28 09:46:26.810 [info] > git rev-parse --show-toplevel [51ms]
2025-02-28 09:46:26.843 [info] > git rev-parse --show-toplevel [8ms]
2025-02-28 09:46:26.844 [info] [Model][doInitialScan] Initial repository scan completed - repositories (1), closed repositories (0), parent repositories (0), unsafe repositories (0)
2025-02-28 09:46:26.858 [info] > git for-each-ref --format=%(refname)%00%(upstream:short)%00%(objectname)%00%(upstream:track)%00%(upstream:remotename)%00%(upstream:remoteref) refs/heads/main refs/remotes/main [34ms]
2025-02-28 09:46:26.861 [info] > git ls-files --stage -- /home/maguila/gitRepos/Learning-JavaScript/JavaScript Course/Notes/01_Basics.md [3ms]
2025-02-28 09:46:26.972 [info] > git cat-file -s 12c7e403ca106285b18a3b6b43aa82e7186632e0 [94ms]
2025-02-28 09:46:27.123 [info] > git show --textconv :JavaScript Course/Notes/01_Basics.md [58ms]
2025-02-28 09:46:27.123 [info] > git status -z -uall [28ms]
2025-02-28 09:46:27.203 [info] > git for-each-ref --sort -committerdate --format %(refname) %(objectname) %(*objectname) [93ms]
2025-02-28 09:46:27.660 [info] > git for-each-ref --format=%(refname)%00%(upstream:short)%00%(objectname)%00%(upstream:track)%00%(upstream:remotename)%00%(upstream:remoteref) refs/heads/main refs/remotes/main [424ms]
2025-02-28 09:46:27.798 [info] > git check-ignore -v -z --stdin [113ms]
2025-02-28 09:46:27.799 [info] > git config --get --local branch.main.vscode-merge-base [127ms]
2025-02-28 09:46:27.811 [info] > git config --get commit.template [154ms]
2025-02-28 09:46:27.984 [info] > git for-each-ref --format=%(refname)%00%(upstream:short)%00%(objectname)%00%(upstream:track)%00%(upstream:remotename)%00%(upstream:remoteref) refs/heads/origin/main refs/remotes/origin/main [174ms]
2025-02-28 09:46:28.028 [info] > git merge-base refs/heads/main refs/remotes/origin/main [31ms]
2025-02-28 09:46:28.045 [info] > git diff --name-status -z --diff-filter=ADMR 398c432d93eadcb9064658f837d1da9229831cbb...refs/remotes/origin/main [4ms]
2025-02-28 09:46:28.047 [info] > git for-each-ref --format=%(refname)%00%(upstream:short)%00%(objectname)%00%(upstream:track)%00%(upstream:remotename)%00%(upstream:remoteref) refs/heads/main refs/remotes/main [22ms]
2025-02-28 09:46:28.068 [info] > git blame --root --incremental 398c432d93eadcb9064658f837d1da9229831cbb -- /home/maguila/gitRepos/Learning-JavaScript/JavaScript Course/Notes/01_Basics.md [4ms]
2025-02-28 09:46:28.101 [info] > git status -z -uall [18ms]
2025-02-28 09:46:28.103 [info] > git for-each-ref --sort -committerdate --format %(refname) %(objectname) %(*objectname) [7ms]
2025-02-28 09:46:28.178 [info] > git config --get --local branch.main.github-pr-owner-number [1ms]
2025-02-28 09:46:28.179 [warning] [Git][config] git config failed: Failed to execute git
2025-02-28 09:47:55.909 [info] > git check-ignore -v -z --stdin [3ms]
2025-02-28 09:49:41.744 [info] > git show --textconv :JavaScript Course/Notes/01_Basics.md [15ms]
2025-02-28 09:49:41.746 [info] > git ls-files --stage -- /home/maguila/gitRepos/Learning-JavaScript/JavaScript Course/Notes/01_Basics.md [3ms]
2025-02-28 09:49:41.757 [info] > git cat-file -s 12c7e403ca106285b18a3b6b43aa82e7186632e0 [2ms]
2025-02-28 09:49:55.225 [info] > git config --get commit.template [20ms]
2025-02-28 09:49:55.226 [info] > git for-each-ref --format=%(refname)%00%(upstream:short)%00%(objectname)%00%(upstream:track)%00%(upstream:remotename)%00%(upstream:remoteref) refs/heads/main refs/remotes/main [3ms]
2025-02-28 09:49:55.260 [info] > git status -z -uall [18ms]
2025-02-28 09:49:55.262 [info] > git for-each-ref --sort -committerdate --format %(refname) %(objectname) %(*objectname) [3ms]
2025-02-28 09:49:56.468 [info] > git show --textconv :JavaScript Course/JS Files/index.html [28ms]
2025-02-28 09:49:56.471 [info] > git ls-files --stage -- /home/maguila/gitRepos/Learning-JavaScript/JavaScript Course/JS Files/index.html [3ms]
2025-02-28 09:49:56.487 [info] > git cat-file -s bd7ac0001d7cfd3ce7da2e4d21880c35a20dc574 [3ms]
2025-02-28 09:50:00.644 [info] > git blame --root --incremental 398c432d93eadcb9064658f837d1da9229831cbb -- /home/maguila/gitRepos/Learning-JavaScript/JavaScript Course/JS Files/index.html [5ms]
2025-02-28 09:50:13.025 [info] > git config --get commit.template [17ms]
2025-02-28 09:50:13.027 [info] > git for-each-ref --format=%(refname)%00%(upstream:short)%00%(objectname)%00%(upstream:track)%00%(upstream:remotename)%00%(upstream:remoteref) refs/heads/main refs/remotes/main [3ms]
2025-02-28 09:50:13.061 [info] > git status -z -uall [18ms]
2025-02-28 09:50:13.062 [info] > git for-each-ref --sort -committerdate --format %(refname) %(objectname) %(*objectname) [3ms]
2025-02-28 09:54:23.796 [info] > git check-ignore -v -z --stdin [2ms]
2025-02-28 09:54:35.353 [info] > git check-ignore -v -z --stdin [3ms]
2025-02-28 09:54:35.922 [info] > git config --get commit.template [18ms]
2025-02-28 09:54:35.923 [info] > git for-each-ref --format=%(refname)%00%(upstream:short)%00%(objectname)%00%(upstream:track)%00%(upstream:remotename)%00%(upstream:remoteref) refs/heads/main refs/remotes/main [2ms]
2025-02-28 09:54:35.956 [info] > git status -z -uall [17ms]
2025-02-28 09:54:35.958 [info] > git for-each-ref --sort -committerdate --format %(refname) %(objectname) %(*objectname) [3ms]
2025-02-28 09:54:43.415 [info] > git show --textconv :JavaScript Course/JS Files/01_Basics/basics.html [21ms]
2025-02-28 09:54:43.437 [info] > git ls-files --stage -- /home/maguila/gitRepos/Learning-JavaScript/JavaScript Course/JS Files/01_Basics/basics.html [22ms]
2025-02-28 09:54:43.453 [info] > git hash-object -t tree /dev/null [17ms]
2025-02-28 09:54:43.453 [warning] [GitFileSystemProvider][readFile] File not found - git:/home/maguila/gitRepos/Learning-JavaScript/JavaScript%20Course/JS%20Files/01_Basics/basics.html.git?%7B%22path%22%3A%22%2Fhome%2Fmaguila%2FgitRepos%2FLearning-JavaScript%2FJavaScript%20Course%2FJS%20Files%2F01_Basics%2Fbasics.html%22%2C%22ref%22%3A%22%22%7D
2025-02-28 09:54:43.457 [info] > git hash-object -t tree /dev/null [6ms]
2025-02-28 09:54:43.457 [warning] [GitFileSystemProvider][stat] File not found - git:/home/maguila/gitRepos/Learning-JavaScript/JavaScript%20Course/JS%20Files/01_Basics/basics.html.git?%7B%22path%22%3A%22%2Fhome%2Fmaguila%2FgitRepos%2FLearning-JavaScript%2FJavaScript%20Course%2FJS%20Files%2F01_Basics%2Fbasics.html%22%2C%22ref%22%3A%22%22%7D
2025-02-28 09:54:43.656 [info] > git check-ignore -v -z --stdin [3ms]
2025-02-28 09:54:44.254 [info] > git config --get commit.template [19ms]
2025-02-28 09:54:44.255 [info] > git for-each-ref --format=%(refname)%00%(upstream:short)%00%(objectname)%00%(upstream:track)%00%(upstream:remotename)%00%(upstream:remoteref) refs/heads/main refs/remotes/main [3ms]
2025-02-28 09:54:44.290 [info] > git status -z -uall [15ms]
2025-02-28 09:54:44.291 [info] > git for-each-ref --sort -committerdate --format %(refname) %(objectname) %(*objectname) [2ms]
2025-02-28 09:54:48.200 [info] > git show --textconv :JavaScript Course/JS Files/01_Basics/basics.js [17ms]
2025-02-28 09:54:48.201 [warning] [GitFileSystemProvider][readFile] File not found - git:/home/maguila/gitRepos/Learning-JavaScript/JavaScript%20Course/JS%20Files/01_Basics/basics.js.git?%7B%22path%22%3A%22%2Fhome%2Fmaguila%2FgitRepos%2FLearning-JavaScript%2FJavaScript%20Course%2FJS%20Files%2F01_Basics%2Fbasics.js%22%2C%22ref%22%3A%22%22%7D
2025-02-28 09:54:48.202 [info] > git ls-files --stage -- /home/maguila/gitRepos/Learning-JavaScript/JavaScript Course/JS Files/01_Basics/basics.js [3ms]
2025-02-28 09:54:48.203 [warning] [GitFileSystemProvider][stat] File not found - git:/home/maguila/gitRepos/Learning-JavaScript/JavaScript%20Course/JS%20Files/01_Basics/basics.js.git?%7B%22path%22%3A%22%2Fhome%2Fmaguila%2FgitRepos%2FLearning-JavaScript%2FJavaScript%20Course%2FJS%20Files%2F01_Basics%2Fbasics.js%22%2C%22ref%22%3A%22%22%7D
2025-02-28 09:54:48.304 [info] > git check-ignore -v -z --stdin [2ms]
2025-02-28 09:54:49.344 [info] > git config --get commit.template [22ms]
2025-02-28 09:54:49.349 [info] > git for-each-ref --format=%(refname)%00%(upstream:short)%00%(objectname)%00%(upstream:track)%00%(upstream:remotename)%00%(upstream:remoteref) refs/heads/main refs/remotes/main [7ms]
2025-02-28 09:54:49.386 [info] > git status -z -uall [16ms]
2025-02-28 09:54:49.388 [info] > git for-each-ref --sort -committerdate --format %(refname) %(objectname) %(*objectname) [3ms]
2025-02-28 09:55:29.852 [info] > git show --textconv :JavaScript Course/JS Files/index.html [15ms]
2025-02-28 09:55:29.855 [info] > git ls-files --stage -- /home/maguila/gitRepos/Learning-JavaScript/JavaScript Course/JS Files/index.html [4ms]
2025-02-28 09:55:29.870 [info] > git cat-file -s bd7ac0001d7cfd3ce7da2e4d21880c35a20dc574 [2ms]
2025-02-28 09:55:32.517 [info] > git config --get commit.template [17ms]
2025-02-28 09:55:32.519 [info] > git for-each-ref --format=%(refname)%00%(upstream:short)%00%(objectname)%00%(upstream:track)%00%(upstream:remotename)%00%(upstream:remoteref) refs/heads/main refs/remotes/main [3ms]
2025-02-28 09:55:32.553 [info] > git status -z -uall [18ms]
2025-02-28 09:55:32.554 [info] > git for-each-ref --sort -committerdate --format %(refname) %(objectname) %(*objectname) [3ms]
2025-02-28 09:55:37.596 [info] > git show --textconv :JavaScript Course/Notes/01_Basics.md [21ms]
2025-02-28 09:55:37.598 [info] > git ls-files --stage -- /home/maguila/gitRepos/Learning-JavaScript/JavaScript Course/Notes/01_Basics.md [3ms]
2025-02-28 09:55:37.618 [info] > git cat-file -s 12c7e403ca106285b18a3b6b43aa82e7186632e0 [2ms]
2025-02-28 09:57:38.014 [info] > git config --get commit.template [17ms]
2025-02-28 09:57:38.017 [info] > git for-each-ref --format=%(refname)%00%(upstream:short)%00%(objectname)%00%(upstream:track)%00%(upstream:remotename)%00%(upstream:remoteref) refs/heads/main refs/remotes/main [3ms]
2025-02-28 09:57:38.046 [info] > git status -z -uall [16ms]
2025-02-28 09:57:38.049 [info] > git for-each-ref --sort -committerdate --format %(refname) %(objectname) %(*objectname) [4ms]
