2025-03-07 11:35:29.792 [info] Reading sessions from keychain...
2025-03-07 11:35:29.792 [info] Getting sessions for all scopes...
2025-03-07 11:35:29.792 [info] Getting sessions for all scopes...
2025-03-07 11:35:29.792 [info] Got stored sessions!
2025-03-07 11:35:29.792 [info] Got 1 verified sessions.
2025-03-07 11:35:29.792 [info] Got 1 sessions for ...
2025-03-07 11:35:29.792 [info] Got 1 sessions for ...
2025-03-07 11:35:29.792 [info] Getting sessions for all scopes...
2025-03-07 11:35:29.792 [info] Got 1 sessions for ...
2025-03-07 11:35:29.805 [info] Getting sessions for project,read:org,read:user,repo,user:email,workflow...
2025-03-07 11:35:29.805 [info] Got 0 sessions for project,read:org,read:user,repo,user:email,workflow...
2025-03-07 11:35:30.070 [info] Getting sessions for read:user,repo,user:email,workflow...
2025-03-07 11:35:30.071 [info] Got 1 sessions for read:user,repo,user:email,workflow...
2025-03-07 11:35:30.105 [info] Getting sessions for read:user,repo,user:email...
2025-03-07 11:35:30.105 [info] Got 0 sessions for read:user,repo,user:email...
2025-03-07 11:35:30.110 [info] Getting sessions for read:user,repo,user:email,workflow...
2025-03-07 11:35:30.110 [info] Got 1 sessions for read:user,repo,user:email,workflow...
2025-03-07 11:35:56.677 [info] Reading sessions from keychain...
2025-03-07 11:35:56.677 [info] Getting sessions for all scopes...
2025-03-07 11:35:56.677 [info] Getting sessions for all scopes...
2025-03-07 11:35:56.678 [info] Got stored sessions!
2025-03-07 11:35:56.678 [info] Got 1 verified sessions.
2025-03-07 11:35:56.678 [info] Got 1 sessions for ...
2025-03-07 11:35:56.678 [info] Got 1 sessions for ...
2025-03-07 11:35:56.679 [info] Getting sessions for project,read:org,read:user,repo,user:email,workflow...
2025-03-07 11:35:56.680 [info] Got 0 sessions for project,read:org,read:user,repo,user:email,workflow...
2025-03-07 11:35:56.688 [info] Getting sessions for read:user,repo,user:email,workflow...
2025-03-07 11:35:56.688 [info] Got 1 sessions for read:user,repo,user:email,workflow...
2025-03-07 11:35:56.692 [info] Getting sessions for read:user,repo,user:email...
2025-03-07 11:35:56.692 [info] Got 0 sessions for read:user,repo,user:email...
2025-03-07 11:35:56.694 [info] Getting sessions for read:user,repo,user:email,workflow...
2025-03-07 11:35:56.694 [info] Got 1 sessions for read:user,repo,user:email,workflow...
2025-03-07 11:35:57.307 [info] Getting sessions for all scopes...
2025-03-07 11:35:57.307 [info] Got 1 sessions for ...
2025-03-07 11:35:59.687 [info] Getting sessions for read:user,repo,user:email,workflow...
2025-03-07 11:35:59.687 [info] Got 1 sessions for read:user,repo,user:email,workflow...
2025-03-07 11:36:00.347 [info] Getting sessions for read:user,repo,user:email,workflow...
2025-03-07 11:36:00.347 [info] Got 1 sessions for read:user,repo,user:email,workflow...
