2025-03-03 10:00:16.176 [info] Started local extension host with pid 1669.
2025-03-03 10:00:16.529 [error] Extension 'GitHub.vscode-pull-request-github CANNOT USE these API proposals 'activeComment, codiconDecoration, codeActionRanges, commentingRangeHint, commentReactor, commentReveal, commentThreadApplicability, contribAccessibilityHelpContent, contribCommentEditorActionsMenu, contribCommentPeekContext, contribCommentThreadAdditionalMenu, contribCommentsViewThreadMenus, contribEditorContentMenu, contribShareMenu, diffCommand, quickDiffProvider, shareProvider, tokenInformation, treeViewMarkdownMessage'. You MUST start in extension development mode or use the --enable-proposed-api command line flag
2025-03-03 10:00:16.529 [error] Extension 'ms-python.debugpy CANNOT USE these API proposals 'portsAttributes, debugVisualization, contribViewsWelcome'. You MUST start in extension development mode or use the --enable-proposed-api command line flag
2025-03-03 10:00:16.529 [error] Extension 'ms-python.python CANNOT USE these API proposals 'contribEditorContentMenu, quickPickSortByLabel, testObserver, quickPickItemTooltip, terminalDataWriteEvent, terminalExecuteCommandEvent, codeActionAI, notebookReplDocument, notebookVariableProvider'. You MUST start in extension development mode or use the --enable-proposed-api command line flag
2025-03-03 10:00:16.568 [error] [GitHub.vscode-pull-request-github]: commentsView/commentThread/context is a proposed menu identifier. It requires 'package.json#enabledApiProposals: ["contribCommentsViewThreadMenus"]' and is only available when running out of dev or with the following command line switch: --enable-proposed-api GitHub.vscode-pull-request-github
2025-03-03 10:00:16.568 [error] [GitHub.vscode-pull-request-github]: editor/content is a proposed menu identifier. It requires 'package.json#enabledApiProposals: ["contribEditorContentMenu"]' and is only available when running out of dev or with the following command line switch: --enable-proposed-api GitHub.vscode-pull-request-github
2025-03-03 10:00:16.569 [error] [GitHub.vscode-pull-request-github]: comments/comment/editorActions is a proposed menu identifier. It requires 'package.json#enabledApiProposals: ["contribCommentEditorActionsMenu"]' and is only available when running out of dev or with the following command line switch: --enable-proposed-api GitHub.vscode-pull-request-github
2025-03-03 10:00:16.570 [error] [GitHub.vscode-pull-request-github]: comments/commentThread/additionalActions is a proposed menu identifier. It requires 'package.json#enabledApiProposals: ["contribCommentThreadAdditionalMenu"]' and is only available when running out of dev or with the following command line switch: --enable-proposed-api GitHub.vscode-pull-request-github
2025-03-03 10:00:16.570 [error] [GitHub.vscode-pull-request-github]: comments/commentThread/title/context is a proposed menu identifier. It requires 'package.json#enabledApiProposals: ["contribCommentPeekContext"]' and is only available when running out of dev or with the following command line switch: --enable-proposed-api GitHub.vscode-pull-request-github
2025-03-03 10:00:16.571 [error] [GitHub.vscode-pull-request-github]: comments/commentThread/comment/context is a proposed menu identifier. It requires 'package.json#enabledApiProposals: ["contribCommentPeekContext"]' and is only available when running out of dev or with the following command line switch: --enable-proposed-api GitHub.vscode-pull-request-github
2025-03-03 10:00:16.572 [error] [GitHub.vscode-pull-request-github]: editor/context/share is a proposed menu identifier. It requires 'package.json#enabledApiProposals: ["contribShareMenu"]' and is only available when running out of dev or with the following command line switch: --enable-proposed-api GitHub.vscode-pull-request-github
2025-03-03 10:00:16.573 [error] [GitHub.vscode-pull-request-github]: file/share is a proposed menu identifier. It requires 'package.json#enabledApiProposals: ["contribShareMenu"]' and is only available when running out of dev or with the following command line switch: --enable-proposed-api GitHub.vscode-pull-request-github
2025-03-03 10:00:16.573 [error] [GitHub.vscode-pull-request-github]: editor/title/context/share is a proposed menu identifier. It requires 'package.json#enabledApiProposals: ["contribShareMenu"]' and is only available when running out of dev or with the following command line switch: --enable-proposed-api GitHub.vscode-pull-request-github
2025-03-03 10:00:16.574 [error] [GitHub.vscode-pull-request-github]: explorer/context/share is a proposed menu identifier. It requires 'package.json#enabledApiProposals: ["contribShareMenu"]' and is only available when running out of dev or with the following command line switch: --enable-proposed-api GitHub.vscode-pull-request-github
2025-03-03 10:00:16.575 [error] [ms-python.python]: editor/content is a proposed menu identifier. It requires 'package.json#enabledApiProposals: ["contribEditorContentMenu"]' and is only available when running out of dev or with the following command line switch: --enable-proposed-api ms-python.python
2025-03-03 10:00:19.952 [error] Error while getting the latest version for the extension auiworks.amvim. Cannot read properties of undefined (reading 'replace')
2025-03-03 10:00:19.953 [error] Error while getting the latest version for the extension catppuccin.catppuccin-vsc. Cannot read properties of undefined (reading 'replace')
2025-03-03 10:00:19.954 [error] Error while getting the latest version for the extension catppuccin.catppuccin-vsc-icons. Cannot read properties of undefined (reading 'replace')
2025-03-03 10:00:19.955 [error] Error while getting the latest version for the extension currybab.hybrid-line-numbers. Cannot read properties of undefined (reading 'replace')
2025-03-03 10:00:19.955 [error] Error while getting the latest version for the extension esbenp.prettier-vscode. Cannot read properties of undefined (reading 'replace')
2025-03-03 10:00:19.956 [error] Error while getting the latest version for the extension formulahendry.code-runner. Cannot read properties of undefined (reading 'replace')
2025-03-03 10:00:19.957 [error] Error while getting the latest version for the extension github.vscode-pull-request-github. Cannot read properties of undefined (reading 'replace')
2025-03-03 10:00:19.958 [error] Error while getting the latest version for the extension llvm-vs-code-extensions.vscode-clangd. Cannot read properties of undefined (reading 'replace')
2025-03-03 10:00:19.959 [error] Error while getting the latest version for the extension ms-python.debugpy. Cannot read properties of undefined (reading 'replace')
2025-03-03 10:00:19.959 [error] Error while getting the latest version for the extension ms-python.python. Cannot read properties of undefined (reading 'replace')
2025-03-03 10:00:19.959 [error] Error while getting the latest version for the extension ms-vscode.live-server. Cannot read properties of undefined (reading 'replace')
2025-03-03 10:00:19.960 [error] Error while getting the latest version for the extension pkief.material-icon-theme. Cannot read properties of undefined (reading 'replace')
2025-03-03 10:00:19.960 [error] Error while getting the latest version for the extension streetsidesoftware.code-spell-checker. Cannot read properties of undefined (reading 'replace')
2025-03-03 10:00:20.453 [info] [perf] Render performance baseline is 36ms
